[0.178s] DEBUG:colcon:Command line arguments: ['/usr/bin/colcon', 'build']
[0.178s] DEBUG:colcon:Parsed command line arguments: Namespace(log_base=None, log_level=None, verb_name='build', build_base='build', install_base='install', merge_install=False, symlink_install=False, test_result_base=None, continue_on_error=False, executor='parallel', parallel_workers=12, event_handlers=None, ignore_user_meta=False, metas=['./colcon.meta'], base_paths=['.'], packages_ignore=None, packages_ignore_regex=None, paths=None, packages_up_to=None, packages_up_to_regex=None, packages_above=None, packages_above_and_dependencies=None, packages_above_depth=None, packages_select_by_dep=None, packages_skip_by_dep=None, packages_skip_up_to=None, packages_select_build_failed=False, packages_skip_build_finished=False, packages_select_test_failures=False, packages_skip_test_passed=False, packages_select=None, packages_skip=None, packages_select_regex=None, packages_skip_regex=None, packages_start=None, packages_end=None, allow_overriding=[], cmake_args=None, cmake_target=None, cmake_target_skip_unavailable=False, cmake_clean_cache=False, cmake_clean_first=False, cmake_force_configure=False, ament_cmake_args=None, catkin_cmake_args=None, catkin_skip_building_tests=False, mixin_files=None, mixin=None, verb_parser=<colcon_mixin.mixin.mixin_argument.MixinArgumentDecorator object at 0x7f5b7cf40e60>, verb_extension=<colcon_core.verb.build.BuildVerb object at 0x7f5b7cf40a40>, main=<bound method BuildVerb.main of <colcon_core.verb.build.BuildVerb object at 0x7f5b7cf40a40>>, mixin_verb=('build',))
[0.223s] Level 1:colcon.colcon_core.package_discovery:discover_packages(colcon_meta) check parameters
[0.223s] Level 1:colcon.colcon_core.package_discovery:discover_packages(recursive) check parameters
[0.223s] Level 1:colcon.colcon_core.package_discovery:discover_packages(ignore) check parameters
[0.223s] Level 1:colcon.colcon_core.package_discovery:discover_packages(path) check parameters
[0.223s] Level 1:colcon.colcon_core.package_discovery:discover_packages(colcon_meta) discover
[0.223s] Level 1:colcon.colcon_core.package_discovery:discover_packages(recursive) discover
[0.223s] INFO:colcon.colcon_core.package_discovery:Crawling recursively for packages in '/home/vivit/Projects/smr_tutorial'
[0.223s] Level 1:colcon.colcon_core.package_identification:_identify(.) by extensions ['ignore', 'ignore_ament_install']
[0.223s] Level 1:colcon.colcon_core.package_identification:_identify(.) by extension 'ignore'
[0.223s] Level 1:colcon.colcon_core.package_identification:_identify(.) by extension 'ignore_ament_install'
[0.223s] Level 1:colcon.colcon_core.package_identification:_identify(.) by extensions ['colcon_pkg']
[0.223s] Level 1:colcon.colcon_core.package_identification:_identify(.) by extension 'colcon_pkg'
[0.223s] Level 1:colcon.colcon_core.package_identification:_identify(.) by extensions ['colcon_meta']
[0.223s] Level 1:colcon.colcon_core.package_identification:_identify(.) by extension 'colcon_meta'
[0.223s] Level 1:colcon.colcon_core.package_identification:_identify(.) by extensions ['ros']
[0.223s] Level 1:colcon.colcon_core.package_identification:_identify(.) by extension 'ros'
[0.250s] Level 1:colcon.colcon_core.package_identification:_identify(.) by extensions ['cmake', 'python']
[0.251s] Level 1:colcon.colcon_core.package_identification:_identify(.) by extension 'cmake'
[0.251s] Level 1:colcon.colcon_core.package_identification:_identify(.) by extension 'python'
[0.251s] Level 1:colcon.colcon_core.package_identification:_identify(.) by extensions ['python_setup_py']
[0.251s] Level 1:colcon.colcon_core.package_identification:_identify(.) by extension 'python_setup_py'
[0.251s] Level 1:colcon.colcon_core.package_identification:_identify(build) by extensions ['ignore', 'ignore_ament_install']
[0.251s] Level 1:colcon.colcon_core.package_identification:_identify(build) by extension 'ignore'
[0.251s] Level 1:colcon.colcon_core.package_identification:_identify(build) ignored
[0.252s] Level 1:colcon.colcon_core.package_identification:_identify(install) by extensions ['ignore', 'ignore_ament_install']
[0.252s] Level 1:colcon.colcon_core.package_identification:_identify(install) by extension 'ignore'
[0.252s] Level 1:colcon.colcon_core.package_identification:_identify(install) ignored
[0.252s] Level 1:colcon.colcon_core.package_identification:_identify(log) by extensions ['ignore', 'ignore_ament_install']
[0.252s] Level 1:colcon.colcon_core.package_identification:_identify(log) by extension 'ignore'
[0.252s] Level 1:colcon.colcon_core.package_identification:_identify(log) ignored
[0.253s] Level 1:colcon.colcon_core.package_identification:_identify(scripts) by extensions ['ignore', 'ignore_ament_install']
[0.253s] Level 1:colcon.colcon_core.package_identification:_identify(scripts) by extension 'ignore'
[0.253s] Level 1:colcon.colcon_core.package_identification:_identify(scripts) by extension 'ignore_ament_install'
[0.253s] Level 1:colcon.colcon_core.package_identification:_identify(scripts) by extensions ['colcon_pkg']
[0.253s] Level 1:colcon.colcon_core.package_identification:_identify(scripts) by extension 'colcon_pkg'
[0.253s] Level 1:colcon.colcon_core.package_identification:_identify(scripts) by extensions ['colcon_meta']
[0.253s] Level 1:colcon.colcon_core.package_identification:_identify(scripts) by extension 'colcon_meta'
[0.253s] Level 1:colcon.colcon_core.package_identification:_identify(scripts) by extensions ['ros']
[0.253s] Level 1:colcon.colcon_core.package_identification:_identify(scripts) by extension 'ros'
[0.253s] Level 1:colcon.colcon_core.package_identification:_identify(scripts) by extensions ['cmake', 'python']
[0.253s] Level 1:colcon.colcon_core.package_identification:_identify(scripts) by extension 'cmake'
[0.253s] Level 1:colcon.colcon_core.package_identification:_identify(scripts) by extension 'python'
[0.253s] Level 1:colcon.colcon_core.package_identification:_identify(scripts) by extensions ['python_setup_py']
[0.253s] Level 1:colcon.colcon_core.package_identification:_identify(scripts) by extension 'python_setup_py'
[0.253s] Level 1:colcon.colcon_core.package_identification:_identify(src) by extensions ['ignore', 'ignore_ament_install']
[0.253s] Level 1:colcon.colcon_core.package_identification:_identify(src) by extension 'ignore'
[0.254s] Level 1:colcon.colcon_core.package_identification:_identify(src) by extension 'ignore_ament_install'
[0.254s] Level 1:colcon.colcon_core.package_identification:_identify(src) by extensions ['colcon_pkg']
[0.254s] Level 1:colcon.colcon_core.package_identification:_identify(src) by extension 'colcon_pkg'
[0.254s] Level 1:colcon.colcon_core.package_identification:_identify(src) by extensions ['colcon_meta']
[0.254s] Level 1:colcon.colcon_core.package_identification:_identify(src) by extension 'colcon_meta'
[0.254s] Level 1:colcon.colcon_core.package_identification:_identify(src) by extensions ['ros']
[0.254s] Level 1:colcon.colcon_core.package_identification:_identify(src) by extension 'ros'
[0.254s] Level 1:colcon.colcon_core.package_identification:_identify(src) by extensions ['cmake', 'python']
[0.254s] Level 1:colcon.colcon_core.package_identification:_identify(src) by extension 'cmake'
[0.254s] Level 1:colcon.colcon_core.package_identification:_identify(src) by extension 'python'
[0.254s] Level 1:colcon.colcon_core.package_identification:_identify(src) by extensions ['python_setup_py']
[0.254s] Level 1:colcon.colcon_core.package_identification:_identify(src) by extension 'python_setup_py'
[0.254s] Level 1:colcon.colcon_core.package_identification:_identify(src/hardware_interface_cpp) by extensions ['ignore', 'ignore_ament_install']
[0.254s] Level 1:colcon.colcon_core.package_identification:_identify(src/hardware_interface_cpp) by extension 'ignore'
[0.254s] Level 1:colcon.colcon_core.package_identification:_identify(src/hardware_interface_cpp) by extension 'ignore_ament_install'
[0.254s] Level 1:colcon.colcon_core.package_identification:_identify(src/hardware_interface_cpp) by extensions ['colcon_pkg']
[0.254s] Level 1:colcon.colcon_core.package_identification:_identify(src/hardware_interface_cpp) by extension 'colcon_pkg'
[0.254s] Level 1:colcon.colcon_core.package_identification:_identify(src/hardware_interface_cpp) by extensions ['colcon_meta']
[0.254s] Level 1:colcon.colcon_core.package_identification:_identify(src/hardware_interface_cpp) by extension 'colcon_meta'
[0.254s] Level 1:colcon.colcon_core.package_identification:_identify(src/hardware_interface_cpp) by extensions ['ros']
[0.254s] Level 1:colcon.colcon_core.package_identification:_identify(src/hardware_interface_cpp) by extension 'ros'
[0.257s] DEBUG:colcon.colcon_core.package_identification:Package 'src/hardware_interface_cpp' with type 'ros.ament_cmake' and name 'hardware_interface_cpp'
[0.257s] Level 1:colcon.colcon_core.package_identification:_identify(src/robot_hardware_interface) by extensions ['ignore', 'ignore_ament_install']
[0.258s] Level 1:colcon.colcon_core.package_identification:_identify(src/robot_hardware_interface) by extension 'ignore'
[0.258s] Level 1:colcon.colcon_core.package_identification:_identify(src/robot_hardware_interface) by extension 'ignore_ament_install'
[0.258s] Level 1:colcon.colcon_core.package_identification:_identify(src/robot_hardware_interface) by extensions ['colcon_pkg']
[0.258s] Level 1:colcon.colcon_core.package_identification:_identify(src/robot_hardware_interface) by extension 'colcon_pkg'
[0.258s] Level 1:colcon.colcon_core.package_identification:_identify(src/robot_hardware_interface) by extensions ['colcon_meta']
[0.258s] Level 1:colcon.colcon_core.package_identification:_identify(src/robot_hardware_interface) by extension 'colcon_meta'
[0.258s] Level 1:colcon.colcon_core.package_identification:_identify(src/robot_hardware_interface) by extensions ['ros']
[0.258s] Level 1:colcon.colcon_core.package_identification:_identify(src/robot_hardware_interface) by extension 'ros'
[0.259s] DEBUG:colcon.colcon_core.package_identification:Package 'src/robot_hardware_interface' with type 'ros.ament_cmake' and name 'robot_hardware_interface'
[0.259s] Level 1:colcon.colcon_core.package_identification:_identify(src/smr_tutorial) by extensions ['ignore', 'ignore_ament_install']
[0.259s] Level 1:colcon.colcon_core.package_identification:_identify(src/smr_tutorial) by extension 'ignore'
[0.260s] Level 1:colcon.colcon_core.package_identification:_identify(src/smr_tutorial) by extension 'ignore_ament_install'
[0.260s] Level 1:colcon.colcon_core.package_identification:_identify(src/smr_tutorial) by extensions ['colcon_pkg']
[0.260s] Level 1:colcon.colcon_core.package_identification:_identify(src/smr_tutorial) by extension 'colcon_pkg'
[0.260s] Level 1:colcon.colcon_core.package_identification:_identify(src/smr_tutorial) by extensions ['colcon_meta']
[0.260s] Level 1:colcon.colcon_core.package_identification:_identify(src/smr_tutorial) by extension 'colcon_meta'
[0.260s] Level 1:colcon.colcon_core.package_identification:_identify(src/smr_tutorial) by extensions ['ros']
[0.260s] Level 1:colcon.colcon_core.package_identification:_identify(src/smr_tutorial) by extension 'ros'
[0.261s] DEBUG:colcon.colcon_core.package_identification:Package 'src/smr_tutorial' with type 'ros.ament_python' and name 'smr_tutorial'
[0.261s] Level 1:colcon.colcon_core.package_discovery:discover_packages(recursive) using defaults
[0.261s] Level 1:colcon.colcon_core.package_discovery:discover_packages(ignore) discover
[0.261s] Level 1:colcon.colcon_core.package_discovery:discover_packages(ignore) using defaults
[0.261s] Level 1:colcon.colcon_core.package_discovery:discover_packages(path) discover
[0.261s] Level 1:colcon.colcon_core.package_discovery:discover_packages(path) using defaults
[0.282s] Level 1:colcon.colcon_core.package_discovery:discover_packages(prefix_path) check parameters
[0.282s] Level 1:colcon.colcon_core.package_discovery:discover_packages(prefix_path) discover
[0.285s] DEBUG:colcon.colcon_installed_package_information.package_discovery:Found 4 installed packages in /home/vivit/Projects/smr_tutorial/install
[0.286s] DEBUG:colcon.colcon_installed_package_information.package_discovery:Found 290 installed packages in /opt/ros/jazzy
[0.287s] Level 1:colcon.colcon_core.package_discovery:discover_packages(prefix_path) using defaults
[0.348s] Level 5:colcon.colcon_core.verb:set package 'hardware_interface_cpp' build argument 'cmake_args' from command line to 'None'
[0.348s] Level 5:colcon.colcon_core.verb:set package 'hardware_interface_cpp' build argument 'cmake_target' from command line to 'None'
[0.348s] Level 5:colcon.colcon_core.verb:set package 'hardware_interface_cpp' build argument 'cmake_target_skip_unavailable' from command line to 'False'
[0.348s] Level 5:colcon.colcon_core.verb:set package 'hardware_interface_cpp' build argument 'cmake_clean_cache' from command line to 'False'
[0.348s] Level 5:colcon.colcon_core.verb:set package 'hardware_interface_cpp' build argument 'cmake_clean_first' from command line to 'False'
[0.348s] Level 5:colcon.colcon_core.verb:set package 'hardware_interface_cpp' build argument 'cmake_force_configure' from command line to 'False'
[0.348s] Level 5:colcon.colcon_core.verb:set package 'hardware_interface_cpp' build argument 'ament_cmake_args' from command line to 'None'
[0.348s] Level 5:colcon.colcon_core.verb:set package 'hardware_interface_cpp' build argument 'catkin_cmake_args' from command line to 'None'
[0.348s] Level 5:colcon.colcon_core.verb:set package 'hardware_interface_cpp' build argument 'catkin_skip_building_tests' from command line to 'False'
[0.348s] DEBUG:colcon.colcon_core.verb:Building package 'hardware_interface_cpp' with the following arguments: {'ament_cmake_args': None, 'build_base': '/home/vivit/Projects/smr_tutorial/build/hardware_interface_cpp', 'catkin_cmake_args': None, 'catkin_skip_building_tests': False, 'cmake_args': None, 'cmake_clean_cache': False, 'cmake_clean_first': False, 'cmake_force_configure': False, 'cmake_target': None, 'cmake_target_skip_unavailable': False, 'install_base': '/home/vivit/Projects/smr_tutorial/install/hardware_interface_cpp', 'merge_install': False, 'path': '/home/vivit/Projects/smr_tutorial/src/hardware_interface_cpp', 'symlink_install': False, 'test_result_base': None}
[0.349s] Level 5:colcon.colcon_core.verb:set package 'robot_hardware_interface' build argument 'cmake_args' from command line to 'None'
[0.349s] Level 5:colcon.colcon_core.verb:set package 'robot_hardware_interface' build argument 'cmake_target' from command line to 'None'
[0.349s] Level 5:colcon.colcon_core.verb:set package 'robot_hardware_interface' build argument 'cmake_target_skip_unavailable' from command line to 'False'
[0.349s] Level 5:colcon.colcon_core.verb:set package 'robot_hardware_interface' build argument 'cmake_clean_cache' from command line to 'False'
[0.349s] Level 5:colcon.colcon_core.verb:set package 'robot_hardware_interface' build argument 'cmake_clean_first' from command line to 'False'
[0.349s] Level 5:colcon.colcon_core.verb:set package 'robot_hardware_interface' build argument 'cmake_force_configure' from command line to 'False'
[0.349s] Level 5:colcon.colcon_core.verb:set package 'robot_hardware_interface' build argument 'ament_cmake_args' from command line to 'None'
[0.349s] Level 5:colcon.colcon_core.verb:set package 'robot_hardware_interface' build argument 'catkin_cmake_args' from command line to 'None'
[0.349s] Level 5:colcon.colcon_core.verb:set package 'robot_hardware_interface' build argument 'catkin_skip_building_tests' from command line to 'False'
[0.349s] DEBUG:colcon.colcon_core.verb:Building package 'robot_hardware_interface' with the following arguments: {'ament_cmake_args': None, 'build_base': '/home/vivit/Projects/smr_tutorial/build/robot_hardware_interface', 'catkin_cmake_args': None, 'catkin_skip_building_tests': False, 'cmake_args': None, 'cmake_clean_cache': False, 'cmake_clean_first': False, 'cmake_force_configure': False, 'cmake_target': None, 'cmake_target_skip_unavailable': False, 'install_base': '/home/vivit/Projects/smr_tutorial/install/robot_hardware_interface', 'merge_install': False, 'path': '/home/vivit/Projects/smr_tutorial/src/robot_hardware_interface', 'symlink_install': False, 'test_result_base': None}
[0.349s] Level 5:colcon.colcon_core.verb:set package 'smr_tutorial' build argument 'cmake_args' from command line to 'None'
[0.349s] Level 5:colcon.colcon_core.verb:set package 'smr_tutorial' build argument 'cmake_target' from command line to 'None'
[0.349s] Level 5:colcon.colcon_core.verb:set package 'smr_tutorial' build argument 'cmake_target_skip_unavailable' from command line to 'False'
[0.349s] Level 5:colcon.colcon_core.verb:set package 'smr_tutorial' build argument 'cmake_clean_cache' from command line to 'False'
[0.349s] Level 5:colcon.colcon_core.verb:set package 'smr_tutorial' build argument 'cmake_clean_first' from command line to 'False'
[0.349s] Level 5:colcon.colcon_core.verb:set package 'smr_tutorial' build argument 'cmake_force_configure' from command line to 'False'
[0.349s] Level 5:colcon.colcon_core.verb:set package 'smr_tutorial' build argument 'ament_cmake_args' from command line to 'None'
[0.349s] Level 5:colcon.colcon_core.verb:set package 'smr_tutorial' build argument 'catkin_cmake_args' from command line to 'None'
[0.349s] Level 5:colcon.colcon_core.verb:set package 'smr_tutorial' build argument 'catkin_skip_building_tests' from command line to 'False'
[0.349s] DEBUG:colcon.colcon_core.verb:Building package 'smr_tutorial' with the following arguments: {'ament_cmake_args': None, 'build_base': '/home/vivit/Projects/smr_tutorial/build/smr_tutorial', 'catkin_cmake_args': None, 'catkin_skip_building_tests': False, 'cmake_args': None, 'cmake_clean_cache': False, 'cmake_clean_first': False, 'cmake_force_configure': False, 'cmake_target': None, 'cmake_target_skip_unavailable': False, 'install_base': '/home/vivit/Projects/smr_tutorial/install/smr_tutorial', 'merge_install': False, 'path': '/home/vivit/Projects/smr_tutorial/src/smr_tutorial', 'symlink_install': False, 'test_result_base': None}
[0.349s] INFO:colcon.colcon_core.executor:Executing jobs using 'parallel' executor
[0.350s] DEBUG:colcon.colcon_parallel_executor.executor.parallel:run_until_complete
[0.351s] INFO:colcon.colcon_ros.task.ament_cmake.build:Building ROS package in '/home/vivit/Projects/smr_tutorial/src/hardware_interface_cpp' with build type 'ament_cmake'
[0.351s] INFO:colcon.colcon_cmake.task.cmake.build:Building CMake package in '/home/vivit/Projects/smr_tutorial/src/hardware_interface_cpp'
[0.354s] INFO:colcon.colcon_core.plugin_system:Skipping extension 'colcon_core.shell.bat': Not used on non-Windows systems
[0.354s] INFO:colcon.colcon_core.shell:Skip shell extension 'powershell' for command environment: Not usable outside of PowerShell
[0.354s] DEBUG:colcon.colcon_core.shell:Skip shell extension 'dsv' for command environment
[0.357s] INFO:colcon.colcon_ros.task.ament_cmake.build:Building ROS package in '/home/vivit/Projects/smr_tutorial/src/robot_hardware_interface' with build type 'ament_cmake'
[0.357s] INFO:colcon.colcon_cmake.task.cmake.build:Building CMake package in '/home/vivit/Projects/smr_tutorial/src/robot_hardware_interface'
[0.357s] INFO:colcon.colcon_core.shell:Skip shell extension 'powershell' for command environment: Not usable outside of PowerShell
[0.357s] DEBUG:colcon.colcon_core.shell:Skip shell extension 'dsv' for command environment
[0.361s] INFO:colcon.colcon_ros.task.ament_python.build:Building ROS package in '/home/vivit/Projects/smr_tutorial/src/smr_tutorial' with build type 'ament_python'
[0.361s] Level 1:colcon.colcon_core.shell:create_environment_hook('smr_tutorial', 'ament_prefix_path')
[0.362s] INFO:colcon.colcon_core.shell:Creating environment hook '/home/vivit/Projects/smr_tutorial/install/smr_tutorial/share/smr_tutorial/hook/ament_prefix_path.ps1'
[0.363s] INFO:colcon.colcon_core.shell:Creating environment descriptor '/home/vivit/Projects/smr_tutorial/install/smr_tutorial/share/smr_tutorial/hook/ament_prefix_path.dsv'
[0.363s] INFO:colcon.colcon_core.shell:Creating environment hook '/home/vivit/Projects/smr_tutorial/install/smr_tutorial/share/smr_tutorial/hook/ament_prefix_path.sh'
[0.364s] INFO:colcon.colcon_core.shell:Skip shell extension 'powershell' for command environment: Not usable outside of PowerShell
[0.364s] DEBUG:colcon.colcon_core.shell:Skip shell extension 'dsv' for command environment
[0.373s] DEBUG:colcon.colcon_core.event_handler.log_command:Invoking command in '/home/vivit/Projects/smr_tutorial/build/hardware_interface_cpp': CMAKE_PREFIX_PATH=${CMAKE_PREFIX_PATH}:/home/vivit/Projects/smr_tutorial/install/smr_tutorial:/opt/ros/jazzy /usr/bin/cmake --build /home/vivit/Projects/smr_tutorial/build/hardware_interface_cpp -- -j12 -l12
[0.377s] DEBUG:colcon.colcon_core.event_handler.log_command:Invoking command in '/home/vivit/Projects/smr_tutorial/build/robot_hardware_interface': CMAKE_PREFIX_PATH=${CMAKE_PREFIX_PATH}:/home/vivit/Projects/smr_tutorial/install/smr_tutorial:/opt/ros/jazzy /usr/bin/cmake --build /home/vivit/Projects/smr_tutorial/build/robot_hardware_interface -- -j12 -l12
[0.533s] INFO:colcon.colcon_core.task.python.build:Building Python package in '/home/vivit/Projects/smr_tutorial/src/smr_tutorial'
[0.534s] INFO:colcon.colcon_core.shell:Skip shell extension 'powershell' for command environment: Not usable outside of PowerShell
[0.534s] DEBUG:colcon.colcon_core.shell:Skip shell extension 'dsv' for command environment
[0.537s] DEBUG:colcon.colcon_core.event_handler.log_command:Invoked command in '/home/vivit/Projects/smr_tutorial/build/robot_hardware_interface' returned '0': CMAKE_PREFIX_PATH=${CMAKE_PREFIX_PATH}:/home/vivit/Projects/smr_tutorial/install/smr_tutorial:/opt/ros/jazzy /usr/bin/cmake --build /home/vivit/Projects/smr_tutorial/build/robot_hardware_interface -- -j12 -l12
[0.544s] DEBUG:colcon.colcon_core.event_handler.log_command:Invoking command in '/home/vivit/Projects/smr_tutorial/build/robot_hardware_interface': CMAKE_PREFIX_PATH=${CMAKE_PREFIX_PATH}:/home/vivit/Projects/smr_tutorial/install/smr_tutorial:/opt/ros/jazzy /usr/bin/cmake --install /home/vivit/Projects/smr_tutorial/build/robot_hardware_interface
[0.553s] Level 1:colcon.colcon_core.environment:create_environment_scripts_only(robot_hardware_interface)
[0.554s] DEBUG:colcon.colcon_core.event_handler.log_command:Invoked command in '/home/vivit/Projects/smr_tutorial/build/robot_hardware_interface' returned '0': CMAKE_PREFIX_PATH=${CMAKE_PREFIX_PATH}:/home/vivit/Projects/smr_tutorial/install/smr_tutorial:/opt/ros/jazzy /usr/bin/cmake --install /home/vivit/Projects/smr_tutorial/build/robot_hardware_interface
[0.558s] Level 1:colcon.colcon_core.environment:checking '/home/vivit/Projects/smr_tutorial/install/robot_hardware_interface' for CMake module files
[0.559s] Level 1:colcon.colcon_core.environment:checking '/home/vivit/Projects/smr_tutorial/install/robot_hardware_interface' for CMake config files
[0.561s] Level 1:colcon.colcon_core.shell:create_environment_hook('robot_hardware_interface', 'cmake_prefix_path')
[0.561s] INFO:colcon.colcon_core.shell:Creating environment hook '/home/vivit/Projects/smr_tutorial/install/robot_hardware_interface/share/robot_hardware_interface/hook/cmake_prefix_path.ps1'
[0.562s] INFO:colcon.colcon_core.shell:Creating environment descriptor '/home/vivit/Projects/smr_tutorial/install/robot_hardware_interface/share/robot_hardware_interface/hook/cmake_prefix_path.dsv'
[0.562s] INFO:colcon.colcon_core.shell:Creating environment hook '/home/vivit/Projects/smr_tutorial/install/robot_hardware_interface/share/robot_hardware_interface/hook/cmake_prefix_path.sh'
[0.563s] Level 1:colcon.colcon_core.environment:checking '/home/vivit/Projects/smr_tutorial/install/robot_hardware_interface/lib'
[0.563s] Level 1:colcon.colcon_core.environment:checking '/home/vivit/Projects/smr_tutorial/install/robot_hardware_interface/bin'
[0.563s] Level 1:colcon.colcon_core.environment:checking '/home/vivit/Projects/smr_tutorial/install/robot_hardware_interface/lib/pkgconfig/robot_hardware_interface.pc'
[0.564s] Level 1:colcon.colcon_core.environment:checking '/home/vivit/Projects/smr_tutorial/install/robot_hardware_interface/lib/python3.12/site-packages'
[0.564s] Level 1:colcon.colcon_core.environment:checking '/home/vivit/Projects/smr_tutorial/install/robot_hardware_interface/bin'
[0.564s] INFO:colcon.colcon_core.shell:Creating package script '/home/vivit/Projects/smr_tutorial/install/robot_hardware_interface/share/robot_hardware_interface/package.ps1'
[0.565s] INFO:colcon.colcon_core.shell:Creating package descriptor '/home/vivit/Projects/smr_tutorial/install/robot_hardware_interface/share/robot_hardware_interface/package.dsv'
[0.566s] INFO:colcon.colcon_core.shell:Creating package script '/home/vivit/Projects/smr_tutorial/install/robot_hardware_interface/share/robot_hardware_interface/package.sh'
[0.566s] INFO:colcon.colcon_core.shell:Creating package script '/home/vivit/Projects/smr_tutorial/install/robot_hardware_interface/share/robot_hardware_interface/package.bash'
[0.567s] INFO:colcon.colcon_core.shell:Creating package script '/home/vivit/Projects/smr_tutorial/install/robot_hardware_interface/share/robot_hardware_interface/package.zsh'
[0.568s] Level 1:colcon.colcon_core.environment:create_file_with_runtime_dependencies(/home/vivit/Projects/smr_tutorial/install/robot_hardware_interface/share/colcon-core/packages/robot_hardware_interface)
[0.568s] Level 1:colcon.colcon_core.environment:create_environment_scripts_only(robot_hardware_interface)
[0.568s] Level 1:colcon.colcon_core.environment:checking '/home/vivit/Projects/smr_tutorial/install/robot_hardware_interface' for CMake module files
[0.569s] Level 1:colcon.colcon_core.environment:checking '/home/vivit/Projects/smr_tutorial/install/robot_hardware_interface' for CMake config files
[0.569s] Level 1:colcon.colcon_core.shell:create_environment_hook('robot_hardware_interface', 'cmake_prefix_path')
[0.569s] INFO:colcon.colcon_core.shell:Creating environment hook '/home/vivit/Projects/smr_tutorial/install/robot_hardware_interface/share/robot_hardware_interface/hook/cmake_prefix_path.ps1'
[0.569s] INFO:colcon.colcon_core.shell:Creating environment descriptor '/home/vivit/Projects/smr_tutorial/install/robot_hardware_interface/share/robot_hardware_interface/hook/cmake_prefix_path.dsv'
[0.569s] INFO:colcon.colcon_core.shell:Creating environment hook '/home/vivit/Projects/smr_tutorial/install/robot_hardware_interface/share/robot_hardware_interface/hook/cmake_prefix_path.sh'
[0.570s] Level 1:colcon.colcon_core.environment:checking '/home/vivit/Projects/smr_tutorial/install/robot_hardware_interface/lib'
[0.570s] Level 1:colcon.colcon_core.environment:checking '/home/vivit/Projects/smr_tutorial/install/robot_hardware_interface/bin'
[0.570s] Level 1:colcon.colcon_core.environment:checking '/home/vivit/Projects/smr_tutorial/install/robot_hardware_interface/lib/pkgconfig/robot_hardware_interface.pc'
[0.570s] Level 1:colcon.colcon_core.environment:checking '/home/vivit/Projects/smr_tutorial/install/robot_hardware_interface/lib/python3.12/site-packages'
[0.570s] Level 1:colcon.colcon_core.environment:checking '/home/vivit/Projects/smr_tutorial/install/robot_hardware_interface/bin'
[0.570s] INFO:colcon.colcon_core.shell:Creating package script '/home/vivit/Projects/smr_tutorial/install/robot_hardware_interface/share/robot_hardware_interface/package.ps1'
[0.571s] INFO:colcon.colcon_core.shell:Creating package descriptor '/home/vivit/Projects/smr_tutorial/install/robot_hardware_interface/share/robot_hardware_interface/package.dsv'
[0.571s] INFO:colcon.colcon_core.shell:Creating package script '/home/vivit/Projects/smr_tutorial/install/robot_hardware_interface/share/robot_hardware_interface/package.sh'
[0.571s] INFO:colcon.colcon_core.shell:Creating package script '/home/vivit/Projects/smr_tutorial/install/robot_hardware_interface/share/robot_hardware_interface/package.bash'
[0.572s] INFO:colcon.colcon_core.shell:Creating package script '/home/vivit/Projects/smr_tutorial/install/robot_hardware_interface/share/robot_hardware_interface/package.zsh'
[0.572s] Level 1:colcon.colcon_core.environment:create_file_with_runtime_dependencies(/home/vivit/Projects/smr_tutorial/install/robot_hardware_interface/share/colcon-core/packages/robot_hardware_interface)
[1.164s] DEBUG:colcon.colcon_core.event_handler.log_command:Invoking command in '/home/vivit/Projects/smr_tutorial/src/smr_tutorial': PYTHONPATH=/home/vivit/Projects/smr_tutorial/build/smr_tutorial/prefix_override:/usr/lib/python3/dist-packages/colcon_core/task/python/colcon_distutils_commands:/home/vivit/Projects/smr_tutorial/install/smr_tutorial/lib/python3.12/site-packages:${PYTHONPATH} /usr/bin/python3 -W ignore:setup.py install is deprecated -W ignore:easy_install command is deprecated setup.py egg_info --egg-base ../../build/smr_tutorial build --build-base /home/vivit/Projects/smr_tutorial/build/smr_tutorial/build install --record /home/vivit/Projects/smr_tutorial/build/smr_tutorial/install.log --single-version-externally-managed install_data
[1.528s] Level 1:colcon.colcon_core.environment:checking '/home/vivit/Projects/smr_tutorial/install/smr_tutorial' for CMake module files
[1.529s] DEBUG:colcon.colcon_core.event_handler.log_command:Invoked command in '/home/vivit/Projects/smr_tutorial/src/smr_tutorial' returned '0': PYTHONPATH=/home/vivit/Projects/smr_tutorial/build/smr_tutorial/prefix_override:/usr/lib/python3/dist-packages/colcon_core/task/python/colcon_distutils_commands:/home/vivit/Projects/smr_tutorial/install/smr_tutorial/lib/python3.12/site-packages:${PYTHONPATH} /usr/bin/python3 -W ignore:setup.py install is deprecated -W ignore:easy_install command is deprecated setup.py egg_info --egg-base ../../build/smr_tutorial build --build-base /home/vivit/Projects/smr_tutorial/build/smr_tutorial/build install --record /home/vivit/Projects/smr_tutorial/build/smr_tutorial/install.log --single-version-externally-managed install_data
[1.530s] Level 1:colcon.colcon_core.environment:checking '/home/vivit/Projects/smr_tutorial/install/smr_tutorial' for CMake config files
[1.532s] Level 1:colcon.colcon_core.environment:checking '/home/vivit/Projects/smr_tutorial/install/smr_tutorial/lib'
[1.532s] Level 1:colcon.colcon_core.environment:checking '/home/vivit/Projects/smr_tutorial/install/smr_tutorial/bin'
[1.532s] Level 1:colcon.colcon_core.environment:checking '/home/vivit/Projects/smr_tutorial/install/smr_tutorial/lib/pkgconfig/smr_tutorial.pc'
[1.532s] Level 1:colcon.colcon_core.environment:checking '/home/vivit/Projects/smr_tutorial/install/smr_tutorial/lib/python3.12/site-packages'
[1.532s] Level 1:colcon.colcon_core.shell:create_environment_hook('smr_tutorial', 'pythonpath')
[1.533s] INFO:colcon.colcon_core.shell:Creating environment hook '/home/vivit/Projects/smr_tutorial/install/smr_tutorial/share/smr_tutorial/hook/pythonpath.ps1'
[1.533s] INFO:colcon.colcon_core.shell:Creating environment descriptor '/home/vivit/Projects/smr_tutorial/install/smr_tutorial/share/smr_tutorial/hook/pythonpath.dsv'
[1.533s] INFO:colcon.colcon_core.shell:Creating environment hook '/home/vivit/Projects/smr_tutorial/install/smr_tutorial/share/smr_tutorial/hook/pythonpath.sh'
[1.534s] Level 1:colcon.colcon_core.environment:checking '/home/vivit/Projects/smr_tutorial/install/smr_tutorial/bin'
[1.534s] Level 1:colcon.colcon_core.environment:create_environment_scripts_only(smr_tutorial)
[1.534s] INFO:colcon.colcon_core.shell:Creating package script '/home/vivit/Projects/smr_tutorial/install/smr_tutorial/share/smr_tutorial/package.ps1'
[1.534s] INFO:colcon.colcon_core.shell:Creating package descriptor '/home/vivit/Projects/smr_tutorial/install/smr_tutorial/share/smr_tutorial/package.dsv'
[1.535s] INFO:colcon.colcon_core.shell:Creating package script '/home/vivit/Projects/smr_tutorial/install/smr_tutorial/share/smr_tutorial/package.sh'
[1.535s] INFO:colcon.colcon_core.shell:Creating package script '/home/vivit/Projects/smr_tutorial/install/smr_tutorial/share/smr_tutorial/package.bash'
[1.535s] INFO:colcon.colcon_core.shell:Creating package script '/home/vivit/Projects/smr_tutorial/install/smr_tutorial/share/smr_tutorial/package.zsh'
[1.535s] Level 1:colcon.colcon_core.environment:create_file_with_runtime_dependencies(/home/vivit/Projects/smr_tutorial/install/smr_tutorial/share/colcon-core/packages/smr_tutorial)
[6.562s] DEBUG:colcon.colcon_core.event_handler.log_command:Invoked command in '/home/vivit/Projects/smr_tutorial/build/hardware_interface_cpp' returned '0': CMAKE_PREFIX_PATH=${CMAKE_PREFIX_PATH}:/home/vivit/Projects/smr_tutorial/install/smr_tutorial:/opt/ros/jazzy /usr/bin/cmake --build /home/vivit/Projects/smr_tutorial/build/hardware_interface_cpp -- -j12 -l12
[6.564s] DEBUG:colcon.colcon_core.event_handler.log_command:Invoking command in '/home/vivit/Projects/smr_tutorial/build/hardware_interface_cpp': CMAKE_PREFIX_PATH=${CMAKE_PREFIX_PATH}:/home/vivit/Projects/smr_tutorial/install/smr_tutorial:/opt/ros/jazzy /usr/bin/cmake --install /home/vivit/Projects/smr_tutorial/build/hardware_interface_cpp
[6.575s] Level 1:colcon.colcon_core.environment:create_environment_scripts_only(hardware_interface_cpp)
[6.575s] DEBUG:colcon.colcon_core.event_handler.log_command:Invoked command in '/home/vivit/Projects/smr_tutorial/build/hardware_interface_cpp' returned '0': CMAKE_PREFIX_PATH=${CMAKE_PREFIX_PATH}:/home/vivit/Projects/smr_tutorial/install/smr_tutorial:/opt/ros/jazzy /usr/bin/cmake --install /home/vivit/Projects/smr_tutorial/build/hardware_interface_cpp
[6.575s] Level 1:colcon.colcon_core.environment:checking '/home/vivit/Projects/smr_tutorial/install/hardware_interface_cpp' for CMake module files
[6.576s] Level 1:colcon.colcon_core.environment:checking '/home/vivit/Projects/smr_tutorial/install/hardware_interface_cpp' for CMake config files
[6.578s] Level 1:colcon.colcon_core.shell:create_environment_hook('hardware_interface_cpp', 'cmake_prefix_path')
[6.578s] INFO:colcon.colcon_core.shell:Creating environment hook '/home/vivit/Projects/smr_tutorial/install/hardware_interface_cpp/share/hardware_interface_cpp/hook/cmake_prefix_path.ps1'
[6.579s] INFO:colcon.colcon_core.shell:Creating environment descriptor '/home/vivit/Projects/smr_tutorial/install/hardware_interface_cpp/share/hardware_interface_cpp/hook/cmake_prefix_path.dsv'
[6.579s] INFO:colcon.colcon_core.shell:Creating environment hook '/home/vivit/Projects/smr_tutorial/install/hardware_interface_cpp/share/hardware_interface_cpp/hook/cmake_prefix_path.sh'
[6.579s] Level 1:colcon.colcon_core.environment:checking '/home/vivit/Projects/smr_tutorial/install/hardware_interface_cpp/lib'
[6.580s] Level 1:colcon.colcon_core.environment:checking '/home/vivit/Projects/smr_tutorial/install/hardware_interface_cpp/bin'
[6.580s] Level 1:colcon.colcon_core.environment:checking '/home/vivit/Projects/smr_tutorial/install/hardware_interface_cpp/lib/pkgconfig/hardware_interface_cpp.pc'
[6.580s] Level 1:colcon.colcon_core.environment:checking '/home/vivit/Projects/smr_tutorial/install/hardware_interface_cpp/lib/python3.12/site-packages'
[6.580s] Level 1:colcon.colcon_core.environment:checking '/home/vivit/Projects/smr_tutorial/install/hardware_interface_cpp/bin'
[6.580s] INFO:colcon.colcon_core.shell:Creating package script '/home/vivit/Projects/smr_tutorial/install/hardware_interface_cpp/share/hardware_interface_cpp/package.ps1'
[6.581s] INFO:colcon.colcon_core.shell:Creating package descriptor '/home/vivit/Projects/smr_tutorial/install/hardware_interface_cpp/share/hardware_interface_cpp/package.dsv'
[6.581s] INFO:colcon.colcon_core.shell:Creating package script '/home/vivit/Projects/smr_tutorial/install/hardware_interface_cpp/share/hardware_interface_cpp/package.sh'
[6.581s] INFO:colcon.colcon_core.shell:Creating package script '/home/vivit/Projects/smr_tutorial/install/hardware_interface_cpp/share/hardware_interface_cpp/package.bash'
[6.581s] INFO:colcon.colcon_core.shell:Creating package script '/home/vivit/Projects/smr_tutorial/install/hardware_interface_cpp/share/hardware_interface_cpp/package.zsh'
[6.582s] Level 1:colcon.colcon_core.environment:create_file_with_runtime_dependencies(/home/vivit/Projects/smr_tutorial/install/hardware_interface_cpp/share/colcon-core/packages/hardware_interface_cpp)
[6.582s] Level 1:colcon.colcon_core.environment:create_environment_scripts_only(hardware_interface_cpp)
[6.582s] Level 1:colcon.colcon_core.environment:checking '/home/vivit/Projects/smr_tutorial/install/hardware_interface_cpp' for CMake module files
[6.582s] Level 1:colcon.colcon_core.environment:checking '/home/vivit/Projects/smr_tutorial/install/hardware_interface_cpp' for CMake config files
[6.583s] Level 1:colcon.colcon_core.shell:create_environment_hook('hardware_interface_cpp', 'cmake_prefix_path')
[6.583s] INFO:colcon.colcon_core.shell:Creating environment hook '/home/vivit/Projects/smr_tutorial/install/hardware_interface_cpp/share/hardware_interface_cpp/hook/cmake_prefix_path.ps1'
[6.583s] INFO:colcon.colcon_core.shell:Creating environment descriptor '/home/vivit/Projects/smr_tutorial/install/hardware_interface_cpp/share/hardware_interface_cpp/hook/cmake_prefix_path.dsv'
[6.583s] INFO:colcon.colcon_core.shell:Creating environment hook '/home/vivit/Projects/smr_tutorial/install/hardware_interface_cpp/share/hardware_interface_cpp/hook/cmake_prefix_path.sh'
[6.584s] Level 1:colcon.colcon_core.environment:checking '/home/vivit/Projects/smr_tutorial/install/hardware_interface_cpp/lib'
[6.584s] Level 1:colcon.colcon_core.environment:checking '/home/vivit/Projects/smr_tutorial/install/hardware_interface_cpp/bin'
[6.584s] Level 1:colcon.colcon_core.environment:checking '/home/vivit/Projects/smr_tutorial/install/hardware_interface_cpp/lib/pkgconfig/hardware_interface_cpp.pc'
[6.584s] Level 1:colcon.colcon_core.environment:checking '/home/vivit/Projects/smr_tutorial/install/hardware_interface_cpp/lib/python3.12/site-packages'
[6.584s] Level 1:colcon.colcon_core.environment:checking '/home/vivit/Projects/smr_tutorial/install/hardware_interface_cpp/bin'
[6.584s] INFO:colcon.colcon_core.shell:Creating package script '/home/vivit/Projects/smr_tutorial/install/hardware_interface_cpp/share/hardware_interface_cpp/package.ps1'
[6.585s] INFO:colcon.colcon_core.shell:Creating package descriptor '/home/vivit/Projects/smr_tutorial/install/hardware_interface_cpp/share/hardware_interface_cpp/package.dsv'
[6.585s] INFO:colcon.colcon_core.shell:Creating package script '/home/vivit/Projects/smr_tutorial/install/hardware_interface_cpp/share/hardware_interface_cpp/package.sh'
[6.586s] INFO:colcon.colcon_core.shell:Creating package script '/home/vivit/Projects/smr_tutorial/install/hardware_interface_cpp/share/hardware_interface_cpp/package.bash'
[6.586s] INFO:colcon.colcon_core.shell:Creating package script '/home/vivit/Projects/smr_tutorial/install/hardware_interface_cpp/share/hardware_interface_cpp/package.zsh'
[6.586s] Level 1:colcon.colcon_core.environment:create_file_with_runtime_dependencies(/home/vivit/Projects/smr_tutorial/install/hardware_interface_cpp/share/colcon-core/packages/hardware_interface_cpp)
[6.586s] DEBUG:colcon.colcon_parallel_executor.executor.parallel:closing loop
[6.587s] DEBUG:colcon.colcon_parallel_executor.executor.parallel:loop closed
[6.587s] DEBUG:colcon.colcon_parallel_executor.executor.parallel:run_until_complete finished with '0'
[6.587s] DEBUG:colcon.colcon_core.event_reactor:joining thread
[6.612s] INFO:colcon.colcon_core.plugin_system:Skipping extension 'colcon_notification.desktop_notification.notify_send': Could not find 'notify-send'
[6.612s] INFO:colcon.colcon_core.plugin_system:Skipping extension 'colcon_notification.desktop_notification.terminal_notifier': Not used on non-Darwin systems
[6.612s] INFO:colcon.colcon_core.plugin_system:Skipping extension 'colcon_notification.desktop_notification.win32': Not used on non-Windows systems
[6.612s] INFO:colcon.colcon_notification.desktop_notification:Sending desktop notification using 'notify2'
[6.613s] DEBUG:colcon.colcon_notification.desktop_notification.notify2:Failed to initialize notify2: org.freedesktop.DBus.Error.ServiceUnknown: The name org.freedesktop.Notifications was not provided by any .service files
[6.614s] DEBUG:colcon.colcon_core.event_reactor:joined thread
[6.614s] INFO:colcon.colcon_core.shell:Creating prefix script '/home/vivit/Projects/smr_tutorial/install/local_setup.ps1'
[6.615s] INFO:colcon.colcon_core.shell:Creating prefix util module '/home/vivit/Projects/smr_tutorial/install/_local_setup_util_ps1.py'
[6.616s] INFO:colcon.colcon_core.shell:Creating prefix chain script '/home/vivit/Projects/smr_tutorial/install/setup.ps1'
[6.616s] INFO:colcon.colcon_core.shell:Creating prefix script '/home/vivit/Projects/smr_tutorial/install/local_setup.sh'
[6.617s] INFO:colcon.colcon_core.shell:Creating prefix util module '/home/vivit/Projects/smr_tutorial/install/_local_setup_util_sh.py'
[6.617s] INFO:colcon.colcon_core.shell:Creating prefix chain script '/home/vivit/Projects/smr_tutorial/install/setup.sh'
[6.618s] INFO:colcon.colcon_core.shell:Creating prefix script '/home/vivit/Projects/smr_tutorial/install/local_setup.bash'
[6.619s] INFO:colcon.colcon_core.shell:Creating prefix chain script '/home/vivit/Projects/smr_tutorial/install/setup.bash'
[6.619s] INFO:colcon.colcon_core.shell:Creating prefix script '/home/vivit/Projects/smr_tutorial/install/local_setup.zsh'
[6.620s] INFO:colcon.colcon_core.shell:Creating prefix chain script '/home/vivit/Projects/smr_tutorial/install/setup.zsh'
