[0.020s] Invoking command in '/home/vivit/Projects/smr_tutorial/build/robot_hardware_interface': CMAKE_PREFIX_PATH=${CMAKE_PREFIX_PATH}:/home/vivit/Projects/smr_tutorial/install/smr_tutorial:/opt/ros/jazzy /usr/bin/cmake /home/vivit/Projects/smr_tutorial/src/robot_hardware_interface -DCMAKE_INSTALL_PREFIX=/home/vivit/Projects/smr_tutorial/install/robot_hardware_interface
[0.208s] -- The C compiler identification is GNU 13.3.0
[0.486s] -- The CXX compiler identification is GNU 13.3.0
[0.673s] -- Detecting C compiler ABI info
[0.800s] -- Detecting C compiler ABI info - done
[0.809s] -- Check for working C compiler: /usr/bin/cc - skipped
[0.810s] -- Detecting C compile features
[0.811s] -- Detecting C compile features - done
[0.849s] -- Detecting CXX compiler ABI info
[0.959s] -- Detecting CXX compiler ABI info - done
[0.965s] -- Check for working CXX compiler: /usr/bin/c++ - skipped
[0.965s] -- Detecting CXX compile features
[0.965s] -- Detecting CXX compile features - done
[0.981s] -- Found ament_cmake: 2.5.3 (/opt/ros/jazzy/share/ament_cmake/cmake)
[1.092s] -- Found Python3: /usr/bin/python3 (found version "3.12.3") found components: Interpreter 
[1.188s] -- Found rclcpp: 28.1.6 (/opt/ros/jazzy/share/rclcpp/cmake)
[1.272s] -- Found rosidl_generator_c: 4.6.5 (/opt/ros/jazzy/share/rosidl_generator_c/cmake)
[1.284s] -- Found rosidl_generator_cpp: 4.6.5 (/opt/ros/jazzy/share/rosidl_generator_cpp/cmake)
[1.306s] -- Using all available rosidl_typesupport_c: rosidl_typesupport_fastrtps_c;rosidl_typesupport_introspection_c
[1.326s] -- Using all available rosidl_typesupport_cpp: rosidl_typesupport_fastrtps_cpp;rosidl_typesupport_introspection_cpp
[1.404s] -- Found rmw_implementation_cmake: 7.3.1 (/opt/ros/jazzy/share/rmw_implementation_cmake/cmake)
[1.408s] -- Found rmw_fastrtps_cpp: 8.4.1 (/opt/ros/jazzy/share/rmw_fastrtps_cpp/cmake)
[1.473s] -- Found OpenSSL: /usr/lib/x86_64-linux-gnu/libcrypto.so (found version "3.0.13")  
[1.526s] -- Found FastRTPS: /opt/ros/jazzy/include (Required is at least version "2.13") 
[1.566s] -- Using RMW implementation 'rmw_fastrtps_cpp' as default
[1.670s] -- Found geometry_msgs: 5.3.5 (/opt/ros/jazzy/share/geometry_msgs/cmake)
[1.710s] -- Found sensor_msgs: 5.3.5 (/opt/ros/jazzy/share/sensor_msgs/cmake)
[1.740s] -- Found nav_msgs: 5.3.5 (/opt/ros/jazzy/share/nav_msgs/cmake)
[1.765s] -- Found action_msgs: 2.0.2 (/opt/ros/jazzy/share/action_msgs/cmake)
[1.827s] -- LibSerial library found: /usr/lib/x86_64-linux-gnu/libserial.so
[1.830s] -- Found ament_lint_auto: 0.17.1 (/opt/ros/jazzy/share/ament_lint_auto/cmake)
[1.919s] -- Added test 'cppcheck' to perform static code analysis on C / C++ code
[1.919s] -- Configured cppcheck include dirs: /home/vivit/Projects/smr_tutorial/src/robot_hardware_interface/include
[1.919s] -- Configured cppcheck exclude dirs and/or files: 
[1.920s] -- Added test 'lint_cmake' to check CMake code style
[1.922s] -- Added test 'uncrustify' to check C / C++ code style
[1.922s] -- Configured uncrustify additional arguments: 
[1.923s] -- Added test 'xmllint' to check XML markup files
[1.924s] -- Configuring done (1.9s)
[1.937s] -- Generating done (0.0s)
[1.941s] -- Build files have been written to: /home/vivit/Projects/smr_tutorial/build/robot_hardware_interface
[1.949s] Invoked command in '/home/vivit/Projects/smr_tutorial/build/robot_hardware_interface' returned '0': CMAKE_PREFIX_PATH=${CMAKE_PREFIX_PATH}:/home/vivit/Projects/smr_tutorial/install/smr_tutorial:/opt/ros/jazzy /usr/bin/cmake /home/vivit/Projects/smr_tutorial/src/robot_hardware_interface -DCMAKE_INSTALL_PREFIX=/home/vivit/Projects/smr_tutorial/install/robot_hardware_interface
[1.951s] Invoking command in '/home/vivit/Projects/smr_tutorial/build/robot_hardware_interface': CMAKE_PREFIX_PATH=${CMAKE_PREFIX_PATH}:/home/vivit/Projects/smr_tutorial/install/smr_tutorial:/opt/ros/jazzy /usr/bin/cmake --build /home/vivit/Projects/smr_tutorial/build/robot_hardware_interface -- -j12 -l12
[1.984s] [ 66%] [32mBuilding CXX object CMakeFiles/robot_hardware.dir/src/robot_hardware_interface.cpp.o[0m
[1.984s] [ 66%] [32mBuilding CXX object CMakeFiles/robot_hardware.dir/src/hardware_interface_node.cpp.o[0m
[2.363s] [01m[K/home/vivit/Projects/smr_tutorial/src/robot_hardware_interface/src/robot_hardware_interface.cpp:[m[K In member function ‘[01m[Kvoid HardwareInterface::[01;32m[KReceiveData[m[K()[m[K’:
[2.363s] [01m[K/home/vivit/Projects/smr_tutorial/src/robot_hardware_interface/src/robot_hardware_interface.cpp:210:17:[m[K [01;35m[Kwarning: [m[Kunused variable ‘[01m[Kdata_len[m[K’ [[01;35m[K]8;;https://gcc.gnu.org/onlinedocs/gcc/Warning-Options.html#index-Wunused-variable-Wunused-variable]8;;[m[K]
[2.363s]   210 |         uint8_t [01;35m[Kdata_len[m[K;
[2.363s]       |                 [01;35m[K^~~~~~~~[m[K
[2.363s] [01m[K/home/vivit/Projects/smr_tutorial/src/robot_hardware_interface/src/robot_hardware_interface.cpp:213:17:[m[K [01;35m[Kwarning: [m[Kunused variable ‘[01m[Kcheck_sum[m[K’ [[01;35m[K]8;;https://gcc.gnu.org/onlinedocs/gcc/Warning-Options.html#index-Wunused-variable-Wunused-variable]8;;[m[K]
[2.363s]   213 |         uint8_t [01;35m[Kcheck_sum[m[K;
[2.363s]       |                 [01;35m[K^~~~~~~~~[m[K
[11.092s] [100%] [32m[1mLinking CXX executable robot_hardware[0m
[11.462s] [100%] Built target robot_hardware
