[0.914s] Invoking command in '/home/vivit/Projects/smr_tutorial/src/smr_tutorial': PYTHONPATH=/home/vivit/Projects/smr_tutorial/build/smr_tutorial/prefix_override:/usr/lib/python3/dist-packages/colcon_core/task/python/colcon_distutils_commands:/home/vivit/Projects/smr_tutorial/install/smr_tutorial/lib/python3.12/site-packages:${PYTHONPATH} /usr/bin/python3 -W ignore:setup.py install is deprecated -W ignore:easy_install command is deprecated setup.py egg_info --egg-base ../../build/smr_tutorial build --build-base /home/vivit/Projects/smr_tutorial/build/smr_tutorial/build install --record /home/vivit/Projects/smr_tutorial/build/smr_tutorial/install.log --single-version-externally-managed install_data
[1.093s] running egg_info
[1.104s] writing ../../build/smr_tutorial/smr_tutorial.egg-info/PKG-INFO
[1.105s] writing dependency_links to ../../build/smr_tutorial/smr_tutorial.egg-info/dependency_links.txt
[1.105s] writing entry points to ../../build/smr_tutorial/smr_tutorial.egg-info/entry_points.txt
[1.106s] writing requirements to ../../build/smr_tutorial/smr_tutorial.egg-info/requires.txt
[1.106s] writing top-level names to ../../build/smr_tutorial/smr_tutorial.egg-info/top_level.txt
[1.139s] reading manifest file '../../build/smr_tutorial/smr_tutorial.egg-info/SOURCES.txt'
[1.140s] writing manifest file '../../build/smr_tutorial/smr_tutorial.egg-info/SOURCES.txt'
[1.140s] running build
[1.140s] running build_py
[1.141s] running install
[1.145s] running install_lib
[1.158s] running install_data
[1.158s] running install_egg_info
[1.170s] removing '/home/vivit/Projects/smr_tutorial/install/smr_tutorial/lib/python3.12/site-packages/smr_tutorial-0.0.0-py3.12.egg-info' (and everything under it)
[1.171s] Copying ../../build/smr_tutorial/smr_tutorial.egg-info to /home/vivit/Projects/smr_tutorial/install/smr_tutorial/lib/python3.12/site-packages/smr_tutorial-0.0.0-py3.12.egg-info
[1.172s] running install_scripts
[1.259s] Installing example1 script to /home/vivit/Projects/smr_tutorial/install/smr_tutorial/lib/smr_tutorial
[1.260s] Installing example2 script to /home/vivit/Projects/smr_tutorial/install/smr_tutorial/lib/smr_tutorial
[1.260s] Installing example3 script to /home/vivit/Projects/smr_tutorial/install/smr_tutorial/lib/smr_tutorial
[1.260s] Installing example4 script to /home/vivit/Projects/smr_tutorial/install/smr_tutorial/lib/smr_tutorial
[1.260s] writing list of installed files to '/home/vivit/Projects/smr_tutorial/build/smr_tutorial/install.log'
[1.283s] Invoked command in '/home/vivit/Projects/smr_tutorial/src/smr_tutorial' returned '0': PYTHONPATH=/home/vivit/Projects/smr_tutorial/build/smr_tutorial/prefix_override:/usr/lib/python3/dist-packages/colcon_core/task/python/colcon_distutils_commands:/home/vivit/Projects/smr_tutorial/install/smr_tutorial/lib/python3.12/site-packages:${PYTHONPATH} /usr/bin/python3 -W ignore:setup.py install is deprecated -W ignore:easy_install command is deprecated setup.py egg_info --egg-base ../../build/smr_tutorial build --build-base /home/vivit/Projects/smr_tutorial/build/smr_tutorial/build install --record /home/vivit/Projects/smr_tutorial/build/smr_tutorial/install.log --single-version-externally-managed install_data
