[0.101s] DEBUG:colcon:Command line arguments: ['/usr/bin/colcon', 'build']
[0.101s] DEBUG:colcon:Parsed command line arguments: Namespace(log_base=None, log_level=None, verb_name='build', build_base='build', install_base='install', merge_install=False, symlink_install=False, test_result_base=None, continue_on_error=False, executor='parallel', parallel_workers=12, event_handlers=None, ignore_user_meta=False, metas=['./colcon.meta'], base_paths=['.'], packages_ignore=None, packages_ignore_regex=None, paths=None, packages_up_to=None, packages_up_to_regex=None, packages_above=None, packages_above_and_dependencies=None, packages_above_depth=None, packages_select_by_dep=None, packages_skip_by_dep=None, packages_skip_up_to=None, packages_select_build_failed=False, packages_skip_build_finished=False, packages_select_test_failures=False, packages_skip_test_passed=False, packages_select=None, packages_skip=None, packages_select_regex=None, packages_skip_regex=None, packages_start=None, packages_end=None, allow_overriding=[], cmake_args=None, cmake_target=None, cmake_target_skip_unavailable=False, cmake_clean_cache=False, cmake_clean_first=False, cmake_force_configure=False, ament_cmake_args=None, catkin_cmake_args=None, catkin_skip_building_tests=False, mixin_files=None, mixin=None, verb_parser=<colcon_mixin.mixin.mixin_argument.MixinArgumentDecorator object at 0x7fd4e5f69070>, verb_extension=<colcon_core.verb.build.BuildVerb object at 0x7fd4e5f68c20>, main=<bound method BuildVerb.main of <colcon_core.verb.build.BuildVerb object at 0x7fd4e5f68c20>>, mixin_verb=('build',))
[0.132s] Level 1:colcon.colcon_core.package_discovery:discover_packages(colcon_meta) check parameters
[0.132s] Level 1:colcon.colcon_core.package_discovery:discover_packages(recursive) check parameters
[0.132s] Level 1:colcon.colcon_core.package_discovery:discover_packages(ignore) check parameters
[0.132s] Level 1:colcon.colcon_core.package_discovery:discover_packages(path) check parameters
[0.132s] Level 1:colcon.colcon_core.package_discovery:discover_packages(colcon_meta) discover
[0.132s] Level 1:colcon.colcon_core.package_discovery:discover_packages(recursive) discover
[0.132s] INFO:colcon.colcon_core.package_discovery:Crawling recursively for packages in '/home/vivit/Projects/smr_tutorial'
[0.133s] Level 1:colcon.colcon_core.package_identification:_identify(.) by extensions ['ignore', 'ignore_ament_install']
[0.133s] Level 1:colcon.colcon_core.package_identification:_identify(.) by extension 'ignore'
[0.133s] Level 1:colcon.colcon_core.package_identification:_identify(.) by extension 'ignore_ament_install'
[0.133s] Level 1:colcon.colcon_core.package_identification:_identify(.) by extensions ['colcon_pkg']
[0.133s] Level 1:colcon.colcon_core.package_identification:_identify(.) by extension 'colcon_pkg'
[0.133s] Level 1:colcon.colcon_core.package_identification:_identify(.) by extensions ['colcon_meta']
[0.133s] Level 1:colcon.colcon_core.package_identification:_identify(.) by extension 'colcon_meta'
[0.133s] Level 1:colcon.colcon_core.package_identification:_identify(.) by extensions ['ros']
[0.133s] Level 1:colcon.colcon_core.package_identification:_identify(.) by extension 'ros'
[0.152s] Level 1:colcon.colcon_core.package_identification:_identify(.) by extensions ['cmake', 'python']
[0.152s] Level 1:colcon.colcon_core.package_identification:_identify(.) by extension 'cmake'
[0.152s] Level 1:colcon.colcon_core.package_identification:_identify(.) by extension 'python'
[0.152s] Level 1:colcon.colcon_core.package_identification:_identify(.) by extensions ['python_setup_py']
[0.152s] Level 1:colcon.colcon_core.package_identification:_identify(.) by extension 'python_setup_py'
[0.152s] Level 1:colcon.colcon_core.package_identification:_identify(build) by extensions ['ignore', 'ignore_ament_install']
[0.152s] Level 1:colcon.colcon_core.package_identification:_identify(build) by extension 'ignore'
[0.152s] Level 1:colcon.colcon_core.package_identification:_identify(build) ignored
[0.152s] Level 1:colcon.colcon_core.package_identification:_identify(install) by extensions ['ignore', 'ignore_ament_install']
[0.153s] Level 1:colcon.colcon_core.package_identification:_identify(install) by extension 'ignore'
[0.153s] Level 1:colcon.colcon_core.package_identification:_identify(install) ignored
[0.153s] Level 1:colcon.colcon_core.package_identification:_identify(log) by extensions ['ignore', 'ignore_ament_install']
[0.153s] Level 1:colcon.colcon_core.package_identification:_identify(log) by extension 'ignore'
[0.153s] Level 1:colcon.colcon_core.package_identification:_identify(log) ignored
[0.153s] Level 1:colcon.colcon_core.package_identification:_identify(src) by extensions ['ignore', 'ignore_ament_install']
[0.153s] Level 1:colcon.colcon_core.package_identification:_identify(src) by extension 'ignore'
[0.153s] Level 1:colcon.colcon_core.package_identification:_identify(src) by extension 'ignore_ament_install'
[0.153s] Level 1:colcon.colcon_core.package_identification:_identify(src) by extensions ['colcon_pkg']
[0.153s] Level 1:colcon.colcon_core.package_identification:_identify(src) by extension 'colcon_pkg'
[0.153s] Level 1:colcon.colcon_core.package_identification:_identify(src) by extensions ['colcon_meta']
[0.153s] Level 1:colcon.colcon_core.package_identification:_identify(src) by extension 'colcon_meta'
[0.153s] Level 1:colcon.colcon_core.package_identification:_identify(src) by extensions ['ros']
[0.153s] Level 1:colcon.colcon_core.package_identification:_identify(src) by extension 'ros'
[0.153s] Level 1:colcon.colcon_core.package_identification:_identify(src) by extensions ['cmake', 'python']
[0.153s] Level 1:colcon.colcon_core.package_identification:_identify(src) by extension 'cmake'
[0.153s] Level 1:colcon.colcon_core.package_identification:_identify(src) by extension 'python'
[0.153s] Level 1:colcon.colcon_core.package_identification:_identify(src) by extensions ['python_setup_py']
[0.153s] Level 1:colcon.colcon_core.package_identification:_identify(src) by extension 'python_setup_py'
[0.153s] Level 1:colcon.colcon_core.package_identification:_identify(src/hardware_interface_cpp) by extensions ['ignore', 'ignore_ament_install']
[0.153s] Level 1:colcon.colcon_core.package_identification:_identify(src/hardware_interface_cpp) by extension 'ignore'
[0.153s] Level 1:colcon.colcon_core.package_identification:_identify(src/hardware_interface_cpp) by extension 'ignore_ament_install'
[0.153s] Level 1:colcon.colcon_core.package_identification:_identify(src/hardware_interface_cpp) by extensions ['colcon_pkg']
[0.153s] Level 1:colcon.colcon_core.package_identification:_identify(src/hardware_interface_cpp) by extension 'colcon_pkg'
[0.153s] Level 1:colcon.colcon_core.package_identification:_identify(src/hardware_interface_cpp) by extensions ['colcon_meta']
[0.153s] Level 1:colcon.colcon_core.package_identification:_identify(src/hardware_interface_cpp) by extension 'colcon_meta'
[0.154s] Level 1:colcon.colcon_core.package_identification:_identify(src/hardware_interface_cpp) by extensions ['ros']
[0.154s] Level 1:colcon.colcon_core.package_identification:_identify(src/hardware_interface_cpp) by extension 'ros'
[0.155s] DEBUG:colcon.colcon_core.package_identification:Package 'src/hardware_interface_cpp' with type 'ros.ament_cmake' and name 'hardware_interface_cpp'
[0.155s] Level 1:colcon.colcon_core.package_identification:_identify(src/robot_hardware_interface) by extensions ['ignore', 'ignore_ament_install']
[0.155s] Level 1:colcon.colcon_core.package_identification:_identify(src/robot_hardware_interface) by extension 'ignore'
[0.156s] Level 1:colcon.colcon_core.package_identification:_identify(src/robot_hardware_interface) by extension 'ignore_ament_install'
[0.156s] Level 1:colcon.colcon_core.package_identification:_identify(src/robot_hardware_interface) by extensions ['colcon_pkg']
[0.156s] Level 1:colcon.colcon_core.package_identification:_identify(src/robot_hardware_interface) by extension 'colcon_pkg'
[0.156s] Level 1:colcon.colcon_core.package_identification:_identify(src/robot_hardware_interface) by extensions ['colcon_meta']
[0.156s] Level 1:colcon.colcon_core.package_identification:_identify(src/robot_hardware_interface) by extension 'colcon_meta'
[0.156s] Level 1:colcon.colcon_core.package_identification:_identify(src/robot_hardware_interface) by extensions ['ros']
[0.156s] Level 1:colcon.colcon_core.package_identification:_identify(src/robot_hardware_interface) by extension 'ros'
[0.156s] DEBUG:colcon.colcon_core.package_identification:Package 'src/robot_hardware_interface' with type 'ros.ament_cmake' and name 'robot_hardware_interface'
[0.156s] Level 1:colcon.colcon_core.package_identification:_identify(src/smr_tutorial) by extensions ['ignore', 'ignore_ament_install']
[0.156s] Level 1:colcon.colcon_core.package_identification:_identify(src/smr_tutorial) by extension 'ignore'
[0.156s] Level 1:colcon.colcon_core.package_identification:_identify(src/smr_tutorial) by extension 'ignore_ament_install'
[0.156s] Level 1:colcon.colcon_core.package_identification:_identify(src/smr_tutorial) by extensions ['colcon_pkg']
[0.156s] Level 1:colcon.colcon_core.package_identification:_identify(src/smr_tutorial) by extension 'colcon_pkg'
[0.156s] Level 1:colcon.colcon_core.package_identification:_identify(src/smr_tutorial) by extensions ['colcon_meta']
[0.156s] Level 1:colcon.colcon_core.package_identification:_identify(src/smr_tutorial) by extension 'colcon_meta'
[0.156s] Level 1:colcon.colcon_core.package_identification:_identify(src/smr_tutorial) by extensions ['ros']
[0.156s] Level 1:colcon.colcon_core.package_identification:_identify(src/smr_tutorial) by extension 'ros'
[0.157s] DEBUG:colcon.colcon_core.package_identification:Package 'src/smr_tutorial' with type 'ros.ament_python' and name 'smr_tutorial'
[0.157s] Level 1:colcon.colcon_core.package_discovery:discover_packages(recursive) using defaults
[0.157s] Level 1:colcon.colcon_core.package_discovery:discover_packages(ignore) discover
[0.157s] Level 1:colcon.colcon_core.package_discovery:discover_packages(ignore) using defaults
[0.157s] Level 1:colcon.colcon_core.package_discovery:discover_packages(path) discover
[0.157s] Level 1:colcon.colcon_core.package_discovery:discover_packages(path) using defaults
[0.170s] Level 1:colcon.colcon_core.package_discovery:discover_packages(prefix_path) check parameters
[0.170s] Level 1:colcon.colcon_core.package_discovery:discover_packages(prefix_path) discover
[0.170s] WARNING:colcon.colcon_ros.prefix_path.ament:The path '/home/vivit/Projects/smr_tutorial/install/robot_hardware_interface' in the environment variable AMENT_PREFIX_PATH doesn't exist
[0.171s] WARNING:colcon.colcon_ros.prefix_path.ament:The path '/home/vivit/Projects/smr_tutorial/install/led_interface_cpp' in the environment variable AMENT_PREFIX_PATH doesn't exist
[0.171s] WARNING:colcon.colcon_ros.prefix_path.catkin:The path '/home/vivit/Projects/smr_tutorial/install/robot_hardware_interface' in the environment variable CMAKE_PREFIX_PATH doesn't exist
[0.171s] WARNING:colcon.colcon_ros.prefix_path.catkin:The path '/home/vivit/Projects/smr_tutorial/install/led_interface_cpp' in the environment variable CMAKE_PREFIX_PATH doesn't exist
[0.171s] DEBUG:colcon.colcon_installed_package_information.package_discovery:Found 2 installed packages in /home/vivit/Projects/smr_tutorial/install
[0.172s] DEBUG:colcon.colcon_installed_package_information.package_discovery:Found 290 installed packages in /opt/ros/jazzy
[0.173s] Level 1:colcon.colcon_core.package_discovery:discover_packages(prefix_path) using defaults
[0.201s] Level 5:colcon.colcon_core.verb:set package 'hardware_interface_cpp' build argument 'cmake_args' from command line to 'None'
[0.201s] Level 5:colcon.colcon_core.verb:set package 'hardware_interface_cpp' build argument 'cmake_target' from command line to 'None'
[0.201s] Level 5:colcon.colcon_core.verb:set package 'hardware_interface_cpp' build argument 'cmake_target_skip_unavailable' from command line to 'False'
[0.201s] Level 5:colcon.colcon_core.verb:set package 'hardware_interface_cpp' build argument 'cmake_clean_cache' from command line to 'False'
[0.201s] Level 5:colcon.colcon_core.verb:set package 'hardware_interface_cpp' build argument 'cmake_clean_first' from command line to 'False'
[0.201s] Level 5:colcon.colcon_core.verb:set package 'hardware_interface_cpp' build argument 'cmake_force_configure' from command line to 'False'
[0.201s] Level 5:colcon.colcon_core.verb:set package 'hardware_interface_cpp' build argument 'ament_cmake_args' from command line to 'None'
[0.201s] Level 5:colcon.colcon_core.verb:set package 'hardware_interface_cpp' build argument 'catkin_cmake_args' from command line to 'None'
[0.201s] Level 5:colcon.colcon_core.verb:set package 'hardware_interface_cpp' build argument 'catkin_skip_building_tests' from command line to 'False'
[0.201s] DEBUG:colcon.colcon_core.verb:Building package 'hardware_interface_cpp' with the following arguments: {'ament_cmake_args': None, 'build_base': '/home/vivit/Projects/smr_tutorial/build/hardware_interface_cpp', 'catkin_cmake_args': None, 'catkin_skip_building_tests': False, 'cmake_args': None, 'cmake_clean_cache': False, 'cmake_clean_first': False, 'cmake_force_configure': False, 'cmake_target': None, 'cmake_target_skip_unavailable': False, 'install_base': '/home/vivit/Projects/smr_tutorial/install/hardware_interface_cpp', 'merge_install': False, 'path': '/home/vivit/Projects/smr_tutorial/src/hardware_interface_cpp', 'symlink_install': False, 'test_result_base': None}
[0.201s] Level 5:colcon.colcon_core.verb:set package 'robot_hardware_interface' build argument 'cmake_args' from command line to 'None'
[0.201s] Level 5:colcon.colcon_core.verb:set package 'robot_hardware_interface' build argument 'cmake_target' from command line to 'None'
[0.201s] Level 5:colcon.colcon_core.verb:set package 'robot_hardware_interface' build argument 'cmake_target_skip_unavailable' from command line to 'False'
[0.201s] Level 5:colcon.colcon_core.verb:set package 'robot_hardware_interface' build argument 'cmake_clean_cache' from command line to 'False'
[0.201s] Level 5:colcon.colcon_core.verb:set package 'robot_hardware_interface' build argument 'cmake_clean_first' from command line to 'False'
[0.201s] Level 5:colcon.colcon_core.verb:set package 'robot_hardware_interface' build argument 'cmake_force_configure' from command line to 'False'
[0.201s] Level 5:colcon.colcon_core.verb:set package 'robot_hardware_interface' build argument 'ament_cmake_args' from command line to 'None'
[0.201s] Level 5:colcon.colcon_core.verb:set package 'robot_hardware_interface' build argument 'catkin_cmake_args' from command line to 'None'
[0.201s] Level 5:colcon.colcon_core.verb:set package 'robot_hardware_interface' build argument 'catkin_skip_building_tests' from command line to 'False'
[0.201s] DEBUG:colcon.colcon_core.verb:Building package 'robot_hardware_interface' with the following arguments: {'ament_cmake_args': None, 'build_base': '/home/vivit/Projects/smr_tutorial/build/robot_hardware_interface', 'catkin_cmake_args': None, 'catkin_skip_building_tests': False, 'cmake_args': None, 'cmake_clean_cache': False, 'cmake_clean_first': False, 'cmake_force_configure': False, 'cmake_target': None, 'cmake_target_skip_unavailable': False, 'install_base': '/home/vivit/Projects/smr_tutorial/install/robot_hardware_interface', 'merge_install': False, 'path': '/home/vivit/Projects/smr_tutorial/src/robot_hardware_interface', 'symlink_install': False, 'test_result_base': None}
[0.202s] Level 5:colcon.colcon_core.verb:set package 'smr_tutorial' build argument 'cmake_args' from command line to 'None'
[0.202s] Level 5:colcon.colcon_core.verb:set package 'smr_tutorial' build argument 'cmake_target' from command line to 'None'
[0.202s] Level 5:colcon.colcon_core.verb:set package 'smr_tutorial' build argument 'cmake_target_skip_unavailable' from command line to 'False'
[0.202s] Level 5:colcon.colcon_core.verb:set package 'smr_tutorial' build argument 'cmake_clean_cache' from command line to 'False'
[0.202s] Level 5:colcon.colcon_core.verb:set package 'smr_tutorial' build argument 'cmake_clean_first' from command line to 'False'
[0.202s] Level 5:colcon.colcon_core.verb:set package 'smr_tutorial' build argument 'cmake_force_configure' from command line to 'False'
[0.202s] Level 5:colcon.colcon_core.verb:set package 'smr_tutorial' build argument 'ament_cmake_args' from command line to 'None'
[0.202s] Level 5:colcon.colcon_core.verb:set package 'smr_tutorial' build argument 'catkin_cmake_args' from command line to 'None'
[0.202s] Level 5:colcon.colcon_core.verb:set package 'smr_tutorial' build argument 'catkin_skip_building_tests' from command line to 'False'
[0.202s] DEBUG:colcon.colcon_core.verb:Building package 'smr_tutorial' with the following arguments: {'ament_cmake_args': None, 'build_base': '/home/vivit/Projects/smr_tutorial/build/smr_tutorial', 'catkin_cmake_args': None, 'catkin_skip_building_tests': False, 'cmake_args': None, 'cmake_clean_cache': False, 'cmake_clean_first': False, 'cmake_force_configure': False, 'cmake_target': None, 'cmake_target_skip_unavailable': False, 'install_base': '/home/vivit/Projects/smr_tutorial/install/smr_tutorial', 'merge_install': False, 'path': '/home/vivit/Projects/smr_tutorial/src/smr_tutorial', 'symlink_install': False, 'test_result_base': None}
[0.202s] INFO:colcon.colcon_core.executor:Executing jobs using 'parallel' executor
[0.202s] DEBUG:colcon.colcon_parallel_executor.executor.parallel:run_until_complete
[0.203s] INFO:colcon.colcon_ros.task.ament_cmake.build:Building ROS package in '/home/vivit/Projects/smr_tutorial/src/hardware_interface_cpp' with build type 'ament_cmake'
[0.203s] INFO:colcon.colcon_cmake.task.cmake.build:Building CMake package in '/home/vivit/Projects/smr_tutorial/src/hardware_interface_cpp'
[0.205s] INFO:colcon.colcon_core.plugin_system:Skipping extension 'colcon_core.shell.bat': Not used on non-Windows systems
[0.205s] INFO:colcon.colcon_core.shell:Skip shell extension 'powershell' for command environment: Not usable outside of PowerShell
[0.205s] DEBUG:colcon.colcon_core.shell:Skip shell extension 'dsv' for command environment
[0.207s] INFO:colcon.colcon_ros.task.ament_cmake.build:Building ROS package in '/home/vivit/Projects/smr_tutorial/src/robot_hardware_interface' with build type 'ament_cmake'
[0.207s] INFO:colcon.colcon_cmake.task.cmake.build:Building CMake package in '/home/vivit/Projects/smr_tutorial/src/robot_hardware_interface'
[0.207s] INFO:colcon.colcon_core.shell:Skip shell extension 'powershell' for command environment: Not usable outside of PowerShell
[0.207s] DEBUG:colcon.colcon_core.shell:Skip shell extension 'dsv' for command environment
[0.209s] INFO:colcon.colcon_ros.task.ament_python.build:Building ROS package in '/home/vivit/Projects/smr_tutorial/src/smr_tutorial' with build type 'ament_python'
[0.209s] Level 1:colcon.colcon_core.shell:create_environment_hook('smr_tutorial', 'ament_prefix_path')
[0.209s] INFO:colcon.colcon_core.shell:Creating environment hook '/home/vivit/Projects/smr_tutorial/install/smr_tutorial/share/smr_tutorial/hook/ament_prefix_path.ps1'
[0.210s] INFO:colcon.colcon_core.shell:Creating environment descriptor '/home/vivit/Projects/smr_tutorial/install/smr_tutorial/share/smr_tutorial/hook/ament_prefix_path.dsv'
[0.210s] INFO:colcon.colcon_core.shell:Creating environment hook '/home/vivit/Projects/smr_tutorial/install/smr_tutorial/share/smr_tutorial/hook/ament_prefix_path.sh'
[0.210s] INFO:colcon.colcon_core.shell:Skip shell extension 'powershell' for command environment: Not usable outside of PowerShell
[0.210s] DEBUG:colcon.colcon_core.shell:Skip shell extension 'dsv' for command environment
[0.217s] DEBUG:colcon.colcon_core.event_handler.log_command:Invoking command in '/home/vivit/Projects/smr_tutorial/build/hardware_interface_cpp': CMAKE_PREFIX_PATH=${CMAKE_PREFIX_PATH}:/home/vivit/Projects/smr_tutorial/install/smr_tutorial:/opt/ros/jazzy /usr/bin/cmake /home/vivit/Projects/smr_tutorial/src/hardware_interface_cpp -DCMAKE_INSTALL_PREFIX=/home/vivit/Projects/smr_tutorial/install/hardware_interface_cpp
[0.223s] DEBUG:colcon.colcon_core.event_handler.log_command:Invoking command in '/home/vivit/Projects/smr_tutorial/build/robot_hardware_interface': CMAKE_PREFIX_PATH=${CMAKE_PREFIX_PATH}:/home/vivit/Projects/smr_tutorial/install/smr_tutorial:/opt/ros/jazzy /usr/bin/cmake --build /home/vivit/Projects/smr_tutorial/build/robot_hardware_interface -- -j12 -l12
[0.387s] INFO:colcon.colcon_core.task.python.build:Building Python package in '/home/vivit/Projects/smr_tutorial/src/smr_tutorial'
[0.388s] INFO:colcon.colcon_core.shell:Skip shell extension 'powershell' for command environment: Not usable outside of PowerShell
[0.388s] DEBUG:colcon.colcon_core.shell:Skip shell extension 'dsv' for command environment
[0.391s] DEBUG:colcon.colcon_core.event_handler.log_command:Invoked command in '/home/vivit/Projects/smr_tutorial/build/robot_hardware_interface' returned '0': CMAKE_PREFIX_PATH=${CMAKE_PREFIX_PATH}:/home/vivit/Projects/smr_tutorial/install/smr_tutorial:/opt/ros/jazzy /usr/bin/cmake --build /home/vivit/Projects/smr_tutorial/build/robot_hardware_interface -- -j12 -l12
[0.397s] DEBUG:colcon.colcon_core.event_handler.log_command:Invoking command in '/home/vivit/Projects/smr_tutorial/build/robot_hardware_interface': CMAKE_PREFIX_PATH=${CMAKE_PREFIX_PATH}:/home/vivit/Projects/smr_tutorial/install/smr_tutorial:/opt/ros/jazzy /usr/bin/cmake --install /home/vivit/Projects/smr_tutorial/build/robot_hardware_interface
[0.414s] Level 1:colcon.colcon_core.environment:create_environment_scripts_only(robot_hardware_interface)
[0.414s] DEBUG:colcon.colcon_core.event_handler.log_command:Invoked command in '/home/vivit/Projects/smr_tutorial/build/robot_hardware_interface' returned '0': CMAKE_PREFIX_PATH=${CMAKE_PREFIX_PATH}:/home/vivit/Projects/smr_tutorial/install/smr_tutorial:/opt/ros/jazzy /usr/bin/cmake --install /home/vivit/Projects/smr_tutorial/build/robot_hardware_interface
[0.416s] Level 1:colcon.colcon_core.environment:checking '/home/vivit/Projects/smr_tutorial/install/robot_hardware_interface' for CMake module files
[0.416s] Level 1:colcon.colcon_core.environment:checking '/home/vivit/Projects/smr_tutorial/install/robot_hardware_interface' for CMake config files
[0.417s] Level 1:colcon.colcon_core.shell:create_environment_hook('robot_hardware_interface', 'cmake_prefix_path')
[0.417s] INFO:colcon.colcon_core.shell:Creating environment hook '/home/vivit/Projects/smr_tutorial/install/robot_hardware_interface/share/robot_hardware_interface/hook/cmake_prefix_path.ps1'
[0.417s] INFO:colcon.colcon_core.shell:Creating environment descriptor '/home/vivit/Projects/smr_tutorial/install/robot_hardware_interface/share/robot_hardware_interface/hook/cmake_prefix_path.dsv'
[0.418s] INFO:colcon.colcon_core.shell:Creating environment hook '/home/vivit/Projects/smr_tutorial/install/robot_hardware_interface/share/robot_hardware_interface/hook/cmake_prefix_path.sh'
[0.418s] Level 1:colcon.colcon_core.environment:checking '/home/vivit/Projects/smr_tutorial/install/robot_hardware_interface/lib'
[0.418s] Level 1:colcon.colcon_core.environment:checking '/home/vivit/Projects/smr_tutorial/install/robot_hardware_interface/bin'
[0.418s] Level 1:colcon.colcon_core.environment:checking '/home/vivit/Projects/smr_tutorial/install/robot_hardware_interface/lib/pkgconfig/robot_hardware_interface.pc'
[0.419s] Level 1:colcon.colcon_core.environment:checking '/home/vivit/Projects/smr_tutorial/install/robot_hardware_interface/lib/python3.12/site-packages'
[0.419s] Level 1:colcon.colcon_core.environment:checking '/home/vivit/Projects/smr_tutorial/install/robot_hardware_interface/bin'
[0.419s] INFO:colcon.colcon_core.shell:Creating package script '/home/vivit/Projects/smr_tutorial/install/robot_hardware_interface/share/robot_hardware_interface/package.ps1'
[0.419s] INFO:colcon.colcon_core.shell:Creating package descriptor '/home/vivit/Projects/smr_tutorial/install/robot_hardware_interface/share/robot_hardware_interface/package.dsv'
[0.420s] INFO:colcon.colcon_core.shell:Creating package script '/home/vivit/Projects/smr_tutorial/install/robot_hardware_interface/share/robot_hardware_interface/package.sh'
[0.420s] INFO:colcon.colcon_core.shell:Creating package script '/home/vivit/Projects/smr_tutorial/install/robot_hardware_interface/share/robot_hardware_interface/package.bash'
[0.421s] INFO:colcon.colcon_core.shell:Creating package script '/home/vivit/Projects/smr_tutorial/install/robot_hardware_interface/share/robot_hardware_interface/package.zsh'
[0.422s] Level 1:colcon.colcon_core.environment:create_file_with_runtime_dependencies(/home/vivit/Projects/smr_tutorial/install/robot_hardware_interface/share/colcon-core/packages/robot_hardware_interface)
[0.422s] Level 1:colcon.colcon_core.environment:create_environment_scripts_only(robot_hardware_interface)
[0.422s] Level 1:colcon.colcon_core.environment:checking '/home/vivit/Projects/smr_tutorial/install/robot_hardware_interface' for CMake module files
[0.423s] Level 1:colcon.colcon_core.environment:checking '/home/vivit/Projects/smr_tutorial/install/robot_hardware_interface' for CMake config files
[0.423s] Level 1:colcon.colcon_core.shell:create_environment_hook('robot_hardware_interface', 'cmake_prefix_path')
[0.423s] INFO:colcon.colcon_core.shell:Creating environment hook '/home/vivit/Projects/smr_tutorial/install/robot_hardware_interface/share/robot_hardware_interface/hook/cmake_prefix_path.ps1'
[0.423s] INFO:colcon.colcon_core.shell:Creating environment descriptor '/home/vivit/Projects/smr_tutorial/install/robot_hardware_interface/share/robot_hardware_interface/hook/cmake_prefix_path.dsv'
[0.424s] INFO:colcon.colcon_core.shell:Creating environment hook '/home/vivit/Projects/smr_tutorial/install/robot_hardware_interface/share/robot_hardware_interface/hook/cmake_prefix_path.sh'
[0.424s] Level 1:colcon.colcon_core.environment:checking '/home/vivit/Projects/smr_tutorial/install/robot_hardware_interface/lib'
[0.424s] Level 1:colcon.colcon_core.environment:checking '/home/vivit/Projects/smr_tutorial/install/robot_hardware_interface/bin'
[0.424s] Level 1:colcon.colcon_core.environment:checking '/home/vivit/Projects/smr_tutorial/install/robot_hardware_interface/lib/pkgconfig/robot_hardware_interface.pc'
[0.425s] Level 1:colcon.colcon_core.environment:checking '/home/vivit/Projects/smr_tutorial/install/robot_hardware_interface/lib/python3.12/site-packages'
[0.425s] Level 1:colcon.colcon_core.environment:checking '/home/vivit/Projects/smr_tutorial/install/robot_hardware_interface/bin'
[0.425s] INFO:colcon.colcon_core.shell:Creating package script '/home/vivit/Projects/smr_tutorial/install/robot_hardware_interface/share/robot_hardware_interface/package.ps1'
[0.425s] INFO:colcon.colcon_core.shell:Creating package descriptor '/home/vivit/Projects/smr_tutorial/install/robot_hardware_interface/share/robot_hardware_interface/package.dsv'
[0.426s] INFO:colcon.colcon_core.shell:Creating package script '/home/vivit/Projects/smr_tutorial/install/robot_hardware_interface/share/robot_hardware_interface/package.sh'
[0.426s] INFO:colcon.colcon_core.shell:Creating package script '/home/vivit/Projects/smr_tutorial/install/robot_hardware_interface/share/robot_hardware_interface/package.bash'
[0.426s] INFO:colcon.colcon_core.shell:Creating package script '/home/vivit/Projects/smr_tutorial/install/robot_hardware_interface/share/robot_hardware_interface/package.zsh'
[0.426s] Level 1:colcon.colcon_core.environment:create_file_with_runtime_dependencies(/home/vivit/Projects/smr_tutorial/install/robot_hardware_interface/share/colcon-core/packages/robot_hardware_interface)
[0.799s] DEBUG:colcon.colcon_core.event_handler.log_command:Invoking command in '/home/vivit/Projects/smr_tutorial/src/smr_tutorial': PYTHONPATH=/home/vivit/Projects/smr_tutorial/build/smr_tutorial/prefix_override:/usr/lib/python3/dist-packages/colcon_core/task/python/colcon_distutils_commands:/home/vivit/Projects/smr_tutorial/install/smr_tutorial/lib/python3.12/site-packages:${PYTHONPATH} /usr/bin/python3 -W ignore:setup.py install is deprecated -W ignore:easy_install command is deprecated setup.py egg_info --egg-base ../../build/smr_tutorial build --build-base /home/vivit/Projects/smr_tutorial/build/smr_tutorial/build install --record /home/vivit/Projects/smr_tutorial/build/smr_tutorial/install.log --single-version-externally-managed install_data
[1.170s] Level 1:colcon.colcon_core.environment:checking '/home/vivit/Projects/smr_tutorial/install/smr_tutorial' for CMake module files
[1.171s] DEBUG:colcon.colcon_core.event_handler.log_command:Invoked command in '/home/vivit/Projects/smr_tutorial/src/smr_tutorial' returned '0': PYTHONPATH=/home/vivit/Projects/smr_tutorial/build/smr_tutorial/prefix_override:/usr/lib/python3/dist-packages/colcon_core/task/python/colcon_distutils_commands:/home/vivit/Projects/smr_tutorial/install/smr_tutorial/lib/python3.12/site-packages:${PYTHONPATH} /usr/bin/python3 -W ignore:setup.py install is deprecated -W ignore:easy_install command is deprecated setup.py egg_info --egg-base ../../build/smr_tutorial build --build-base /home/vivit/Projects/smr_tutorial/build/smr_tutorial/build install --record /home/vivit/Projects/smr_tutorial/build/smr_tutorial/install.log --single-version-externally-managed install_data
[1.171s] Level 1:colcon.colcon_core.environment:checking '/home/vivit/Projects/smr_tutorial/install/smr_tutorial' for CMake config files
[1.172s] Level 1:colcon.colcon_core.environment:checking '/home/vivit/Projects/smr_tutorial/install/smr_tutorial/lib'
[1.172s] Level 1:colcon.colcon_core.environment:checking '/home/vivit/Projects/smr_tutorial/install/smr_tutorial/bin'
[1.172s] Level 1:colcon.colcon_core.environment:checking '/home/vivit/Projects/smr_tutorial/install/smr_tutorial/lib/pkgconfig/smr_tutorial.pc'
[1.172s] Level 1:colcon.colcon_core.environment:checking '/home/vivit/Projects/smr_tutorial/install/smr_tutorial/lib/python3.12/site-packages'
[1.172s] Level 1:colcon.colcon_core.shell:create_environment_hook('smr_tutorial', 'pythonpath')
[1.172s] INFO:colcon.colcon_core.shell:Creating environment hook '/home/vivit/Projects/smr_tutorial/install/smr_tutorial/share/smr_tutorial/hook/pythonpath.ps1'
[1.173s] INFO:colcon.colcon_core.shell:Creating environment descriptor '/home/vivit/Projects/smr_tutorial/install/smr_tutorial/share/smr_tutorial/hook/pythonpath.dsv'
[1.173s] INFO:colcon.colcon_core.shell:Creating environment hook '/home/vivit/Projects/smr_tutorial/install/smr_tutorial/share/smr_tutorial/hook/pythonpath.sh'
[1.173s] Level 1:colcon.colcon_core.environment:checking '/home/vivit/Projects/smr_tutorial/install/smr_tutorial/bin'
[1.173s] Level 1:colcon.colcon_core.environment:create_environment_scripts_only(smr_tutorial)
[1.174s] INFO:colcon.colcon_core.shell:Creating package script '/home/vivit/Projects/smr_tutorial/install/smr_tutorial/share/smr_tutorial/package.ps1'
[1.174s] INFO:colcon.colcon_core.shell:Creating package descriptor '/home/vivit/Projects/smr_tutorial/install/smr_tutorial/share/smr_tutorial/package.dsv'
[1.174s] INFO:colcon.colcon_core.shell:Creating package script '/home/vivit/Projects/smr_tutorial/install/smr_tutorial/share/smr_tutorial/package.sh'
[1.175s] INFO:colcon.colcon_core.shell:Creating package script '/home/vivit/Projects/smr_tutorial/install/smr_tutorial/share/smr_tutorial/package.bash'
[1.175s] INFO:colcon.colcon_core.shell:Creating package script '/home/vivit/Projects/smr_tutorial/install/smr_tutorial/share/smr_tutorial/package.zsh'
[1.175s] Level 1:colcon.colcon_core.environment:create_file_with_runtime_dependencies(/home/vivit/Projects/smr_tutorial/install/smr_tutorial/share/colcon-core/packages/smr_tutorial)
[1.836s] DEBUG:colcon.colcon_core.event_handler.log_command:Invoked command in '/home/vivit/Projects/smr_tutorial/build/hardware_interface_cpp' returned '0': CMAKE_PREFIX_PATH=${CMAKE_PREFIX_PATH}:/home/vivit/Projects/smr_tutorial/install/smr_tutorial:/opt/ros/jazzy /usr/bin/cmake /home/vivit/Projects/smr_tutorial/src/hardware_interface_cpp -DCMAKE_INSTALL_PREFIX=/home/vivit/Projects/smr_tutorial/install/hardware_interface_cpp
[1.837s] DEBUG:colcon.colcon_core.event_handler.log_command:Invoking command in '/home/vivit/Projects/smr_tutorial/build/hardware_interface_cpp': CMAKE_PREFIX_PATH=${CMAKE_PREFIX_PATH}:/home/vivit/Projects/smr_tutorial/install/smr_tutorial:/opt/ros/jazzy /usr/bin/cmake --build /home/vivit/Projects/smr_tutorial/build/hardware_interface_cpp -- -j12 -l12
[7.581s] DEBUG:colcon.colcon_core.event_handler.log_command:Invoked command in '/home/vivit/Projects/smr_tutorial/build/hardware_interface_cpp' returned '0': CMAKE_PREFIX_PATH=${CMAKE_PREFIX_PATH}:/home/vivit/Projects/smr_tutorial/install/smr_tutorial:/opt/ros/jazzy /usr/bin/cmake --build /home/vivit/Projects/smr_tutorial/build/hardware_interface_cpp -- -j12 -l12
[7.583s] DEBUG:colcon.colcon_core.event_handler.log_command:Invoking command in '/home/vivit/Projects/smr_tutorial/build/hardware_interface_cpp': CMAKE_PREFIX_PATH=${CMAKE_PREFIX_PATH}:/home/vivit/Projects/smr_tutorial/install/smr_tutorial:/opt/ros/jazzy /usr/bin/cmake --install /home/vivit/Projects/smr_tutorial/build/hardware_interface_cpp
[7.595s] Level 1:colcon.colcon_core.environment:create_environment_scripts_only(hardware_interface_cpp)
[7.595s] Level 1:colcon.colcon_core.environment:checking '/home/vivit/Projects/smr_tutorial/install/hardware_interface_cpp' for CMake module files
[7.595s] DEBUG:colcon.colcon_core.event_handler.log_command:Invoked command in '/home/vivit/Projects/smr_tutorial/build/hardware_interface_cpp' returned '0': CMAKE_PREFIX_PATH=${CMAKE_PREFIX_PATH}:/home/vivit/Projects/smr_tutorial/install/smr_tutorial:/opt/ros/jazzy /usr/bin/cmake --install /home/vivit/Projects/smr_tutorial/build/hardware_interface_cpp
[7.596s] Level 1:colcon.colcon_core.environment:checking '/home/vivit/Projects/smr_tutorial/install/hardware_interface_cpp' for CMake config files
[7.596s] Level 1:colcon.colcon_core.shell:create_environment_hook('hardware_interface_cpp', 'cmake_prefix_path')
[7.596s] INFO:colcon.colcon_core.shell:Creating environment hook '/home/vivit/Projects/smr_tutorial/install/hardware_interface_cpp/share/hardware_interface_cpp/hook/cmake_prefix_path.ps1'
[7.596s] INFO:colcon.colcon_core.shell:Creating environment descriptor '/home/vivit/Projects/smr_tutorial/install/hardware_interface_cpp/share/hardware_interface_cpp/hook/cmake_prefix_path.dsv'
[7.597s] INFO:colcon.colcon_core.shell:Creating environment hook '/home/vivit/Projects/smr_tutorial/install/hardware_interface_cpp/share/hardware_interface_cpp/hook/cmake_prefix_path.sh'
[7.597s] Level 1:colcon.colcon_core.environment:checking '/home/vivit/Projects/smr_tutorial/install/hardware_interface_cpp/lib'
[7.597s] Level 1:colcon.colcon_core.environment:checking '/home/vivit/Projects/smr_tutorial/install/hardware_interface_cpp/bin'
[7.597s] Level 1:colcon.colcon_core.environment:checking '/home/vivit/Projects/smr_tutorial/install/hardware_interface_cpp/lib/pkgconfig/hardware_interface_cpp.pc'
[7.598s] Level 1:colcon.colcon_core.environment:checking '/home/vivit/Projects/smr_tutorial/install/hardware_interface_cpp/lib/python3.12/site-packages'
[7.598s] Level 1:colcon.colcon_core.environment:checking '/home/vivit/Projects/smr_tutorial/install/hardware_interface_cpp/bin'
[7.598s] INFO:colcon.colcon_core.shell:Creating package script '/home/vivit/Projects/smr_tutorial/install/hardware_interface_cpp/share/hardware_interface_cpp/package.ps1'
[7.598s] INFO:colcon.colcon_core.shell:Creating package descriptor '/home/vivit/Projects/smr_tutorial/install/hardware_interface_cpp/share/hardware_interface_cpp/package.dsv'
[7.599s] INFO:colcon.colcon_core.shell:Creating package script '/home/vivit/Projects/smr_tutorial/install/hardware_interface_cpp/share/hardware_interface_cpp/package.sh'
[7.599s] INFO:colcon.colcon_core.shell:Creating package script '/home/vivit/Projects/smr_tutorial/install/hardware_interface_cpp/share/hardware_interface_cpp/package.bash'
[7.599s] INFO:colcon.colcon_core.shell:Creating package script '/home/vivit/Projects/smr_tutorial/install/hardware_interface_cpp/share/hardware_interface_cpp/package.zsh'
[7.600s] Level 1:colcon.colcon_core.environment:create_file_with_runtime_dependencies(/home/vivit/Projects/smr_tutorial/install/hardware_interface_cpp/share/colcon-core/packages/hardware_interface_cpp)
[7.600s] Level 1:colcon.colcon_core.environment:create_environment_scripts_only(hardware_interface_cpp)
[7.601s] Level 1:colcon.colcon_core.environment:checking '/home/vivit/Projects/smr_tutorial/install/hardware_interface_cpp' for CMake module files
[7.601s] Level 1:colcon.colcon_core.environment:checking '/home/vivit/Projects/smr_tutorial/install/hardware_interface_cpp' for CMake config files
[7.601s] Level 1:colcon.colcon_core.shell:create_environment_hook('hardware_interface_cpp', 'cmake_prefix_path')
[7.601s] INFO:colcon.colcon_core.shell:Creating environment hook '/home/vivit/Projects/smr_tutorial/install/hardware_interface_cpp/share/hardware_interface_cpp/hook/cmake_prefix_path.ps1'
[7.602s] INFO:colcon.colcon_core.shell:Creating environment descriptor '/home/vivit/Projects/smr_tutorial/install/hardware_interface_cpp/share/hardware_interface_cpp/hook/cmake_prefix_path.dsv'
[7.602s] INFO:colcon.colcon_core.shell:Creating environment hook '/home/vivit/Projects/smr_tutorial/install/hardware_interface_cpp/share/hardware_interface_cpp/hook/cmake_prefix_path.sh'
[7.603s] Level 1:colcon.colcon_core.environment:checking '/home/vivit/Projects/smr_tutorial/install/hardware_interface_cpp/lib'
[7.603s] Level 1:colcon.colcon_core.environment:checking '/home/vivit/Projects/smr_tutorial/install/hardware_interface_cpp/bin'
[7.603s] Level 1:colcon.colcon_core.environment:checking '/home/vivit/Projects/smr_tutorial/install/hardware_interface_cpp/lib/pkgconfig/hardware_interface_cpp.pc'
[7.603s] Level 1:colcon.colcon_core.environment:checking '/home/vivit/Projects/smr_tutorial/install/hardware_interface_cpp/lib/python3.12/site-packages'
[7.603s] Level 1:colcon.colcon_core.environment:checking '/home/vivit/Projects/smr_tutorial/install/hardware_interface_cpp/bin'
[7.603s] INFO:colcon.colcon_core.shell:Creating package script '/home/vivit/Projects/smr_tutorial/install/hardware_interface_cpp/share/hardware_interface_cpp/package.ps1'
[7.604s] INFO:colcon.colcon_core.shell:Creating package descriptor '/home/vivit/Projects/smr_tutorial/install/hardware_interface_cpp/share/hardware_interface_cpp/package.dsv'
[7.604s] INFO:colcon.colcon_core.shell:Creating package script '/home/vivit/Projects/smr_tutorial/install/hardware_interface_cpp/share/hardware_interface_cpp/package.sh'
[7.605s] INFO:colcon.colcon_core.shell:Creating package script '/home/vivit/Projects/smr_tutorial/install/hardware_interface_cpp/share/hardware_interface_cpp/package.bash'
[7.605s] INFO:colcon.colcon_core.shell:Creating package script '/home/vivit/Projects/smr_tutorial/install/hardware_interface_cpp/share/hardware_interface_cpp/package.zsh'
[7.605s] Level 1:colcon.colcon_core.environment:create_file_with_runtime_dependencies(/home/vivit/Projects/smr_tutorial/install/hardware_interface_cpp/share/colcon-core/packages/hardware_interface_cpp)
[7.605s] DEBUG:colcon.colcon_parallel_executor.executor.parallel:closing loop
[7.606s] DEBUG:colcon.colcon_parallel_executor.executor.parallel:loop closed
[7.606s] DEBUG:colcon.colcon_parallel_executor.executor.parallel:run_until_complete finished with '0'
[7.607s] DEBUG:colcon.colcon_core.event_reactor:joining thread
[7.627s] INFO:colcon.colcon_core.plugin_system:Skipping extension 'colcon_notification.desktop_notification.notify_send': Could not find 'notify-send'
[7.628s] INFO:colcon.colcon_core.plugin_system:Skipping extension 'colcon_notification.desktop_notification.terminal_notifier': Not used on non-Darwin systems
[7.628s] INFO:colcon.colcon_core.plugin_system:Skipping extension 'colcon_notification.desktop_notification.win32': Not used on non-Windows systems
[7.628s] INFO:colcon.colcon_notification.desktop_notification:Sending desktop notification using 'notify2'
[7.628s] DEBUG:colcon.colcon_notification.desktop_notification.notify2:Failed to initialize notify2: org.freedesktop.DBus.Error.ServiceUnknown: The name org.freedesktop.Notifications was not provided by any .service files
[7.628s] DEBUG:colcon.colcon_core.event_reactor:joined thread
[7.629s] INFO:colcon.colcon_core.shell:Creating prefix script '/home/vivit/Projects/smr_tutorial/install/local_setup.ps1'
[7.629s] INFO:colcon.colcon_core.shell:Creating prefix util module '/home/vivit/Projects/smr_tutorial/install/_local_setup_util_ps1.py'
[7.630s] INFO:colcon.colcon_core.shell:Creating prefix chain script '/home/vivit/Projects/smr_tutorial/install/setup.ps1'
[7.631s] INFO:colcon.colcon_core.shell:Creating prefix script '/home/vivit/Projects/smr_tutorial/install/local_setup.sh'
[7.631s] INFO:colcon.colcon_core.shell:Creating prefix util module '/home/vivit/Projects/smr_tutorial/install/_local_setup_util_sh.py'
[7.631s] INFO:colcon.colcon_core.shell:Creating prefix chain script '/home/vivit/Projects/smr_tutorial/install/setup.sh'
[7.632s] INFO:colcon.colcon_core.shell:Creating prefix script '/home/vivit/Projects/smr_tutorial/install/local_setup.bash'
[7.632s] INFO:colcon.colcon_core.shell:Creating prefix chain script '/home/vivit/Projects/smr_tutorial/install/setup.bash'
[7.633s] INFO:colcon.colcon_core.shell:Creating prefix script '/home/vivit/Projects/smr_tutorial/install/local_setup.zsh'
[7.633s] INFO:colcon.colcon_core.shell:Creating prefix chain script '/home/vivit/Projects/smr_tutorial/install/setup.zsh'
