[0.020s] Invoking command in '/home/vivit/Projects/smr_tutorial/build/hardware_interface_cpp': CMAKE_PREFIX_PATH=${CMAKE_PREFIX_PATH}:/home/vivit/Projects/smr_tutorial/install/smr_tutorial:/opt/ros/jazzy /usr/bin/cmake --build /home/vivit/Projects/smr_tutorial/build/hardware_interface_cpp -- -j12 -l12
[0.134s] [100%] Built target led_interface
[0.231s] Invoked command in '/home/vivit/Projects/smr_tutorial/build/hardware_interface_cpp' returned '0': CMAKE_PREFIX_PATH=${CMAKE_PREFIX_PATH}:/home/vivit/Projects/smr_tutorial/install/smr_tutorial:/opt/ros/jazzy /usr/bin/cmake --build /home/vivit/Projects/smr_tutorial/build/hardware_interface_cpp -- -j12 -l12
[0.232s] Invoking command in '/home/vivit/Projects/smr_tutorial/build/hardware_interface_cpp': CMAKE_PREFIX_PATH=${CMAKE_PREFIX_PATH}:/home/vivit/Projects/smr_tutorial/install/smr_tutorial:/opt/ros/jazzy /usr/bin/cmake --install /home/vivit/Projects/smr_tutorial/build/hardware_interface_cpp
[0.237s] -- Install configuration: ""
[0.238s] -- Up-to-date: /home/vivit/Projects/smr_tutorial/install/hardware_interface_cpp/lib/hardware_interface_cpp/led_interface
[0.238s] -- Up-to-date: /home/vivit/Projects/smr_tutorial/install/hardware_interface_cpp/share/ament_index/resource_index/package_run_dependencies/hardware_interface_cpp
[0.238s] -- Up-to-date: /home/vivit/Projects/smr_tutorial/install/hardware_interface_cpp/share/ament_index/resource_index/parent_prefix_path/hardware_interface_cpp
[0.240s] -- Up-to-date: /home/vivit/Projects/smr_tutorial/install/hardware_interface_cpp/share/hardware_interface_cpp/environment/ament_prefix_path.sh
[0.240s] -- Up-to-date: /home/vivit/Projects/smr_tutorial/install/hardware_interface_cpp/share/hardware_interface_cpp/environment/ament_prefix_path.dsv
[0.240s] -- Up-to-date: /home/vivit/Projects/smr_tutorial/install/hardware_interface_cpp/share/hardware_interface_cpp/environment/path.sh
[0.240s] -- Up-to-date: /home/vivit/Projects/smr_tutorial/install/hardware_interface_cpp/share/hardware_interface_cpp/environment/path.dsv
[0.240s] -- Up-to-date: /home/vivit/Projects/smr_tutorial/install/hardware_interface_cpp/share/hardware_interface_cpp/local_setup.bash
[0.240s] -- Up-to-date: /home/vivit/Projects/smr_tutorial/install/hardware_interface_cpp/share/hardware_interface_cpp/local_setup.sh
[0.241s] -- Up-to-date: /home/vivit/Projects/smr_tutorial/install/hardware_interface_cpp/share/hardware_interface_cpp/local_setup.zsh
[0.241s] -- Up-to-date: /home/vivit/Projects/smr_tutorial/install/hardware_interface_cpp/share/hardware_interface_cpp/local_setup.dsv
[0.241s] -- Installing: /home/vivit/Projects/smr_tutorial/install/hardware_interface_cpp/share/hardware_interface_cpp/package.dsv
[0.241s] -- Up-to-date: /home/vivit/Projects/smr_tutorial/install/hardware_interface_cpp/share/ament_index/resource_index/packages/hardware_interface_cpp
[0.241s] -- Up-to-date: /home/vivit/Projects/smr_tutorial/install/hardware_interface_cpp/share/hardware_interface_cpp/cmake/hardware_interface_cppConfig.cmake
[0.242s] -- Up-to-date: /home/vivit/Projects/smr_tutorial/install/hardware_interface_cpp/share/hardware_interface_cpp/cmake/hardware_interface_cppConfig-version.cmake
[0.242s] -- Up-to-date: /home/vivit/Projects/smr_tutorial/install/hardware_interface_cpp/share/hardware_interface_cpp/package.xml
[0.243s] Invoked command in '/home/vivit/Projects/smr_tutorial/build/hardware_interface_cpp' returned '0': CMAKE_PREFIX_PATH=${CMAKE_PREFIX_PATH}:/home/vivit/Projects/smr_tutorial/install/smr_tutorial:/opt/ros/jazzy /usr/bin/cmake --install /home/vivit/Projects/smr_tutorial/build/hardware_interface_cpp
