[0.017s] Invoking command in '/home/vivit/Projects/smr_tutorial/build/led_interface_cpp': CMAKE_PREFIX_PATH=${CMAKE_PREFIX_PATH}:/home/vivit/Projects/smr_tutorial/install/smr_tutorial:/opt/ros/jazzy /usr/bin/cmake --build /home/vivit/Projects/smr_tutorial/build/led_interface_cpp -- -j12 -l12
[0.059s] [ 50%] [32mBuilding CXX object CMakeFiles/led_interface_cpp.dir/src/led_interface.cpp.o[0m
[1.793s] [01m[K/home/vivit/Projects/smr_tutorial/src/led_interface_cpp/src/led_interface.cpp:48:5:[m[K [01;31m[Kerror: [m[K‘[01m[Kserial[m[K’ does not name a type
[1.793s]    48 |     [01;31m[Kserial[m[K::Serial serial_port_;
[1.793s]       |     [01;31m[K^~~~~~[m[K
[1.800s] [01m[K/home/vivit/Projects/smr_tutorial/src/led_interface_cpp/src/led_interface.cpp:[m[K In constructor ‘[01m[KESP32BoolInterface::[01;32m[KESP32BoolInterface[m[K()[m[K’:
[1.800s] [01m[K/home/vivit/Projects/smr_tutorial/src/led_interface_cpp/src/led_interface.cpp:13:13:[m[K [01;31m[Kerror: [m[K‘[01m[Kserial_port_[m[K’ was not declared in this scope
[1.800s]    13 |             [01;31m[Kserial_port_[m[K.setPort("/dev/esp32");
[1.800s]       |             [01;31m[K^~~~~~~~~~~~[m[K
[1.800s] [01m[K/home/vivit/Projects/smr_tutorial/src/led_interface_cpp/src/led_interface.cpp:15:13:[m[K [01;31m[Kerror: [m[K‘[01m[Kserial[m[K’ has not been declared
[1.801s]    15 |             [01;31m[Kserial[m[K::Timeout to = serial::Timeout::simpleTimeout(1000);
[1.801s]       |             [01;31m[K^~~~~~[m[K
[1.805s] [01m[K/home/vivit/Projects/smr_tutorial/src/led_interface_cpp/src/led_interface.cpp:16:37:[m[K [01;31m[Kerror: [m[K‘[01m[Kto[m[K’ was not declared in this scope; did you mean ‘[01m[Ktm[m[K’?
[1.805s]    16 |             serial_port_.setTimeout([01;31m[Kto[m[K);
[1.805s]       |                                     [01;31m[K^~[m[K
[1.805s]       |                                     [32m[Ktm[m[K
[1.808s] [01m[K/home/vivit/Projects/smr_tutorial/src/led_interface_cpp/src/led_interface.cpp:24:18:[m[K [01;31m[Kerror: [m[K‘[01m[Kserial[m[K’ does not name a type
[1.808s]    24 |         } catch ([01;31m[Kserial[m[K::IOException &e) {
[1.808s]       |                  [01;31m[K^~~~~~[m[K
[1.808s] [01m[K/home/vivit/Projects/smr_tutorial/src/led_interface_cpp/src/led_interface.cpp:24:38:[m[K [01;31m[Kerror: [m[Kexpected unqualified-id before ‘[01m[K&[m[K’ token
[1.808s]    24 |         } catch (serial::IOException [01;31m[K&[m[Ke) {
[1.808s]       |                                      [01;31m[K^[m[K
[1.808s] [01m[K/home/vivit/Projects/smr_tutorial/src/led_interface_cpp/src/led_interface.cpp:24:38:[m[K [01;31m[Kerror: [m[Kexpected ‘[01m[K)[m[K’ before ‘[01m[K&[m[K’ token
[1.808s] [01m[K/home/vivit/Projects/smr_tutorial/src/led_interface_cpp/src/led_interface.cpp:24:17:[m[K [01;36m[Knote: [m[Kto match this ‘[01m[K([m[K’
[1.808s]    24 |         } catch [01;36m[K([m[Kserial::IOException &e) {
[1.808s]       |                 [01;36m[K^[m[K
[1.808s] [01m[K/home/vivit/Projects/smr_tutorial/src/led_interface_cpp/src/led_interface.cpp:24:38:[m[K [01;31m[Kerror: [m[Kexpected ‘[01m[K{[m[K’ before ‘[01m[K&[m[K’ token
[1.808s]    24 |         } catch (serial::IOException [01;31m[K&[m[Ke) {
[1.808s]       |                                      [01;31m[K^[m[K
[1.812s] [01m[K/home/vivit/Projects/smr_tutorial/src/led_interface_cpp/src/led_interface.cpp:24:39:[m[K [01;31m[Kerror: [m[K‘[01m[Ke[m[K’ was not declared in this scope
[1.812s]    24 |         } catch (serial::IOException &[01;31m[Ke[m[K) {
[1.813s]       |                                       [01;31m[K^[m[K
[1.829s] [01m[K/home/vivit/Projects/smr_tutorial/src/led_interface_cpp/src/led_interface.cpp:[m[K In member function ‘[01m[Kvoid ESP32BoolInterface::[01;32m[Kbool_callback[m[K(std_msgs::msg::Bool_<std::allocator<void> >::SharedPtr)[m[K’:
[1.830s] [01m[K/home/vivit/Projects/smr_tutorial/src/led_interface_cpp/src/led_interface.cpp:39:13:[m[K [01;31m[Kerror: [m[K‘[01m[Kserial_port_[m[K’ was not declared in this scope
[1.830s]    39 |         if ([01;31m[Kserial_port_[m[K.isOpen()) {
[1.830s]       |             [01;31m[K^~~~~~~~~~~~[m[K
[3.478s] gmake[2]: *** [CMakeFiles/led_interface_cpp.dir/build.make:76: CMakeFiles/led_interface_cpp.dir/src/led_interface.cpp.o] Error 1
[3.478s] gmake[1]: *** [CMakeFiles/Makefile2:137: CMakeFiles/led_interface_cpp.dir/all] Error 2
[3.479s] gmake: *** [Makefile:146: all] Error 2
[3.480s] Invoked command in '/home/vivit/Projects/smr_tutorial/build/led_interface_cpp' returned '2': CMAKE_PREFIX_PATH=${CMAKE_PREFIX_PATH}:/home/vivit/Projects/smr_tutorial/install/smr_tutorial:/opt/ros/jazzy /usr/bin/cmake --build /home/vivit/Projects/smr_tutorial/build/led_interface_cpp -- -j12 -l12
