[0.014s] Invoking command in '/home/vivit/Projects/smr_tutorial/build/hw_interface_cpp': CMAKE_PREFIX_PATH=${CMAKE_PREFIX_PATH}:/home/vivit/Projects/smr_tutorial/install/smr_tutorial:/opt/ros/jazzy /usr/bin/cmake /home/vivit/Projects/smr_tutorial/src/hw_interface_cpp -DCMAKE_INSTALL_PREFIX=/home/vivit/Projects/smr_tutorial/install/hw_interface_cpp
[0.078s] -- The C compiler identification is GNU 13.3.0
[0.295s] -- The CXX compiler identification is GNU 13.3.0
[0.454s] -- Detecting C compiler ABI info
[0.563s] -- Detecting C compiler ABI info - done
[0.569s] -- Check for working C compiler: /usr/bin/cc - skipped
[0.569s] -- Detecting C compile features
[0.570s] -- Detecting C compile features - done
[0.599s] -- Detecting CXX compiler ABI info
[0.716s] -- Detecting CXX compiler ABI info - done
[0.724s] -- Check for working CXX compiler: /usr/bin/c++ - skipped
[0.725s] -- Detecting CXX compile features
[0.725s] -- Detecting CXX compile features - done
[0.727s] -- Found ament_cmake: 2.5.3 (/opt/ros/jazzy/share/ament_cmake/cmake)
[0.845s] -- Found Python3: /usr/bin/python3 (found version "3.12.3") found components: Interpreter 
[0.922s] -- Found rclcpp: 28.1.6 (/opt/ros/jazzy/share/rclcpp/cmake)
[1.003s] -- Found rosidl_generator_c: 4.6.5 (/opt/ros/jazzy/share/rosidl_generator_c/cmake)
[1.014s] -- Found rosidl_generator_cpp: 4.6.5 (/opt/ros/jazzy/share/rosidl_generator_cpp/cmake)
[1.027s] -- Using all available rosidl_typesupport_c: rosidl_typesupport_fastrtps_c;rosidl_typesupport_introspection_c
[1.039s] -- Using all available rosidl_typesupport_cpp: rosidl_typesupport_fastrtps_cpp;rosidl_typesupport_introspection_cpp
[1.102s] -- Found rmw_implementation_cmake: 7.3.1 (/opt/ros/jazzy/share/rmw_implementation_cmake/cmake)
[1.104s] -- Found rmw_fastrtps_cpp: 8.4.1 (/opt/ros/jazzy/share/rmw_fastrtps_cpp/cmake)
[1.153s] -- Found OpenSSL: /usr/lib/x86_64-linux-gnu/libcrypto.so (found version "3.0.13")  
[1.220s] -- Found FastRTPS: /opt/ros/jazzy/include (Required is at least version "2.13") 
[1.260s] -- Using RMW implementation 'rmw_fastrtps_cpp' as default
[1.352s] -- Found std_msgs: 5.3.5 (/opt/ros/jazzy/share/std_msgs/cmake)
[1.465s] [31mCMake Error at /opt/ros/jazzy/share/ament_cmake_core/cmake/core/ament_package_xml.cmake:53 (message):
[1.466s]   ament_package_xml() package name 'hw_interface_cpp' in '/package.xml' does
[1.466s]   not match current PROJECT_NAME 'led_interface_cpp'.  You must call
[1.466s]   project() with the same package name before.
[1.466s] Call Stack (most recent call first):
[1.466s]   /opt/ros/jazzy/share/ament_cmake_core/cmake/core/ament_package.cmake:63 (ament_package_xml)
[1.466s]   CMakeLists.txt:37 (ament_package)
[1.466s] 
[1.466s] [0m
[1.466s] -- Configuring incomplete, errors occurred!
[1.474s] Invoked command in '/home/vivit/Projects/smr_tutorial/build/hw_interface_cpp' returned '1': CMAKE_PREFIX_PATH=${CMAKE_PREFIX_PATH}:/home/vivit/Projects/smr_tutorial/install/smr_tutorial:/opt/ros/jazzy /usr/bin/cmake /home/vivit/Projects/smr_tutorial/src/hw_interface_cpp -DCMAKE_INSTALL_PREFIX=/home/vivit/Projects/smr_tutorial/install/hw_interface_cpp
