[01m[K/home/vivit/Projects/smr_tutorial/src/led_interface_cpp/src/led_interface.cpp:48:5:[m[K [01;31m[Kerror: [m[K‘[01m[Kserial[m[K’ does not name a type
   48 |     [01;31m[Kserial[m[K::Serial serial_port_;
      |     [01;31m[K^~~~~~[m[K
[01m[K/home/vivit/Projects/smr_tutorial/src/led_interface_cpp/src/led_interface.cpp:[m[K In constructor ‘[01m[KESP32BoolInterface::[01;32m[KESP32BoolInterface[m[K()[m[K’:
[01m[K/home/vivit/Projects/smr_tutorial/src/led_interface_cpp/src/led_interface.cpp:13:13:[m[K [01;31m[Kerror: [m[K‘[01m[Kserial_port_[m[K’ was not declared in this scope
   13 |             [01;31m[Kserial_port_[m[K.setPort("/dev/esp32");
      |             [01;31m[K^~~~~~~~~~~~[m[K
[01m[K/home/vivit/Projects/smr_tutorial/src/led_interface_cpp/src/led_interface.cpp:15:13:[m[K [01;31m[Kerror: [m[K‘[01m[Kserial[m[K’ has not been declared
   15 |             [01;31m[Kserial[m[K::Timeout to = serial::Timeout::simpleTimeout(1000);
      |             [01;31m[K^~~~~~[m[K
[01m[K/home/vivit/Projects/smr_tutorial/src/led_interface_cpp/src/led_interface.cpp:16:37:[m[K [01;31m[Kerror: [m[K‘[01m[Kto[m[K’ was not declared in this scope; did you mean ‘[01m[Ktm[m[K’?
   16 |             serial_port_.setTimeout([01;31m[Kto[m[K);
      |                                     [01;31m[K^~[m[K
      |                                     [32m[Ktm[m[K
[01m[K/home/vivit/Projects/smr_tutorial/src/led_interface_cpp/src/led_interface.cpp:24:18:[m[K [01;31m[Kerror: [m[K‘[01m[Kserial[m[K’ does not name a type
   24 |         } catch ([01;31m[Kserial[m[K::IOException &e) {
      |                  [01;31m[K^~~~~~[m[K
[01m[K/home/vivit/Projects/smr_tutorial/src/led_interface_cpp/src/led_interface.cpp:24:38:[m[K [01;31m[Kerror: [m[Kexpected unqualified-id before ‘[01m[K&[m[K’ token
   24 |         } catch (serial::IOException [01;31m[K&[m[Ke) {
      |                                      [01;31m[K^[m[K
[01m[K/home/vivit/Projects/smr_tutorial/src/led_interface_cpp/src/led_interface.cpp:24:38:[m[K [01;31m[Kerror: [m[Kexpected ‘[01m[K)[m[K’ before ‘[01m[K&[m[K’ token
[01m[K/home/vivit/Projects/smr_tutorial/src/led_interface_cpp/src/led_interface.cpp:24:17:[m[K [01;36m[Knote: [m[Kto match this ‘[01m[K([m[K’
   24 |         } catch [01;36m[K([m[Kserial::IOException &e) {
      |                 [01;36m[K^[m[K
[01m[K/home/vivit/Projects/smr_tutorial/src/led_interface_cpp/src/led_interface.cpp:24:38:[m[K [01;31m[Kerror: [m[Kexpected ‘[01m[K{[m[K’ before ‘[01m[K&[m[K’ token
   24 |         } catch (serial::IOException [01;31m[K&[m[Ke) {
      |                                      [01;31m[K^[m[K
[01m[K/home/vivit/Projects/smr_tutorial/src/led_interface_cpp/src/led_interface.cpp:24:39:[m[K [01;31m[Kerror: [m[K‘[01m[Ke[m[K’ was not declared in this scope
   24 |         } catch (serial::IOException &[01;31m[Ke[m[K) {
      |                                       [01;31m[K^[m[K
[01m[K/home/vivit/Projects/smr_tutorial/src/led_interface_cpp/src/led_interface.cpp:[m[K In member function ‘[01m[Kvoid ESP32BoolInterface::[01;32m[Kbool_callback[m[K(std_msgs::msg::Bool_<std::allocator<void> >::SharedPtr)[m[K’:
[01m[K/home/vivit/Projects/smr_tutorial/src/led_interface_cpp/src/led_interface.cpp:39:13:[m[K [01;31m[Kerror: [m[K‘[01m[Kserial_port_[m[K’ was not declared in this scope
   39 |         if ([01;31m[Kserial_port_[m[K.isOpen()) {
      |             [01;31m[K^~~~~~~~~~~~[m[K
gmake[2]: *** [CMakeFiles/led_interface_cpp.dir/build.make:76: CMakeFiles/led_interface_cpp.dir/src/led_interface.cpp.o] Error 1
gmake[1]: *** [CMakeFiles/Makefile2:137: CMakeFiles/led_interface_cpp.dir/all] Error 2
gmake: *** [Makefile:146: all] Error 2
