[0.103s] DEBUG:colcon:Command line arguments: ['/usr/bin/colcon', 'build']
[0.103s] DEBUG:colcon:Parsed command line arguments: Namespace(log_base=None, log_level=None, verb_name='build', build_base='build', install_base='install', merge_install=False, symlink_install=False, test_result_base=None, continue_on_error=False, executor='parallel', parallel_workers=12, event_handlers=None, ignore_user_meta=False, metas=['./colcon.meta'], base_paths=['.'], packages_ignore=None, packages_ignore_regex=None, paths=None, packages_up_to=None, packages_up_to_regex=None, packages_above=None, packages_above_and_dependencies=None, packages_above_depth=None, packages_select_by_dep=None, packages_skip_by_dep=None, packages_skip_up_to=None, packages_select_build_failed=False, packages_skip_build_finished=False, packages_select_test_failures=False, packages_skip_test_passed=False, packages_select=None, packages_skip=None, packages_select_regex=None, packages_skip_regex=None, packages_start=None, packages_end=None, allow_overriding=[], cmake_args=None, cmake_target=None, cmake_target_skip_unavailable=False, cmake_clean_cache=False, cmake_clean_first=False, cmake_force_configure=False, ament_cmake_args=None, catkin_cmake_args=None, catkin_skip_building_tests=False, mixin_files=None, mixin=None, verb_parser=<colcon_mixin.mixin.mixin_argument.MixinArgumentDecorator object at 0x7f77879689b0>, verb_extension=<colcon_core.verb.build.BuildVerb object at 0x7f7787968650>, main=<bound method BuildVerb.main of <colcon_core.verb.build.BuildVerb object at 0x7f7787968650>>, mixin_verb=('build',))
[0.131s] Level 1:colcon.colcon_core.package_discovery:discover_packages(colcon_meta) check parameters
[0.131s] Level 1:colcon.colcon_core.package_discovery:discover_packages(recursive) check parameters
[0.131s] Level 1:colcon.colcon_core.package_discovery:discover_packages(ignore) check parameters
[0.131s] Level 1:colcon.colcon_core.package_discovery:discover_packages(path) check parameters
[0.131s] Level 1:colcon.colcon_core.package_discovery:discover_packages(colcon_meta) discover
[0.131s] Level 1:colcon.colcon_core.package_discovery:discover_packages(recursive) discover
[0.131s] INFO:colcon.colcon_core.package_discovery:Crawling recursively for packages in '/home/vivit/Projects/smr_tutorial'
[0.131s] Level 1:colcon.colcon_core.package_identification:_identify(.) by extensions ['ignore', 'ignore_ament_install']
[0.131s] Level 1:colcon.colcon_core.package_identification:_identify(.) by extension 'ignore'
[0.131s] Level 1:colcon.colcon_core.package_identification:_identify(.) by extension 'ignore_ament_install'
[0.131s] Level 1:colcon.colcon_core.package_identification:_identify(.) by extensions ['colcon_pkg']
[0.131s] Level 1:colcon.colcon_core.package_identification:_identify(.) by extension 'colcon_pkg'
[0.131s] Level 1:colcon.colcon_core.package_identification:_identify(.) by extensions ['colcon_meta']
[0.131s] Level 1:colcon.colcon_core.package_identification:_identify(.) by extension 'colcon_meta'
[0.131s] Level 1:colcon.colcon_core.package_identification:_identify(.) by extensions ['ros']
[0.131s] Level 1:colcon.colcon_core.package_identification:_identify(.) by extension 'ros'
[0.151s] Level 1:colcon.colcon_core.package_identification:_identify(.) by extensions ['cmake', 'python']
[0.151s] Level 1:colcon.colcon_core.package_identification:_identify(.) by extension 'cmake'
[0.151s] Level 1:colcon.colcon_core.package_identification:_identify(.) by extension 'python'
[0.151s] Level 1:colcon.colcon_core.package_identification:_identify(.) by extensions ['python_setup_py']
[0.151s] Level 1:colcon.colcon_core.package_identification:_identify(.) by extension 'python_setup_py'
[0.151s] Level 1:colcon.colcon_core.package_identification:_identify(build) by extensions ['ignore', 'ignore_ament_install']
[0.151s] Level 1:colcon.colcon_core.package_identification:_identify(build) by extension 'ignore'
[0.152s] Level 1:colcon.colcon_core.package_identification:_identify(build) ignored
[0.152s] Level 1:colcon.colcon_core.package_identification:_identify(install) by extensions ['ignore', 'ignore_ament_install']
[0.152s] Level 1:colcon.colcon_core.package_identification:_identify(install) by extension 'ignore'
[0.152s] Level 1:colcon.colcon_core.package_identification:_identify(install) ignored
[0.152s] Level 1:colcon.colcon_core.package_identification:_identify(log) by extensions ['ignore', 'ignore_ament_install']
[0.152s] Level 1:colcon.colcon_core.package_identification:_identify(log) by extension 'ignore'
[0.152s] Level 1:colcon.colcon_core.package_identification:_identify(log) ignored
[0.152s] Level 1:colcon.colcon_core.package_identification:_identify(src) by extensions ['ignore', 'ignore_ament_install']
[0.152s] Level 1:colcon.colcon_core.package_identification:_identify(src) by extension 'ignore'
[0.152s] Level 1:colcon.colcon_core.package_identification:_identify(src) by extension 'ignore_ament_install'
[0.153s] Level 1:colcon.colcon_core.package_identification:_identify(src) by extensions ['colcon_pkg']
[0.153s] Level 1:colcon.colcon_core.package_identification:_identify(src) by extension 'colcon_pkg'
[0.153s] Level 1:colcon.colcon_core.package_identification:_identify(src) by extensions ['colcon_meta']
[0.153s] Level 1:colcon.colcon_core.package_identification:_identify(src) by extension 'colcon_meta'
[0.153s] Level 1:colcon.colcon_core.package_identification:_identify(src) by extensions ['ros']
[0.153s] Level 1:colcon.colcon_core.package_identification:_identify(src) by extension 'ros'
[0.153s] Level 1:colcon.colcon_core.package_identification:_identify(src) by extensions ['cmake', 'python']
[0.153s] Level 1:colcon.colcon_core.package_identification:_identify(src) by extension 'cmake'
[0.153s] Level 1:colcon.colcon_core.package_identification:_identify(src) by extension 'python'
[0.153s] Level 1:colcon.colcon_core.package_identification:_identify(src) by extensions ['python_setup_py']
[0.153s] Level 1:colcon.colcon_core.package_identification:_identify(src) by extension 'python_setup_py'
[0.153s] Level 1:colcon.colcon_core.package_identification:_identify(src/smr_tutorial) by extensions ['ignore', 'ignore_ament_install']
[0.153s] Level 1:colcon.colcon_core.package_identification:_identify(src/smr_tutorial) by extension 'ignore'
[0.153s] Level 1:colcon.colcon_core.package_identification:_identify(src/smr_tutorial) by extension 'ignore_ament_install'
[0.153s] Level 1:colcon.colcon_core.package_identification:_identify(src/smr_tutorial) by extensions ['colcon_pkg']
[0.153s] Level 1:colcon.colcon_core.package_identification:_identify(src/smr_tutorial) by extension 'colcon_pkg'
[0.153s] Level 1:colcon.colcon_core.package_identification:_identify(src/smr_tutorial) by extensions ['colcon_meta']
[0.153s] Level 1:colcon.colcon_core.package_identification:_identify(src/smr_tutorial) by extension 'colcon_meta'
[0.153s] Level 1:colcon.colcon_core.package_identification:_identify(src/smr_tutorial) by extensions ['ros']
[0.153s] Level 1:colcon.colcon_core.package_identification:_identify(src/smr_tutorial) by extension 'ros'
[0.155s] DEBUG:colcon.colcon_core.package_identification:Package 'src/smr_tutorial' with type 'ros.ament_python' and name 'smr_tutorial'
[0.155s] Level 1:colcon.colcon_core.package_discovery:discover_packages(recursive) using defaults
[0.155s] Level 1:colcon.colcon_core.package_discovery:discover_packages(ignore) discover
[0.155s] Level 1:colcon.colcon_core.package_discovery:discover_packages(ignore) using defaults
[0.155s] Level 1:colcon.colcon_core.package_discovery:discover_packages(path) discover
[0.155s] Level 1:colcon.colcon_core.package_discovery:discover_packages(path) using defaults
[0.167s] Level 1:colcon.colcon_core.package_discovery:discover_packages(prefix_path) check parameters
[0.167s] Level 1:colcon.colcon_core.package_discovery:discover_packages(prefix_path) discover
[0.169s] DEBUG:colcon.colcon_installed_package_information.package_discovery:Found 1 installed packages in /home/vivit/Projects/smr_tutorial/install
[0.170s] DEBUG:colcon.colcon_installed_package_information.package_discovery:Found 285 installed packages in /opt/ros/jazzy
[0.170s] Level 1:colcon.colcon_core.package_discovery:discover_packages(prefix_path) using defaults
[0.195s] Level 5:colcon.colcon_core.verb:set package 'smr_tutorial' build argument 'cmake_args' from command line to 'None'
[0.195s] Level 5:colcon.colcon_core.verb:set package 'smr_tutorial' build argument 'cmake_target' from command line to 'None'
[0.195s] Level 5:colcon.colcon_core.verb:set package 'smr_tutorial' build argument 'cmake_target_skip_unavailable' from command line to 'False'
[0.195s] Level 5:colcon.colcon_core.verb:set package 'smr_tutorial' build argument 'cmake_clean_cache' from command line to 'False'
[0.195s] Level 5:colcon.colcon_core.verb:set package 'smr_tutorial' build argument 'cmake_clean_first' from command line to 'False'
[0.195s] Level 5:colcon.colcon_core.verb:set package 'smr_tutorial' build argument 'cmake_force_configure' from command line to 'False'
[0.195s] Level 5:colcon.colcon_core.verb:set package 'smr_tutorial' build argument 'ament_cmake_args' from command line to 'None'
[0.195s] Level 5:colcon.colcon_core.verb:set package 'smr_tutorial' build argument 'catkin_cmake_args' from command line to 'None'
[0.195s] Level 5:colcon.colcon_core.verb:set package 'smr_tutorial' build argument 'catkin_skip_building_tests' from command line to 'False'
[0.195s] DEBUG:colcon.colcon_core.verb:Building package 'smr_tutorial' with the following arguments: {'ament_cmake_args': None, 'build_base': '/home/vivit/Projects/smr_tutorial/build/smr_tutorial', 'catkin_cmake_args': None, 'catkin_skip_building_tests': False, 'cmake_args': None, 'cmake_clean_cache': False, 'cmake_clean_first': False, 'cmake_force_configure': False, 'cmake_target': None, 'cmake_target_skip_unavailable': False, 'install_base': '/home/vivit/Projects/smr_tutorial/install/smr_tutorial', 'merge_install': False, 'path': '/home/vivit/Projects/smr_tutorial/src/smr_tutorial', 'symlink_install': False, 'test_result_base': None}
[0.195s] INFO:colcon.colcon_core.executor:Executing jobs using 'parallel' executor
[0.196s] DEBUG:colcon.colcon_parallel_executor.executor.parallel:run_until_complete
[0.196s] INFO:colcon.colcon_ros.task.ament_python.build:Building ROS package in '/home/vivit/Projects/smr_tutorial/src/smr_tutorial' with build type 'ament_python'
[0.197s] Level 1:colcon.colcon_core.shell:create_environment_hook('smr_tutorial', 'ament_prefix_path')
[0.198s] INFO:colcon.colcon_core.plugin_system:Skipping extension 'colcon_core.shell.bat': Not used on non-Windows systems
[0.199s] INFO:colcon.colcon_core.shell:Creating environment hook '/home/vivit/Projects/smr_tutorial/install/smr_tutorial/share/smr_tutorial/hook/ament_prefix_path.ps1'
[0.200s] INFO:colcon.colcon_core.shell:Creating environment descriptor '/home/vivit/Projects/smr_tutorial/install/smr_tutorial/share/smr_tutorial/hook/ament_prefix_path.dsv'
[0.200s] INFO:colcon.colcon_core.shell:Creating environment hook '/home/vivit/Projects/smr_tutorial/install/smr_tutorial/share/smr_tutorial/hook/ament_prefix_path.sh'
[0.201s] INFO:colcon.colcon_core.shell:Skip shell extension 'powershell' for command environment: Not usable outside of PowerShell
[0.201s] DEBUG:colcon.colcon_core.shell:Skip shell extension 'dsv' for command environment
[0.351s] INFO:colcon.colcon_core.task.python.build:Building Python package in '/home/vivit/Projects/smr_tutorial/src/smr_tutorial'
[0.352s] INFO:colcon.colcon_core.shell:Skip shell extension 'powershell' for command environment: Not usable outside of PowerShell
[0.352s] DEBUG:colcon.colcon_core.shell:Skip shell extension 'dsv' for command environment
[0.745s] DEBUG:colcon.colcon_core.event_handler.log_command:Invoking command in '/home/vivit/Projects/smr_tutorial/src/smr_tutorial': PYTHONPATH=/home/vivit/Projects/smr_tutorial/build/smr_tutorial/prefix_override:/usr/lib/python3/dist-packages/colcon_core/task/python/colcon_distutils_commands:/home/vivit/Projects/smr_tutorial/install/smr_tutorial/lib/python3.12/site-packages:${PYTHONPATH} /usr/bin/python3 -W ignore:setup.py install is deprecated -W ignore:easy_install command is deprecated setup.py egg_info --egg-base ../../build/smr_tutorial build --build-base /home/vivit/Projects/smr_tutorial/build/smr_tutorial/build install --record /home/vivit/Projects/smr_tutorial/build/smr_tutorial/install.log --single-version-externally-managed install_data
[1.105s] DEBUG:colcon.colcon_core.event_handler.log_command:Invoked command in '/home/vivit/Projects/smr_tutorial/src/smr_tutorial' returned '0': PYTHONPATH=/home/vivit/Projects/smr_tutorial/build/smr_tutorial/prefix_override:/usr/lib/python3/dist-packages/colcon_core/task/python/colcon_distutils_commands:/home/vivit/Projects/smr_tutorial/install/smr_tutorial/lib/python3.12/site-packages:${PYTHONPATH} /usr/bin/python3 -W ignore:setup.py install is deprecated -W ignore:easy_install command is deprecated setup.py egg_info --egg-base ../../build/smr_tutorial build --build-base /home/vivit/Projects/smr_tutorial/build/smr_tutorial/build install --record /home/vivit/Projects/smr_tutorial/build/smr_tutorial/install.log --single-version-externally-managed install_data
[1.106s] Level 1:colcon.colcon_core.environment:checking '/home/vivit/Projects/smr_tutorial/install/smr_tutorial' for CMake module files
[1.107s] Level 1:colcon.colcon_core.environment:checking '/home/vivit/Projects/smr_tutorial/install/smr_tutorial' for CMake config files
[1.107s] Level 1:colcon.colcon_core.environment:checking '/home/vivit/Projects/smr_tutorial/install/smr_tutorial/lib'
[1.108s] Level 1:colcon.colcon_core.environment:checking '/home/vivit/Projects/smr_tutorial/install/smr_tutorial/bin'
[1.108s] Level 1:colcon.colcon_core.environment:checking '/home/vivit/Projects/smr_tutorial/install/smr_tutorial/lib/pkgconfig/smr_tutorial.pc'
[1.108s] Level 1:colcon.colcon_core.environment:checking '/home/vivit/Projects/smr_tutorial/install/smr_tutorial/lib/python3.12/site-packages'
[1.108s] Level 1:colcon.colcon_core.shell:create_environment_hook('smr_tutorial', 'pythonpath')
[1.108s] INFO:colcon.colcon_core.shell:Creating environment hook '/home/vivit/Projects/smr_tutorial/install/smr_tutorial/share/smr_tutorial/hook/pythonpath.ps1'
[1.109s] INFO:colcon.colcon_core.shell:Creating environment descriptor '/home/vivit/Projects/smr_tutorial/install/smr_tutorial/share/smr_tutorial/hook/pythonpath.dsv'
[1.109s] INFO:colcon.colcon_core.shell:Creating environment hook '/home/vivit/Projects/smr_tutorial/install/smr_tutorial/share/smr_tutorial/hook/pythonpath.sh'
[1.110s] Level 1:colcon.colcon_core.environment:checking '/home/vivit/Projects/smr_tutorial/install/smr_tutorial/bin'
[1.110s] Level 1:colcon.colcon_core.environment:create_environment_scripts_only(smr_tutorial)
[1.110s] INFO:colcon.colcon_core.shell:Creating package script '/home/vivit/Projects/smr_tutorial/install/smr_tutorial/share/smr_tutorial/package.ps1'
[1.111s] INFO:colcon.colcon_core.shell:Creating package descriptor '/home/vivit/Projects/smr_tutorial/install/smr_tutorial/share/smr_tutorial/package.dsv'
[1.111s] INFO:colcon.colcon_core.shell:Creating package script '/home/vivit/Projects/smr_tutorial/install/smr_tutorial/share/smr_tutorial/package.sh'
[1.111s] INFO:colcon.colcon_core.shell:Creating package script '/home/vivit/Projects/smr_tutorial/install/smr_tutorial/share/smr_tutorial/package.bash'
[1.112s] INFO:colcon.colcon_core.shell:Creating package script '/home/vivit/Projects/smr_tutorial/install/smr_tutorial/share/smr_tutorial/package.zsh'
[1.112s] Level 1:colcon.colcon_core.environment:create_file_with_runtime_dependencies(/home/vivit/Projects/smr_tutorial/install/smr_tutorial/share/colcon-core/packages/smr_tutorial)
[1.113s] DEBUG:colcon.colcon_parallel_executor.executor.parallel:closing loop
[1.113s] DEBUG:colcon.colcon_parallel_executor.executor.parallel:loop closed
[1.113s] DEBUG:colcon.colcon_parallel_executor.executor.parallel:run_until_complete finished with '0'
[1.114s] DEBUG:colcon.colcon_core.event_reactor:joining thread
[1.138s] INFO:colcon.colcon_core.plugin_system:Skipping extension 'colcon_notification.desktop_notification.notify_send': Could not find 'notify-send'
[1.138s] INFO:colcon.colcon_core.plugin_system:Skipping extension 'colcon_notification.desktop_notification.terminal_notifier': Not used on non-Darwin systems
[1.138s] INFO:colcon.colcon_core.plugin_system:Skipping extension 'colcon_notification.desktop_notification.win32': Not used on non-Windows systems
[1.138s] INFO:colcon.colcon_notification.desktop_notification:Sending desktop notification using 'notify2'
[1.139s] DEBUG:colcon.colcon_notification.desktop_notification.notify2:Failed to initialize notify2: org.freedesktop.DBus.Error.ServiceUnknown: The name org.freedesktop.Notifications was not provided by any .service files
[1.139s] DEBUG:colcon.colcon_core.event_reactor:joined thread
[1.140s] INFO:colcon.colcon_core.shell:Creating prefix script '/home/vivit/Projects/smr_tutorial/install/local_setup.ps1'
[1.140s] INFO:colcon.colcon_core.shell:Creating prefix util module '/home/vivit/Projects/smr_tutorial/install/_local_setup_util_ps1.py'
[1.141s] INFO:colcon.colcon_core.shell:Creating prefix chain script '/home/vivit/Projects/smr_tutorial/install/setup.ps1'
[1.142s] INFO:colcon.colcon_core.shell:Creating prefix script '/home/vivit/Projects/smr_tutorial/install/local_setup.sh'
[1.143s] INFO:colcon.colcon_core.shell:Creating prefix util module '/home/vivit/Projects/smr_tutorial/install/_local_setup_util_sh.py'
[1.143s] INFO:colcon.colcon_core.shell:Creating prefix chain script '/home/vivit/Projects/smr_tutorial/install/setup.sh'
[1.144s] INFO:colcon.colcon_core.shell:Creating prefix script '/home/vivit/Projects/smr_tutorial/install/local_setup.bash'
[1.144s] INFO:colcon.colcon_core.shell:Creating prefix chain script '/home/vivit/Projects/smr_tutorial/install/setup.bash'
[1.145s] INFO:colcon.colcon_core.shell:Creating prefix script '/home/vivit/Projects/smr_tutorial/install/local_setup.zsh'
[1.145s] INFO:colcon.colcon_core.shell:Creating prefix chain script '/home/vivit/Projects/smr_tutorial/install/setup.zsh'
