[0.101s] DEBUG:colcon:Command line arguments: ['/usr/bin/colcon', 'build']
[0.101s] DEBUG:colcon:Parsed command line arguments: Namespace(log_base=None, log_level=None, verb_name='build', build_base='build', install_base='install', merge_install=False, symlink_install=False, test_result_base=None, continue_on_error=False, executor='parallel', parallel_workers=12, event_handlers=None, ignore_user_meta=False, metas=['./colcon.meta'], base_paths=['.'], packages_ignore=None, packages_ignore_regex=None, paths=None, packages_up_to=None, packages_up_to_regex=None, packages_above=None, packages_above_and_dependencies=None, packages_above_depth=None, packages_select_by_dep=None, packages_skip_by_dep=None, packages_skip_up_to=None, packages_select_build_failed=False, packages_skip_build_finished=False, packages_select_test_failures=False, packages_skip_test_passed=False, packages_select=None, packages_skip=None, packages_select_regex=None, packages_skip_regex=None, packages_start=None, packages_end=None, allow_overriding=[], cmake_args=None, cmake_target=None, cmake_target_skip_unavailable=False, cmake_clean_cache=False, cmake_clean_first=False, cmake_force_configure=False, ament_cmake_args=None, catkin_cmake_args=None, catkin_skip_building_tests=False, mixin_files=None, mixin=None, verb_parser=<colcon_mixin.mixin.mixin_argument.MixinArgumentDecorator object at 0x7f5034ec8f80>, verb_extension=<colcon_core.verb.build.BuildVerb object at 0x7f5034ec8bf0>, main=<bound method BuildVerb.main of <colcon_core.verb.build.BuildVerb object at 0x7f5034ec8bf0>>, mixin_verb=('build',))
[0.129s] Level 1:colcon.colcon_core.package_discovery:discover_packages(colcon_meta) check parameters
[0.129s] Level 1:colcon.colcon_core.package_discovery:discover_packages(recursive) check parameters
[0.129s] Level 1:colcon.colcon_core.package_discovery:discover_packages(ignore) check parameters
[0.129s] Level 1:colcon.colcon_core.package_discovery:discover_packages(path) check parameters
[0.130s] Level 1:colcon.colcon_core.package_discovery:discover_packages(colcon_meta) discover
[0.130s] Level 1:colcon.colcon_core.package_discovery:discover_packages(recursive) discover
[0.130s] INFO:colcon.colcon_core.package_discovery:Crawling recursively for packages in '/home/vivit/Projects/smr_tutorial'
[0.130s] Level 1:colcon.colcon_core.package_identification:_identify(.) by extensions ['ignore', 'ignore_ament_install']
[0.130s] Level 1:colcon.colcon_core.package_identification:_identify(.) by extension 'ignore'
[0.130s] Level 1:colcon.colcon_core.package_identification:_identify(.) by extension 'ignore_ament_install'
[0.130s] Level 1:colcon.colcon_core.package_identification:_identify(.) by extensions ['colcon_pkg']
[0.130s] Level 1:colcon.colcon_core.package_identification:_identify(.) by extension 'colcon_pkg'
[0.130s] Level 1:colcon.colcon_core.package_identification:_identify(.) by extensions ['colcon_meta']
[0.130s] Level 1:colcon.colcon_core.package_identification:_identify(.) by extension 'colcon_meta'
[0.130s] Level 1:colcon.colcon_core.package_identification:_identify(.) by extensions ['ros']
[0.130s] Level 1:colcon.colcon_core.package_identification:_identify(.) by extension 'ros'
[0.147s] Level 1:colcon.colcon_core.package_identification:_identify(.) by extensions ['cmake', 'python']
[0.148s] Level 1:colcon.colcon_core.package_identification:_identify(.) by extension 'cmake'
[0.148s] Level 1:colcon.colcon_core.package_identification:_identify(.) by extension 'python'
[0.148s] Level 1:colcon.colcon_core.package_identification:_identify(.) by extensions ['python_setup_py']
[0.148s] Level 1:colcon.colcon_core.package_identification:_identify(.) by extension 'python_setup_py'
[0.148s] Level 1:colcon.colcon_core.package_identification:_identify(build) by extensions ['ignore', 'ignore_ament_install']
[0.148s] Level 1:colcon.colcon_core.package_identification:_identify(build) by extension 'ignore'
[0.148s] Level 1:colcon.colcon_core.package_identification:_identify(build) ignored
[0.148s] Level 1:colcon.colcon_core.package_identification:_identify(install) by extensions ['ignore', 'ignore_ament_install']
[0.148s] Level 1:colcon.colcon_core.package_identification:_identify(install) by extension 'ignore'
[0.148s] Level 1:colcon.colcon_core.package_identification:_identify(install) ignored
[0.148s] Level 1:colcon.colcon_core.package_identification:_identify(log) by extensions ['ignore', 'ignore_ament_install']
[0.148s] Level 1:colcon.colcon_core.package_identification:_identify(log) by extension 'ignore'
[0.148s] Level 1:colcon.colcon_core.package_identification:_identify(log) ignored
[0.148s] Level 1:colcon.colcon_core.package_identification:_identify(src) by extensions ['ignore', 'ignore_ament_install']
[0.149s] Level 1:colcon.colcon_core.package_identification:_identify(src) by extension 'ignore'
[0.149s] Level 1:colcon.colcon_core.package_identification:_identify(src) by extension 'ignore_ament_install'
[0.149s] Level 1:colcon.colcon_core.package_identification:_identify(src) by extensions ['colcon_pkg']
[0.149s] Level 1:colcon.colcon_core.package_identification:_identify(src) by extension 'colcon_pkg'
[0.149s] Level 1:colcon.colcon_core.package_identification:_identify(src) by extensions ['colcon_meta']
[0.149s] Level 1:colcon.colcon_core.package_identification:_identify(src) by extension 'colcon_meta'
[0.149s] Level 1:colcon.colcon_core.package_identification:_identify(src) by extensions ['ros']
[0.149s] Level 1:colcon.colcon_core.package_identification:_identify(src) by extension 'ros'
[0.149s] Level 1:colcon.colcon_core.package_identification:_identify(src) by extensions ['cmake', 'python']
[0.149s] Level 1:colcon.colcon_core.package_identification:_identify(src) by extension 'cmake'
[0.149s] Level 1:colcon.colcon_core.package_identification:_identify(src) by extension 'python'
[0.149s] Level 1:colcon.colcon_core.package_identification:_identify(src) by extensions ['python_setup_py']
[0.149s] Level 1:colcon.colcon_core.package_identification:_identify(src) by extension 'python_setup_py'
[0.149s] Level 1:colcon.colcon_core.package_identification:_identify(src/led_interface_cpp) by extensions ['ignore', 'ignore_ament_install']
[0.149s] Level 1:colcon.colcon_core.package_identification:_identify(src/led_interface_cpp) by extension 'ignore'
[0.149s] Level 1:colcon.colcon_core.package_identification:_identify(src/led_interface_cpp) by extension 'ignore_ament_install'
[0.149s] Level 1:colcon.colcon_core.package_identification:_identify(src/led_interface_cpp) by extensions ['colcon_pkg']
[0.149s] Level 1:colcon.colcon_core.package_identification:_identify(src/led_interface_cpp) by extension 'colcon_pkg'
[0.149s] Level 1:colcon.colcon_core.package_identification:_identify(src/led_interface_cpp) by extensions ['colcon_meta']
[0.149s] Level 1:colcon.colcon_core.package_identification:_identify(src/led_interface_cpp) by extension 'colcon_meta'
[0.149s] Level 1:colcon.colcon_core.package_identification:_identify(src/led_interface_cpp) by extensions ['ros']
[0.149s] Level 1:colcon.colcon_core.package_identification:_identify(src/led_interface_cpp) by extension 'ros'
[0.151s] DEBUG:colcon.colcon_core.package_identification:Package 'src/led_interface_cpp' with type 'ros.ament_cmake' and name 'led_interface_cpp'
[0.151s] Level 1:colcon.colcon_core.package_identification:_identify(src/robot_hardware_interface) by extensions ['ignore', 'ignore_ament_install']
[0.151s] Level 1:colcon.colcon_core.package_identification:_identify(src/robot_hardware_interface) by extension 'ignore'
[0.151s] Level 1:colcon.colcon_core.package_identification:_identify(src/robot_hardware_interface) by extension 'ignore_ament_install'
[0.151s] Level 1:colcon.colcon_core.package_identification:_identify(src/robot_hardware_interface) by extensions ['colcon_pkg']
[0.151s] Level 1:colcon.colcon_core.package_identification:_identify(src/robot_hardware_interface) by extension 'colcon_pkg'
[0.151s] Level 1:colcon.colcon_core.package_identification:_identify(src/robot_hardware_interface) by extensions ['colcon_meta']
[0.151s] Level 1:colcon.colcon_core.package_identification:_identify(src/robot_hardware_interface) by extension 'colcon_meta'
[0.151s] Level 1:colcon.colcon_core.package_identification:_identify(src/robot_hardware_interface) by extensions ['ros']
[0.151s] Level 1:colcon.colcon_core.package_identification:_identify(src/robot_hardware_interface) by extension 'ros'
[0.152s] DEBUG:colcon.colcon_core.package_identification:Package 'src/robot_hardware_interface' with type 'ros.ament_cmake' and name 'robot_hardware_interface'
[0.152s] Level 1:colcon.colcon_core.package_identification:_identify(src/smr_tutorial) by extensions ['ignore', 'ignore_ament_install']
[0.152s] Level 1:colcon.colcon_core.package_identification:_identify(src/smr_tutorial) by extension 'ignore'
[0.152s] Level 1:colcon.colcon_core.package_identification:_identify(src/smr_tutorial) by extension 'ignore_ament_install'
[0.152s] Level 1:colcon.colcon_core.package_identification:_identify(src/smr_tutorial) by extensions ['colcon_pkg']
[0.152s] Level 1:colcon.colcon_core.package_identification:_identify(src/smr_tutorial) by extension 'colcon_pkg'
[0.152s] Level 1:colcon.colcon_core.package_identification:_identify(src/smr_tutorial) by extensions ['colcon_meta']
[0.152s] Level 1:colcon.colcon_core.package_identification:_identify(src/smr_tutorial) by extension 'colcon_meta'
[0.152s] Level 1:colcon.colcon_core.package_identification:_identify(src/smr_tutorial) by extensions ['ros']
[0.152s] Level 1:colcon.colcon_core.package_identification:_identify(src/smr_tutorial) by extension 'ros'
[0.152s] DEBUG:colcon.colcon_core.package_identification:Package 'src/smr_tutorial' with type 'ros.ament_python' and name 'smr_tutorial'
[0.152s] Level 1:colcon.colcon_core.package_discovery:discover_packages(recursive) using defaults
[0.153s] Level 1:colcon.colcon_core.package_discovery:discover_packages(ignore) discover
[0.153s] Level 1:colcon.colcon_core.package_discovery:discover_packages(ignore) using defaults
[0.153s] Level 1:colcon.colcon_core.package_discovery:discover_packages(path) discover
[0.153s] Level 1:colcon.colcon_core.package_discovery:discover_packages(path) using defaults
[0.165s] Level 1:colcon.colcon_core.package_discovery:discover_packages(prefix_path) check parameters
[0.165s] Level 1:colcon.colcon_core.package_discovery:discover_packages(prefix_path) discover
[0.166s] DEBUG:colcon.colcon_installed_package_information.package_discovery:Found 3 installed packages in /home/vivit/Projects/smr_tutorial/install
[0.166s] DEBUG:colcon.colcon_installed_package_information.package_discovery:Found 290 installed packages in /opt/ros/jazzy
[0.167s] Level 1:colcon.colcon_core.package_discovery:discover_packages(prefix_path) using defaults
[0.193s] Level 5:colcon.colcon_core.verb:set package 'led_interface_cpp' build argument 'cmake_args' from command line to 'None'
[0.193s] Level 5:colcon.colcon_core.verb:set package 'led_interface_cpp' build argument 'cmake_target' from command line to 'None'
[0.193s] Level 5:colcon.colcon_core.verb:set package 'led_interface_cpp' build argument 'cmake_target_skip_unavailable' from command line to 'False'
[0.193s] Level 5:colcon.colcon_core.verb:set package 'led_interface_cpp' build argument 'cmake_clean_cache' from command line to 'False'
[0.193s] Level 5:colcon.colcon_core.verb:set package 'led_interface_cpp' build argument 'cmake_clean_first' from command line to 'False'
[0.193s] Level 5:colcon.colcon_core.verb:set package 'led_interface_cpp' build argument 'cmake_force_configure' from command line to 'False'
[0.193s] Level 5:colcon.colcon_core.verb:set package 'led_interface_cpp' build argument 'ament_cmake_args' from command line to 'None'
[0.193s] Level 5:colcon.colcon_core.verb:set package 'led_interface_cpp' build argument 'catkin_cmake_args' from command line to 'None'
[0.193s] Level 5:colcon.colcon_core.verb:set package 'led_interface_cpp' build argument 'catkin_skip_building_tests' from command line to 'False'
[0.193s] DEBUG:colcon.colcon_core.verb:Building package 'led_interface_cpp' with the following arguments: {'ament_cmake_args': None, 'build_base': '/home/vivit/Projects/smr_tutorial/build/led_interface_cpp', 'catkin_cmake_args': None, 'catkin_skip_building_tests': False, 'cmake_args': None, 'cmake_clean_cache': False, 'cmake_clean_first': False, 'cmake_force_configure': False, 'cmake_target': None, 'cmake_target_skip_unavailable': False, 'install_base': '/home/vivit/Projects/smr_tutorial/install/led_interface_cpp', 'merge_install': False, 'path': '/home/vivit/Projects/smr_tutorial/src/led_interface_cpp', 'symlink_install': False, 'test_result_base': None}
[0.193s] Level 5:colcon.colcon_core.verb:set package 'robot_hardware_interface' build argument 'cmake_args' from command line to 'None'
[0.193s] Level 5:colcon.colcon_core.verb:set package 'robot_hardware_interface' build argument 'cmake_target' from command line to 'None'
[0.193s] Level 5:colcon.colcon_core.verb:set package 'robot_hardware_interface' build argument 'cmake_target_skip_unavailable' from command line to 'False'
[0.193s] Level 5:colcon.colcon_core.verb:set package 'robot_hardware_interface' build argument 'cmake_clean_cache' from command line to 'False'
[0.193s] Level 5:colcon.colcon_core.verb:set package 'robot_hardware_interface' build argument 'cmake_clean_first' from command line to 'False'
[0.193s] Level 5:colcon.colcon_core.verb:set package 'robot_hardware_interface' build argument 'cmake_force_configure' from command line to 'False'
[0.193s] Level 5:colcon.colcon_core.verb:set package 'robot_hardware_interface' build argument 'ament_cmake_args' from command line to 'None'
[0.193s] Level 5:colcon.colcon_core.verb:set package 'robot_hardware_interface' build argument 'catkin_cmake_args' from command line to 'None'
[0.193s] Level 5:colcon.colcon_core.verb:set package 'robot_hardware_interface' build argument 'catkin_skip_building_tests' from command line to 'False'
[0.193s] DEBUG:colcon.colcon_core.verb:Building package 'robot_hardware_interface' with the following arguments: {'ament_cmake_args': None, 'build_base': '/home/vivit/Projects/smr_tutorial/build/robot_hardware_interface', 'catkin_cmake_args': None, 'catkin_skip_building_tests': False, 'cmake_args': None, 'cmake_clean_cache': False, 'cmake_clean_first': False, 'cmake_force_configure': False, 'cmake_target': None, 'cmake_target_skip_unavailable': False, 'install_base': '/home/vivit/Projects/smr_tutorial/install/robot_hardware_interface', 'merge_install': False, 'path': '/home/vivit/Projects/smr_tutorial/src/robot_hardware_interface', 'symlink_install': False, 'test_result_base': None}
[0.193s] Level 5:colcon.colcon_core.verb:set package 'smr_tutorial' build argument 'cmake_args' from command line to 'None'
[0.193s] Level 5:colcon.colcon_core.verb:set package 'smr_tutorial' build argument 'cmake_target' from command line to 'None'
[0.193s] Level 5:colcon.colcon_core.verb:set package 'smr_tutorial' build argument 'cmake_target_skip_unavailable' from command line to 'False'
[0.193s] Level 5:colcon.colcon_core.verb:set package 'smr_tutorial' build argument 'cmake_clean_cache' from command line to 'False'
[0.193s] Level 5:colcon.colcon_core.verb:set package 'smr_tutorial' build argument 'cmake_clean_first' from command line to 'False'
[0.193s] Level 5:colcon.colcon_core.verb:set package 'smr_tutorial' build argument 'cmake_force_configure' from command line to 'False'
[0.193s] Level 5:colcon.colcon_core.verb:set package 'smr_tutorial' build argument 'ament_cmake_args' from command line to 'None'
[0.193s] Level 5:colcon.colcon_core.verb:set package 'smr_tutorial' build argument 'catkin_cmake_args' from command line to 'None'
[0.193s] Level 5:colcon.colcon_core.verb:set package 'smr_tutorial' build argument 'catkin_skip_building_tests' from command line to 'False'
[0.193s] DEBUG:colcon.colcon_core.verb:Building package 'smr_tutorial' with the following arguments: {'ament_cmake_args': None, 'build_base': '/home/vivit/Projects/smr_tutorial/build/smr_tutorial', 'catkin_cmake_args': None, 'catkin_skip_building_tests': False, 'cmake_args': None, 'cmake_clean_cache': False, 'cmake_clean_first': False, 'cmake_force_configure': False, 'cmake_target': None, 'cmake_target_skip_unavailable': False, 'install_base': '/home/vivit/Projects/smr_tutorial/install/smr_tutorial', 'merge_install': False, 'path': '/home/vivit/Projects/smr_tutorial/src/smr_tutorial', 'symlink_install': False, 'test_result_base': None}
[0.194s] INFO:colcon.colcon_core.executor:Executing jobs using 'parallel' executor
[0.195s] DEBUG:colcon.colcon_parallel_executor.executor.parallel:run_until_complete
[0.195s] INFO:colcon.colcon_ros.task.ament_cmake.build:Building ROS package in '/home/vivit/Projects/smr_tutorial/src/led_interface_cpp' with build type 'ament_cmake'
[0.195s] INFO:colcon.colcon_cmake.task.cmake.build:Building CMake package in '/home/vivit/Projects/smr_tutorial/src/led_interface_cpp'
[0.196s] INFO:colcon.colcon_core.plugin_system:Skipping extension 'colcon_core.shell.bat': Not used on non-Windows systems
[0.197s] INFO:colcon.colcon_core.shell:Skip shell extension 'powershell' for command environment: Not usable outside of PowerShell
[0.197s] DEBUG:colcon.colcon_core.shell:Skip shell extension 'dsv' for command environment
[0.199s] INFO:colcon.colcon_ros.task.ament_cmake.build:Building ROS package in '/home/vivit/Projects/smr_tutorial/src/robot_hardware_interface' with build type 'ament_cmake'
[0.199s] INFO:colcon.colcon_cmake.task.cmake.build:Building CMake package in '/home/vivit/Projects/smr_tutorial/src/robot_hardware_interface'
[0.199s] INFO:colcon.colcon_core.shell:Skip shell extension 'powershell' for command environment: Not usable outside of PowerShell
[0.199s] DEBUG:colcon.colcon_core.shell:Skip shell extension 'dsv' for command environment
[0.201s] INFO:colcon.colcon_ros.task.ament_python.build:Building ROS package in '/home/vivit/Projects/smr_tutorial/src/smr_tutorial' with build type 'ament_python'
[0.201s] Level 1:colcon.colcon_core.shell:create_environment_hook('smr_tutorial', 'ament_prefix_path')
[0.201s] INFO:colcon.colcon_core.shell:Creating environment hook '/home/vivit/Projects/smr_tutorial/install/smr_tutorial/share/smr_tutorial/hook/ament_prefix_path.ps1'
[0.202s] INFO:colcon.colcon_core.shell:Creating environment descriptor '/home/vivit/Projects/smr_tutorial/install/smr_tutorial/share/smr_tutorial/hook/ament_prefix_path.dsv'
[0.203s] INFO:colcon.colcon_core.shell:Creating environment hook '/home/vivit/Projects/smr_tutorial/install/smr_tutorial/share/smr_tutorial/hook/ament_prefix_path.sh'
[0.204s] INFO:colcon.colcon_core.shell:Skip shell extension 'powershell' for command environment: Not usable outside of PowerShell
[0.204s] DEBUG:colcon.colcon_core.shell:Skip shell extension 'dsv' for command environment
[0.213s] DEBUG:colcon.colcon_core.event_handler.log_command:Invoking command in '/home/vivit/Projects/smr_tutorial/build/led_interface_cpp': CMAKE_PREFIX_PATH=${CMAKE_PREFIX_PATH}:/home/vivit/Projects/smr_tutorial/install/smr_tutorial:/opt/ros/jazzy /usr/bin/cmake --build /home/vivit/Projects/smr_tutorial/build/led_interface_cpp -- -j12 -l12
[0.217s] DEBUG:colcon.colcon_core.event_handler.log_command:Invoking command in '/home/vivit/Projects/smr_tutorial/build/robot_hardware_interface': CMAKE_PREFIX_PATH=${CMAKE_PREFIX_PATH}:/home/vivit/Projects/smr_tutorial/install/smr_tutorial:/opt/ros/jazzy /usr/bin/cmake --build /home/vivit/Projects/smr_tutorial/build/robot_hardware_interface -- -j12 -l12
[0.371s] INFO:colcon.colcon_core.task.python.build:Building Python package in '/home/vivit/Projects/smr_tutorial/src/smr_tutorial'
[0.371s] INFO:colcon.colcon_core.shell:Skip shell extension 'powershell' for command environment: Not usable outside of PowerShell
[0.372s] DEBUG:colcon.colcon_core.shell:Skip shell extension 'dsv' for command environment
[0.375s] DEBUG:colcon.colcon_core.event_handler.log_command:Invoked command in '/home/vivit/Projects/smr_tutorial/build/robot_hardware_interface' returned '0': CMAKE_PREFIX_PATH=${CMAKE_PREFIX_PATH}:/home/vivit/Projects/smr_tutorial/install/smr_tutorial:/opt/ros/jazzy /usr/bin/cmake --build /home/vivit/Projects/smr_tutorial/build/robot_hardware_interface -- -j12 -l12
[0.381s] DEBUG:colcon.colcon_core.event_handler.log_command:Invoking command in '/home/vivit/Projects/smr_tutorial/build/robot_hardware_interface': CMAKE_PREFIX_PATH=${CMAKE_PREFIX_PATH}:/home/vivit/Projects/smr_tutorial/install/smr_tutorial:/opt/ros/jazzy /usr/bin/cmake --install /home/vivit/Projects/smr_tutorial/build/robot_hardware_interface
[0.388s] Level 1:colcon.colcon_core.environment:create_environment_scripts_only(robot_hardware_interface)
[0.389s] DEBUG:colcon.colcon_core.event_handler.log_command:Invoked command in '/home/vivit/Projects/smr_tutorial/build/robot_hardware_interface' returned '0': CMAKE_PREFIX_PATH=${CMAKE_PREFIX_PATH}:/home/vivit/Projects/smr_tutorial/install/smr_tutorial:/opt/ros/jazzy /usr/bin/cmake --install /home/vivit/Projects/smr_tutorial/build/robot_hardware_interface
[0.390s] Level 1:colcon.colcon_core.environment:checking '/home/vivit/Projects/smr_tutorial/install/robot_hardware_interface' for CMake module files
[0.391s] Level 1:colcon.colcon_core.environment:checking '/home/vivit/Projects/smr_tutorial/install/robot_hardware_interface' for CMake config files
[0.391s] Level 1:colcon.colcon_core.shell:create_environment_hook('robot_hardware_interface', 'cmake_prefix_path')
[0.391s] INFO:colcon.colcon_core.shell:Creating environment hook '/home/vivit/Projects/smr_tutorial/install/robot_hardware_interface/share/robot_hardware_interface/hook/cmake_prefix_path.ps1'
[0.392s] INFO:colcon.colcon_core.shell:Creating environment descriptor '/home/vivit/Projects/smr_tutorial/install/robot_hardware_interface/share/robot_hardware_interface/hook/cmake_prefix_path.dsv'
[0.392s] INFO:colcon.colcon_core.shell:Creating environment hook '/home/vivit/Projects/smr_tutorial/install/robot_hardware_interface/share/robot_hardware_interface/hook/cmake_prefix_path.sh'
[0.392s] Level 1:colcon.colcon_core.environment:checking '/home/vivit/Projects/smr_tutorial/install/robot_hardware_interface/lib'
[0.393s] Level 1:colcon.colcon_core.environment:checking '/home/vivit/Projects/smr_tutorial/install/robot_hardware_interface/bin'
[0.393s] Level 1:colcon.colcon_core.environment:checking '/home/vivit/Projects/smr_tutorial/install/robot_hardware_interface/lib/pkgconfig/robot_hardware_interface.pc'
[0.393s] Level 1:colcon.colcon_core.environment:checking '/home/vivit/Projects/smr_tutorial/install/robot_hardware_interface/lib/python3.12/site-packages'
[0.393s] Level 1:colcon.colcon_core.environment:checking '/home/vivit/Projects/smr_tutorial/install/robot_hardware_interface/bin'
[0.393s] INFO:colcon.colcon_core.shell:Creating package script '/home/vivit/Projects/smr_tutorial/install/robot_hardware_interface/share/robot_hardware_interface/package.ps1'
[0.394s] INFO:colcon.colcon_core.shell:Creating package descriptor '/home/vivit/Projects/smr_tutorial/install/robot_hardware_interface/share/robot_hardware_interface/package.dsv'
[0.394s] INFO:colcon.colcon_core.shell:Creating package script '/home/vivit/Projects/smr_tutorial/install/robot_hardware_interface/share/robot_hardware_interface/package.sh'
[0.395s] INFO:colcon.colcon_core.shell:Creating package script '/home/vivit/Projects/smr_tutorial/install/robot_hardware_interface/share/robot_hardware_interface/package.bash'
[0.395s] INFO:colcon.colcon_core.shell:Creating package script '/home/vivit/Projects/smr_tutorial/install/robot_hardware_interface/share/robot_hardware_interface/package.zsh'
[0.396s] Level 1:colcon.colcon_core.environment:create_file_with_runtime_dependencies(/home/vivit/Projects/smr_tutorial/install/robot_hardware_interface/share/colcon-core/packages/robot_hardware_interface)
[0.396s] Level 1:colcon.colcon_core.environment:create_environment_scripts_only(robot_hardware_interface)
[0.396s] Level 1:colcon.colcon_core.environment:checking '/home/vivit/Projects/smr_tutorial/install/robot_hardware_interface' for CMake module files
[0.397s] Level 1:colcon.colcon_core.environment:checking '/home/vivit/Projects/smr_tutorial/install/robot_hardware_interface' for CMake config files
[0.397s] Level 1:colcon.colcon_core.shell:create_environment_hook('robot_hardware_interface', 'cmake_prefix_path')
[0.397s] INFO:colcon.colcon_core.shell:Creating environment hook '/home/vivit/Projects/smr_tutorial/install/robot_hardware_interface/share/robot_hardware_interface/hook/cmake_prefix_path.ps1'
[0.397s] INFO:colcon.colcon_core.shell:Creating environment descriptor '/home/vivit/Projects/smr_tutorial/install/robot_hardware_interface/share/robot_hardware_interface/hook/cmake_prefix_path.dsv'
[0.398s] INFO:colcon.colcon_core.shell:Creating environment hook '/home/vivit/Projects/smr_tutorial/install/robot_hardware_interface/share/robot_hardware_interface/hook/cmake_prefix_path.sh'
[0.398s] Level 1:colcon.colcon_core.environment:checking '/home/vivit/Projects/smr_tutorial/install/robot_hardware_interface/lib'
[0.398s] Level 1:colcon.colcon_core.environment:checking '/home/vivit/Projects/smr_tutorial/install/robot_hardware_interface/bin'
[0.398s] Level 1:colcon.colcon_core.environment:checking '/home/vivit/Projects/smr_tutorial/install/robot_hardware_interface/lib/pkgconfig/robot_hardware_interface.pc'
[0.399s] Level 1:colcon.colcon_core.environment:checking '/home/vivit/Projects/smr_tutorial/install/robot_hardware_interface/lib/python3.12/site-packages'
[0.399s] Level 1:colcon.colcon_core.environment:checking '/home/vivit/Projects/smr_tutorial/install/robot_hardware_interface/bin'
[0.399s] INFO:colcon.colcon_core.shell:Creating package script '/home/vivit/Projects/smr_tutorial/install/robot_hardware_interface/share/robot_hardware_interface/package.ps1'
[0.399s] INFO:colcon.colcon_core.shell:Creating package descriptor '/home/vivit/Projects/smr_tutorial/install/robot_hardware_interface/share/robot_hardware_interface/package.dsv'
[0.400s] INFO:colcon.colcon_core.shell:Creating package script '/home/vivit/Projects/smr_tutorial/install/robot_hardware_interface/share/robot_hardware_interface/package.sh'
[0.400s] INFO:colcon.colcon_core.shell:Creating package script '/home/vivit/Projects/smr_tutorial/install/robot_hardware_interface/share/robot_hardware_interface/package.bash'
[0.400s] INFO:colcon.colcon_core.shell:Creating package script '/home/vivit/Projects/smr_tutorial/install/robot_hardware_interface/share/robot_hardware_interface/package.zsh'
[0.400s] Level 1:colcon.colcon_core.environment:create_file_with_runtime_dependencies(/home/vivit/Projects/smr_tutorial/install/robot_hardware_interface/share/colcon-core/packages/robot_hardware_interface)
[0.772s] DEBUG:colcon.colcon_core.event_handler.log_command:Invoking command in '/home/vivit/Projects/smr_tutorial/src/smr_tutorial': PYTHONPATH=/home/vivit/Projects/smr_tutorial/build/smr_tutorial/prefix_override:/usr/lib/python3/dist-packages/colcon_core/task/python/colcon_distutils_commands:/home/vivit/Projects/smr_tutorial/install/smr_tutorial/lib/python3.12/site-packages:${PYTHONPATH} /usr/bin/python3 -W ignore:setup.py install is deprecated -W ignore:easy_install command is deprecated setup.py egg_info --egg-base ../../build/smr_tutorial build --build-base /home/vivit/Projects/smr_tutorial/build/smr_tutorial/build install --record /home/vivit/Projects/smr_tutorial/build/smr_tutorial/install.log --single-version-externally-managed install_data
[1.137s] Level 1:colcon.colcon_core.environment:checking '/home/vivit/Projects/smr_tutorial/install/smr_tutorial' for CMake module files
[1.137s] DEBUG:colcon.colcon_core.event_handler.log_command:Invoked command in '/home/vivit/Projects/smr_tutorial/src/smr_tutorial' returned '0': PYTHONPATH=/home/vivit/Projects/smr_tutorial/build/smr_tutorial/prefix_override:/usr/lib/python3/dist-packages/colcon_core/task/python/colcon_distutils_commands:/home/vivit/Projects/smr_tutorial/install/smr_tutorial/lib/python3.12/site-packages:${PYTHONPATH} /usr/bin/python3 -W ignore:setup.py install is deprecated -W ignore:easy_install command is deprecated setup.py egg_info --egg-base ../../build/smr_tutorial build --build-base /home/vivit/Projects/smr_tutorial/build/smr_tutorial/build install --record /home/vivit/Projects/smr_tutorial/build/smr_tutorial/install.log --single-version-externally-managed install_data
[1.138s] Level 1:colcon.colcon_core.environment:checking '/home/vivit/Projects/smr_tutorial/install/smr_tutorial' for CMake config files
[1.138s] Level 1:colcon.colcon_core.environment:checking '/home/vivit/Projects/smr_tutorial/install/smr_tutorial/lib'
[1.138s] Level 1:colcon.colcon_core.environment:checking '/home/vivit/Projects/smr_tutorial/install/smr_tutorial/bin'
[1.138s] Level 1:colcon.colcon_core.environment:checking '/home/vivit/Projects/smr_tutorial/install/smr_tutorial/lib/pkgconfig/smr_tutorial.pc'
[1.138s] Level 1:colcon.colcon_core.environment:checking '/home/vivit/Projects/smr_tutorial/install/smr_tutorial/lib/python3.12/site-packages'
[1.139s] Level 1:colcon.colcon_core.shell:create_environment_hook('smr_tutorial', 'pythonpath')
[1.139s] INFO:colcon.colcon_core.shell:Creating environment hook '/home/vivit/Projects/smr_tutorial/install/smr_tutorial/share/smr_tutorial/hook/pythonpath.ps1'
[1.139s] INFO:colcon.colcon_core.shell:Creating environment descriptor '/home/vivit/Projects/smr_tutorial/install/smr_tutorial/share/smr_tutorial/hook/pythonpath.dsv'
[1.140s] INFO:colcon.colcon_core.shell:Creating environment hook '/home/vivit/Projects/smr_tutorial/install/smr_tutorial/share/smr_tutorial/hook/pythonpath.sh'
[1.140s] Level 1:colcon.colcon_core.environment:checking '/home/vivit/Projects/smr_tutorial/install/smr_tutorial/bin'
[1.140s] Level 1:colcon.colcon_core.environment:create_environment_scripts_only(smr_tutorial)
[1.141s] INFO:colcon.colcon_core.shell:Creating package script '/home/vivit/Projects/smr_tutorial/install/smr_tutorial/share/smr_tutorial/package.ps1'
[1.141s] INFO:colcon.colcon_core.shell:Creating package descriptor '/home/vivit/Projects/smr_tutorial/install/smr_tutorial/share/smr_tutorial/package.dsv'
[1.142s] INFO:colcon.colcon_core.shell:Creating package script '/home/vivit/Projects/smr_tutorial/install/smr_tutorial/share/smr_tutorial/package.sh'
[1.142s] INFO:colcon.colcon_core.shell:Creating package script '/home/vivit/Projects/smr_tutorial/install/smr_tutorial/share/smr_tutorial/package.bash'
[1.142s] INFO:colcon.colcon_core.shell:Creating package script '/home/vivit/Projects/smr_tutorial/install/smr_tutorial/share/smr_tutorial/package.zsh'
[1.143s] Level 1:colcon.colcon_core.environment:create_file_with_runtime_dependencies(/home/vivit/Projects/smr_tutorial/install/smr_tutorial/share/colcon-core/packages/smr_tutorial)
[3.530s] Level 1:colcon.colcon_core.environment:create_environment_scripts_only(led_interface_cpp)
[3.530s] DEBUG:colcon.colcon_core.event_handler.log_command:Invoked command in '/home/vivit/Projects/smr_tutorial/build/led_interface_cpp' returned '2': CMAKE_PREFIX_PATH=${CMAKE_PREFIX_PATH}:/home/vivit/Projects/smr_tutorial/install/smr_tutorial:/opt/ros/jazzy /usr/bin/cmake --build /home/vivit/Projects/smr_tutorial/build/led_interface_cpp -- -j12 -l12
[3.530s] Level 1:colcon.colcon_core.environment:checking '/home/vivit/Projects/smr_tutorial/install/led_interface_cpp' for CMake module files
[3.530s] Level 1:colcon.colcon_core.environment:checking '/home/vivit/Projects/smr_tutorial/install/led_interface_cpp' for CMake config files
[3.531s] Level 1:colcon.colcon_core.environment:checking '/home/vivit/Projects/smr_tutorial/install/led_interface_cpp/bin'
[3.531s] Level 1:colcon.colcon_core.environment:checking '/home/vivit/Projects/smr_tutorial/install/led_interface_cpp/lib/pkgconfig/led_interface_cpp.pc'
[3.531s] Level 1:colcon.colcon_core.environment:checking '/home/vivit/Projects/smr_tutorial/install/led_interface_cpp/lib/python3.12/site-packages'
[3.531s] Level 1:colcon.colcon_core.environment:checking '/home/vivit/Projects/smr_tutorial/install/led_interface_cpp/bin'
[3.531s] INFO:colcon.colcon_core.shell:Creating package script '/home/vivit/Projects/smr_tutorial/install/led_interface_cpp/share/led_interface_cpp/package.ps1'
[3.532s] INFO:colcon.colcon_core.shell:Creating package descriptor '/home/vivit/Projects/smr_tutorial/install/led_interface_cpp/share/led_interface_cpp/package.dsv'
[3.532s] INFO:colcon.colcon_core.shell:Creating package script '/home/vivit/Projects/smr_tutorial/install/led_interface_cpp/share/led_interface_cpp/package.sh'
[3.532s] INFO:colcon.colcon_core.shell:Creating package script '/home/vivit/Projects/smr_tutorial/install/led_interface_cpp/share/led_interface_cpp/package.bash'
[3.533s] INFO:colcon.colcon_core.shell:Creating package script '/home/vivit/Projects/smr_tutorial/install/led_interface_cpp/share/led_interface_cpp/package.zsh'
[3.533s] Level 1:colcon.colcon_core.environment:create_file_with_runtime_dependencies(/home/vivit/Projects/smr_tutorial/install/led_interface_cpp/share/colcon-core/packages/led_interface_cpp)
[3.543s] DEBUG:colcon.colcon_parallel_executor.executor.parallel:closing loop
[3.543s] DEBUG:colcon.colcon_parallel_executor.executor.parallel:loop closed
[3.544s] DEBUG:colcon.colcon_parallel_executor.executor.parallel:run_until_complete finished with '2'
[3.544s] DEBUG:colcon.colcon_core.event_reactor:joining thread
[3.566s] INFO:colcon.colcon_core.plugin_system:Skipping extension 'colcon_notification.desktop_notification.notify_send': Could not find 'notify-send'
[3.566s] INFO:colcon.colcon_core.plugin_system:Skipping extension 'colcon_notification.desktop_notification.terminal_notifier': Not used on non-Darwin systems
[3.566s] INFO:colcon.colcon_core.plugin_system:Skipping extension 'colcon_notification.desktop_notification.win32': Not used on non-Windows systems
[3.566s] INFO:colcon.colcon_notification.desktop_notification:Sending desktop notification using 'notify2'
[3.567s] DEBUG:colcon.colcon_notification.desktop_notification.notify2:Failed to initialize notify2: org.freedesktop.DBus.Error.ServiceUnknown: The name org.freedesktop.Notifications was not provided by any .service files
[3.567s] DEBUG:colcon.colcon_core.event_reactor:joined thread
[3.567s] INFO:colcon.colcon_core.shell:Creating prefix script '/home/vivit/Projects/smr_tutorial/install/local_setup.ps1'
[3.568s] INFO:colcon.colcon_core.shell:Creating prefix util module '/home/vivit/Projects/smr_tutorial/install/_local_setup_util_ps1.py'
[3.568s] INFO:colcon.colcon_core.shell:Creating prefix chain script '/home/vivit/Projects/smr_tutorial/install/setup.ps1'
[3.569s] INFO:colcon.colcon_core.shell:Creating prefix script '/home/vivit/Projects/smr_tutorial/install/local_setup.sh'
[3.569s] INFO:colcon.colcon_core.shell:Creating prefix util module '/home/vivit/Projects/smr_tutorial/install/_local_setup_util_sh.py'
[3.570s] INFO:colcon.colcon_core.shell:Creating prefix chain script '/home/vivit/Projects/smr_tutorial/install/setup.sh'
[3.570s] INFO:colcon.colcon_core.shell:Creating prefix script '/home/vivit/Projects/smr_tutorial/install/local_setup.bash'
[3.571s] INFO:colcon.colcon_core.shell:Creating prefix chain script '/home/vivit/Projects/smr_tutorial/install/setup.bash'
[3.571s] INFO:colcon.colcon_core.shell:Creating prefix script '/home/vivit/Projects/smr_tutorial/install/local_setup.zsh'
[3.572s] INFO:colcon.colcon_core.shell:Creating prefix chain script '/home/vivit/Projects/smr_tutorial/install/setup.zsh'
