/home/vivit/Projects/smr_tutorial/install/smr_tutorial/lib/python3.12/site-packages/smr_tutorial/example3.py
/home/vivit/Projects/smr_tutorial/install/smr_tutorial/lib/python3.12/site-packages/smr_tutorial/__init__.py
/home/vivit/Projects/smr_tutorial/install/smr_tutorial/lib/python3.12/site-packages/smr_tutorial/example2.py
/home/vivit/Projects/smr_tutorial/install/smr_tutorial/lib/python3.12/site-packages/smr_tutorial/example1.py
/home/vivit/Projects/smr_tutorial/install/smr_tutorial/lib/python3.12/site-packages/smr_tutorial/example4.py
/home/vivit/Projects/smr_tutorial/install/smr_tutorial/lib/python3.12/site-packages/smr_tutorial/__pycache__/example3.cpython-312.pyc
/home/vivit/Projects/smr_tutorial/install/smr_tutorial/lib/python3.12/site-packages/smr_tutorial/__pycache__/__init__.cpython-312.pyc
/home/vivit/Projects/smr_tutorial/install/smr_tutorial/lib/python3.12/site-packages/smr_tutorial/__pycache__/example2.cpython-312.pyc
/home/vivit/Projects/smr_tutorial/install/smr_tutorial/lib/python3.12/site-packages/smr_tutorial/__pycache__/example1.cpython-312.pyc
/home/vivit/Projects/smr_tutorial/install/smr_tutorial/lib/python3.12/site-packages/smr_tutorial/__pycache__/example4.cpython-312.pyc
/home/vivit/Projects/smr_tutorial/install/smr_tutorial/share/ament_index/resource_index/packages/smr_tutorial
/home/vivit/Projects/smr_tutorial/install/smr_tutorial/share/smr_tutorial/package.xml
/home/vivit/Projects/smr_tutorial/install/smr_tutorial/lib/python3.12/site-packages/smr_tutorial-0.0.0-py3.12.egg-info/zip-safe
/home/vivit/Projects/smr_tutorial/install/smr_tutorial/lib/python3.12/site-packages/smr_tutorial-0.0.0-py3.12.egg-info/top_level.txt
/home/vivit/Projects/smr_tutorial/install/smr_tutorial/lib/python3.12/site-packages/smr_tutorial-0.0.0-py3.12.egg-info/PKG-INFO
/home/vivit/Projects/smr_tutorial/install/smr_tutorial/lib/python3.12/site-packages/smr_tutorial-0.0.0-py3.12.egg-info/SOURCES.txt
/home/vivit/Projects/smr_tutorial/install/smr_tutorial/lib/python3.12/site-packages/smr_tutorial-0.0.0-py3.12.egg-info/requires.txt
/home/vivit/Projects/smr_tutorial/install/smr_tutorial/lib/python3.12/site-packages/smr_tutorial-0.0.0-py3.12.egg-info/dependency_links.txt
/home/vivit/Projects/smr_tutorial/install/smr_tutorial/lib/python3.12/site-packages/smr_tutorial-0.0.0-py3.12.egg-info/entry_points.txt
/home/vivit/Projects/smr_tutorial/install/smr_tutorial/lib/smr_tutorial/example1
/home/vivit/Projects/smr_tutorial/install/smr_tutorial/lib/smr_tutorial/example2
/home/vivit/Projects/smr_tutorial/install/smr_tutorial/lib/smr_tutorial/example3
/home/vivit/Projects/smr_tutorial/install/smr_tutorial/lib/smr_tutorial/example4
