[0.021s] Invoking command in '/home/vivit/Projects/smr_tutorial/build/led_interface_cpp': CMAKE_PREFIX_PATH=${CMAKE_PREFIX_PATH}:/home/vivit/Projects/smr_tutorial/install/smr_tutorial:/opt/ros/jazzy /usr/bin/cmake --build /home/vivit/Projects/smr_tutorial/build/led_interface_cpp -- -j12 -l12
[0.116s] [ 50%] [32mBuilding CXX object CMakeFiles/led_interface.dir/src/led_interface.cpp.o[0m
[6.165s] [100%] [32m[1mLinking CXX executable led_interface[0m
[6.408s] [100%] Built target led_interface
[6.415s] Invoked command in '/home/vivit/Projects/smr_tutorial/build/led_interface_cpp' returned '0': CMAKE_PREFIX_PATH=${CMAKE_PREFIX_PATH}:/home/vivit/Projects/smr_tutorial/install/smr_tutorial:/opt/ros/jazzy /usr/bin/cmake --build /home/vivit/Projects/smr_tutorial/build/led_interface_cpp -- -j12 -l12
[6.417s] Invoking command in '/home/vivit/Projects/smr_tutorial/build/led_interface_cpp': CMAKE_PREFIX_PATH=${CMAKE_PREFIX_PATH}:/home/vivit/Projects/smr_tutorial/install/smr_tutorial:/opt/ros/jazzy /usr/bin/cmake --install /home/vivit/Projects/smr_tutorial/build/led_interface_cpp
[6.423s] -- Install configuration: ""
[6.423s] -- Installing: /home/vivit/Projects/smr_tutorial/install/led_interface_cpp/lib/led_interface_cpp/led_interface
[6.427s] -- Set non-toolchain portion of runtime path of "/home/vivit/Projects/smr_tutorial/install/led_interface_cpp/lib/led_interface_cpp/led_interface" to ""
[6.427s] -- Up-to-date: /home/vivit/Projects/smr_tutorial/install/led_interface_cpp/share/ament_index/resource_index/package_run_dependencies/led_interface_cpp
[6.427s] -- Up-to-date: /home/vivit/Projects/smr_tutorial/install/led_interface_cpp/share/ament_index/resource_index/parent_prefix_path/led_interface_cpp
[6.427s] -- Up-to-date: /home/vivit/Projects/smr_tutorial/install/led_interface_cpp/share/led_interface_cpp/environment/ament_prefix_path.sh
[6.427s] -- Up-to-date: /home/vivit/Projects/smr_tutorial/install/led_interface_cpp/share/led_interface_cpp/environment/ament_prefix_path.dsv
[6.427s] -- Up-to-date: /home/vivit/Projects/smr_tutorial/install/led_interface_cpp/share/led_interface_cpp/environment/path.sh
[6.427s] -- Up-to-date: /home/vivit/Projects/smr_tutorial/install/led_interface_cpp/share/led_interface_cpp/environment/path.dsv
[6.427s] -- Up-to-date: /home/vivit/Projects/smr_tutorial/install/led_interface_cpp/share/led_interface_cpp/local_setup.bash
[6.427s] -- Up-to-date: /home/vivit/Projects/smr_tutorial/install/led_interface_cpp/share/led_interface_cpp/local_setup.sh
[6.427s] -- Up-to-date: /home/vivit/Projects/smr_tutorial/install/led_interface_cpp/share/led_interface_cpp/local_setup.zsh
[6.428s] -- Up-to-date: /home/vivit/Projects/smr_tutorial/install/led_interface_cpp/share/led_interface_cpp/local_setup.dsv
[6.428s] -- Installing: /home/vivit/Projects/smr_tutorial/install/led_interface_cpp/share/led_interface_cpp/package.dsv
[6.428s] -- Up-to-date: /home/vivit/Projects/smr_tutorial/install/led_interface_cpp/share/ament_index/resource_index/packages/led_interface_cpp
[6.428s] -- Up-to-date: /home/vivit/Projects/smr_tutorial/install/led_interface_cpp/share/led_interface_cpp/cmake/led_interface_cppConfig.cmake
[6.428s] -- Up-to-date: /home/vivit/Projects/smr_tutorial/install/led_interface_cpp/share/led_interface_cpp/cmake/led_interface_cppConfig-version.cmake
[6.428s] -- Up-to-date: /home/vivit/Projects/smr_tutorial/install/led_interface_cpp/share/led_interface_cpp/package.xml
[6.430s] Invoked command in '/home/vivit/Projects/smr_tutorial/build/led_interface_cpp' returned '0': CMAKE_PREFIX_PATH=${CMAKE_PREFIX_PATH}:/home/vivit/Projects/smr_tutorial/install/smr_tutorial:/opt/ros/jazzy /usr/bin/cmake --install /home/vivit/Projects/smr_tutorial/build/led_interface_cpp
