[0.020s] Invoking command in '/home/vivit/Projects/smr_tutorial/build/robot_hardware_interface': CMAKE_PREFIX_PATH=${CMAKE_PREFIX_PATH}:/home/vivit/Projects/smr_tutorial/install/smr_tutorial:/opt/ros/jazzy /usr/bin/cmake --build /home/vivit/Projects/smr_tutorial/build/robot_hardware_interface -- -j12 -l12
[0.106s] [100%] Built target robot_hardware
[0.180s] Invoked command in '/home/vivit/Projects/smr_tutorial/build/robot_hardware_interface' returned '0': CMAKE_PREFIX_PATH=${CMAKE_PREFIX_PATH}:/home/vivit/Projects/smr_tutorial/install/smr_tutorial:/opt/ros/jazzy /usr/bin/cmake --build /home/vivit/Projects/smr_tutorial/build/robot_hardware_interface -- -j12 -l12
[0.187s] Invoking command in '/home/vivit/Projects/smr_tutorial/build/robot_hardware_interface': CMAKE_PREFIX_PATH=${CMAKE_PREFIX_PATH}:/home/vivit/Projects/smr_tutorial/install/smr_tutorial:/opt/ros/jazzy /usr/bin/cmake --install /home/vivit/Projects/smr_tutorial/build/robot_hardware_interface
[0.192s] -- Install configuration: ""
[0.194s] -- Up-to-date: /home/vivit/Projects/smr_tutorial/install/robot_hardware_interface/lib/robot_hardware_interface/robot_hardware
[0.195s] -- Up-to-date: /home/vivit/Projects/smr_tutorial/install/robot_hardware_interface/share/ament_index/resource_index/package_run_dependencies/robot_hardware_interface
[0.195s] -- Up-to-date: /home/vivit/Projects/smr_tutorial/install/robot_hardware_interface/share/ament_index/resource_index/parent_prefix_path/robot_hardware_interface
[0.195s] -- Up-to-date: /home/vivit/Projects/smr_tutorial/install/robot_hardware_interface/share/robot_hardware_interface/environment/ament_prefix_path.sh
[0.195s] -- Up-to-date: /home/vivit/Projects/smr_tutorial/install/robot_hardware_interface/share/robot_hardware_interface/environment/ament_prefix_path.dsv
[0.195s] -- Up-to-date: /home/vivit/Projects/smr_tutorial/install/robot_hardware_interface/share/robot_hardware_interface/environment/path.sh
[0.195s] -- Up-to-date: /home/vivit/Projects/smr_tutorial/install/robot_hardware_interface/share/robot_hardware_interface/environment/path.dsv
[0.195s] -- Up-to-date: /home/vivit/Projects/smr_tutorial/install/robot_hardware_interface/share/robot_hardware_interface/local_setup.bash
[0.195s] -- Up-to-date: /home/vivit/Projects/smr_tutorial/install/robot_hardware_interface/share/robot_hardware_interface/local_setup.sh
[0.195s] -- Up-to-date: /home/vivit/Projects/smr_tutorial/install/robot_hardware_interface/share/robot_hardware_interface/local_setup.zsh
[0.195s] -- Up-to-date: /home/vivit/Projects/smr_tutorial/install/robot_hardware_interface/share/robot_hardware_interface/local_setup.dsv
[0.196s] -- Installing: /home/vivit/Projects/smr_tutorial/install/robot_hardware_interface/share/robot_hardware_interface/package.dsv
[0.196s] -- Up-to-date: /home/vivit/Projects/smr_tutorial/install/robot_hardware_interface/share/ament_index/resource_index/packages/robot_hardware_interface
[0.196s] -- Up-to-date: /home/vivit/Projects/smr_tutorial/install/robot_hardware_interface/share/robot_hardware_interface/cmake/robot_hardware_interfaceConfig.cmake
[0.196s] -- Up-to-date: /home/vivit/Projects/smr_tutorial/install/robot_hardware_interface/share/robot_hardware_interface/cmake/robot_hardware_interfaceConfig-version.cmake
[0.196s] -- Up-to-date: /home/vivit/Projects/smr_tutorial/install/robot_hardware_interface/share/robot_hardware_interface/package.xml
[0.197s] Invoked command in '/home/vivit/Projects/smr_tutorial/build/robot_hardware_interface' returned '0': CMAKE_PREFIX_PATH=${CMAKE_PREFIX_PATH}:/home/vivit/Projects/smr_tutorial/install/smr_tutorial:/opt/ros/jazzy /usr/bin/cmake --install /home/vivit/Projects/smr_tutorial/build/robot_hardware_interface
