[0.569s] Invoking command in '/home/vivit/Projects/smr_tutorial/src/smr_tutorial': PYTHONPATH=/home/vivit/Projects/smr_tutorial/build/smr_tutorial/prefix_override:/usr/lib/python3/dist-packages/colcon_core/task/python/colcon_distutils_commands:/home/vivit/Projects/smr_tutorial/install/smr_tutorial/lib/python3.12/site-packages:${PYTHONPATH} /usr/bin/python3 -W ignore:setup.py install is deprecated -W ignore:easy_install command is deprecated setup.py egg_info --egg-base ../../build/smr_tutorial build --build-base /home/vivit/Projects/smr_tutorial/build/smr_tutorial/build install --record /home/vivit/Projects/smr_tutorial/build/smr_tutorial/install.log --single-version-externally-managed install_data
[0.749s] running egg_info
[0.761s] writing ../../build/smr_tutorial/smr_tutorial.egg-info/PKG-INFO
[0.761s] writing dependency_links to ../../build/smr_tutorial/smr_tutorial.egg-info/dependency_links.txt
[0.761s] writing entry points to ../../build/smr_tutorial/smr_tutorial.egg-info/entry_points.txt
[0.761s] writing requirements to ../../build/smr_tutorial/smr_tutorial.egg-info/requires.txt
[0.761s] writing top-level names to ../../build/smr_tutorial/smr_tutorial.egg-info/top_level.txt
[0.786s] reading manifest file '../../build/smr_tutorial/smr_tutorial.egg-info/SOURCES.txt'
[0.786s] writing manifest file '../../build/smr_tutorial/smr_tutorial.egg-info/SOURCES.txt'
[0.786s] running build
[0.787s] running build_py
[0.787s] running install
[0.792s] running install_lib
[0.803s] running install_data
[0.803s] running install_egg_info
[0.816s] removing '/home/vivit/Projects/smr_tutorial/install/smr_tutorial/lib/python3.12/site-packages/smr_tutorial-0.0.0-py3.12.egg-info' (and everything under it)
[0.816s] Copying ../../build/smr_tutorial/smr_tutorial.egg-info to /home/vivit/Projects/smr_tutorial/install/smr_tutorial/lib/python3.12/site-packages/smr_tutorial-0.0.0-py3.12.egg-info
[0.817s] running install_scripts
[0.901s] Installing example1 script to /home/vivit/Projects/smr_tutorial/install/smr_tutorial/lib/smr_tutorial
[0.901s] Installing example2 script to /home/vivit/Projects/smr_tutorial/install/smr_tutorial/lib/smr_tutorial
[0.901s] Installing example3 script to /home/vivit/Projects/smr_tutorial/install/smr_tutorial/lib/smr_tutorial
[0.902s] Installing example4 script to /home/vivit/Projects/smr_tutorial/install/smr_tutorial/lib/smr_tutorial
[0.902s] writing list of installed files to '/home/vivit/Projects/smr_tutorial/build/smr_tutorial/install.log'
[0.928s] Invoked command in '/home/vivit/Projects/smr_tutorial/src/smr_tutorial' returned '0': PYTHONPATH=/home/vivit/Projects/smr_tutorial/build/smr_tutorial/prefix_override:/usr/lib/python3/dist-packages/colcon_core/task/python/colcon_distutils_commands:/home/vivit/Projects/smr_tutorial/install/smr_tutorial/lib/python3.12/site-packages:${PYTHONPATH} /usr/bin/python3 -W ignore:setup.py install is deprecated -W ignore:easy_install command is deprecated setup.py egg_info --egg-base ../../build/smr_tutorial build --build-base /home/vivit/Projects/smr_tutorial/build/smr_tutorial/build install --record /home/vivit/Projects/smr_tutorial/build/smr_tutorial/install.log --single-version-externally-managed install_data
