[0.013s] Invoking command in '/home/vivit/Projects/smr_tutorial/build/robot_hardware_interface': CMAKE_PREFIX_PATH=${CMAKE_PREFIX_PATH}:/home/vivit/Projects/smr_tutorial/install/smr_tutorial:/opt/ros/jazzy /usr/bin/cmake --build /home/vivit/Projects/smr_tutorial/build/robot_hardware_interface -- -j12 -l12
[0.050s] [100%] Built target robot_hardware
[0.170s] Invoked command in '/home/vivit/Projects/smr_tutorial/build/robot_hardware_interface' returned '0': CMAKE_PREFIX_PATH=${CMAKE_PREFIX_PATH}:/home/vivit/Projects/smr_tutorial/install/smr_tutorial:/opt/ros/jazzy /usr/bin/cmake --build /home/vivit/Projects/smr_tutorial/build/robot_hardware_interface -- -j12 -l12
[0.176s] Invoking command in '/home/vivit/Projects/smr_tutorial/build/robot_hardware_interface': CMAKE_PREFIX_PATH=${CMAKE_PREFIX_PATH}:/home/vivit/Projects/smr_tutorial/install/smr_tutorial:/opt/ros/jazzy /usr/bin/cmake --install /home/vivit/Projects/smr_tutorial/build/robot_hardware_interface
[0.180s] -- Install configuration: ""
[0.180s] -- Up-to-date: /home/vivit/Projects/smr_tutorial/install/robot_hardware_interface/lib/robot_hardware_interface/robot_hardware
[0.181s] -- Up-to-date: /home/vivit/Projects/smr_tutorial/install/robot_hardware_interface/share/ament_index/resource_index/package_run_dependencies/robot_hardware_interface
[0.181s] -- Up-to-date: /home/vivit/Projects/smr_tutorial/install/robot_hardware_interface/share/ament_index/resource_index/parent_prefix_path/robot_hardware_interface
[0.181s] -- Up-to-date: /home/vivit/Projects/smr_tutorial/install/robot_hardware_interface/share/robot_hardware_interface/environment/ament_prefix_path.sh
[0.181s] -- Up-to-date: /home/vivit/Projects/smr_tutorial/install/robot_hardware_interface/share/robot_hardware_interface/environment/ament_prefix_path.dsv
[0.181s] -- Up-to-date: /home/vivit/Projects/smr_tutorial/install/robot_hardware_interface/share/robot_hardware_interface/environment/path.sh
[0.181s] -- Up-to-date: /home/vivit/Projects/smr_tutorial/install/robot_hardware_interface/share/robot_hardware_interface/environment/path.dsv
[0.182s] -- Up-to-date: /home/vivit/Projects/smr_tutorial/install/robot_hardware_interface/share/robot_hardware_interface/local_setup.bash
[0.182s] -- Up-to-date: /home/vivit/Projects/smr_tutorial/install/robot_hardware_interface/share/robot_hardware_interface/local_setup.sh
[0.182s] -- Up-to-date: /home/vivit/Projects/smr_tutorial/install/robot_hardware_interface/share/robot_hardware_interface/local_setup.zsh
[0.182s] -- Up-to-date: /home/vivit/Projects/smr_tutorial/install/robot_hardware_interface/share/robot_hardware_interface/local_setup.dsv
[0.182s] -- Installing: /home/vivit/Projects/smr_tutorial/install/robot_hardware_interface/share/robot_hardware_interface/package.dsv
[0.183s] -- Up-to-date: /home/vivit/Projects/smr_tutorial/install/robot_hardware_interface/share/ament_index/resource_index/packages/robot_hardware_interface
[0.184s] -- Up-to-date: /home/vivit/Projects/smr_tutorial/install/robot_hardware_interface/share/robot_hardware_interface/cmake/robot_hardware_interfaceConfig.cmake
[0.184s] -- Up-to-date: /home/vivit/Projects/smr_tutorial/install/robot_hardware_interface/share/robot_hardware_interface/cmake/robot_hardware_interfaceConfig-version.cmake
[0.185s] -- Up-to-date: /home/vivit/Projects/smr_tutorial/install/robot_hardware_interface/share/robot_hardware_interface/package.xml
[0.185s] Invoked command in '/home/vivit/Projects/smr_tutorial/build/robot_hardware_interface' returned '0': CMAKE_PREFIX_PATH=${CMAKE_PREFIX_PATH}:/home/vivit/Projects/smr_tutorial/install/smr_tutorial:/opt/ros/jazzy /usr/bin/cmake --install /home/vivit/Projects/smr_tutorial/build/robot_hardware_interface
